#
# There is insufficient memory for the Java Runtime Environment to continue.
# Native memory allocation (malloc) failed to allocate 44040192 bytes for committing reserved memory.
# Possible reasons:
#   The system is out of physical RAM or swap space
#   In 32 bit mode, the process size limit was hit
# Possible solutions:
#   Reduce memory load on the system
#   Increase physical memory or swap space
#   Check if swap backing store is full
#   Use 64 bit Java on a 64 bit OS
#   Decrease Java heap size (-Xmx/-Xms)
#   Decrease number of Java threads
#   Decrease Java thread stack sizes (-Xss)
#   Set larger code cache with -XX:ReservedCodeCacheSize=
# This output file may be truncated or incomplete.
#
#  Out of Memory Error (os_linux.cpp:2827), pid=29203, tid=1851472704
#
# JRE version: OpenJDK Runtime Environment (7.0_111-b01) (build 1.7.0_111-b01)
# Java VM: OpenJDK Server VM (24.111-b01 mixed mode linux-x86 )
# Derivative: IcedTea 2.6.7
# Distribution: Ubuntu 14.04 LTS, package 7u111-2.6.7-0ubuntu0.14.04.3
# Core dump written. Default location: /home/salas/Tic-Tac-Toe/client/core or core.29203
#

---------------  T H R E A D  ---------------

Current thread (0x6e648800):  VMThread [stack: 0x6e533000,0x6e5b4000] [id=29208]

Stack: [0x6e533000,0x6e5b4000]
VM_Operation (0x7014fac8): ParallelGCFailedAllocation, mode: safepoint, requested by thread 0x6fb65400


---------------  P R O C E S S  ---------------

Java Threads: ( => current thread )
  0x6fb65400 JavaThread "Thread-0" [_thread_blocked, id=29238, stack(0x70100000,0x70151000)]
  0x41307800 JavaThread "DestroyJavaVM" [_thread_blocked, id=29204, stack(0x41288000,0x412d9000)]
  0x6f725400 JavaThread "AWT-EventQueue-0" [_thread_blocked, id=29219, stack(0x6f800000,0x6f851000)]
  0x6eeef800 JavaThread "AWT-Shutdown" [_thread_blocked, id=29218, stack(0x6f6a6000,0x6f6f7000)]
  0x6eecd400 JavaThread "AWT-XAWT" daemon [_thread_in_native, id=29217, stack(0x6f655000,0x6f6a6000)]
  0x6eeb7400 JavaThread "Java2D Disposer" daemon [_thread_blocked, id=29216, stack(0x6f5dd000,0x6f62e000)]
  0x6e664000 JavaThread "Service Thread" daemon [_thread_blocked, id=29214, stack(0x6ed26000,0x6ed77000)]
  0x6e662400 JavaThread "C2 CompilerThread1" daemon [_thread_blocked, id=29213, stack(0x6eca5000,0x6ed26000)]
  0x6e660000 JavaThread "C2 CompilerThread0" daemon [_thread_blocked, id=29212, stack(0x6ec24000,0x6eca5000)]
  0x6e65e800 JavaThread "Signal Dispatcher" daemon [_thread_blocked, id=29211, stack(0x6ebd3000,0x6ec24000)]
  0x6e64cc00 JavaThread "Finalizer" daemon [_thread_blocked, id=29210, stack(0x6e851000,0x6e8a2000)]
  0x6e64b000 JavaThread "Reference Handler" daemon [_thread_blocked, id=29209, stack(0x6e800000,0x6e851000)]

Other Threads:
=>0x6e648800 VMThread [stack: 0x6e533000,0x6e5b4000] [id=29208]
  0x6e665c00 WatcherThread [stack: 0x6ed77000,0x6edf8000] [id=29215]

VM state:at safepoint (normal execution)

VM Mutex/Monitor currently owned by a thread:  ([mutex/lock_event])
[0x41304e58] Threads_lock - owner thread: 0x6e648800
[0x41305268] Heap_lock - owner thread: 0x6fb65400

Heap
 PSYoungGen      total 69888K, used 4601K [0x61a80000, 0x66380000, 0x6c540000)
  eden space 65280K, 0% used [0x61a80000,0x61a80000,0x65a40000)
  from space 4608K, 99% used [0x65a40000,0x65ebe460,0x65ec0000)
  to   space 4352K, 0% used [0x65ec0000,0x65ec0000,0x66300000)
 ParOldGen       total 21504K, used 12557K [0x4c540000, 0x4da40000, 0x61a80000)
  object space 21504K, 58% used [0x4c540000,0x4d1836c0,0x4da40000)
 PSPermGen       total 16384K, used 12012K [0x44540000, 0x45540000, 0x4c540000)
  object space 16384K, 73% used [0x44540000,0x450fb120,0x45540000)

Card table byte_map: [0x6c540000,0x6c681000] byte_map_base: 0x6c31d600

Polling page: 0x400ca000

Code Cache  [0x41463000, 0x416a3000, 0x44463000)
 total_blobs=616 nmethods=382 adapters=187 free_code_cache=48061Kb largest_free_block=49196160

Compilation events (10 events):
Event: 90,282 Thread 0x6e660000  392             java.net.URLClassLoader$2::run (5 bytes)
Event: 90,283 Thread 0x6e662400  393             java.net.URLClassLoader$2::run (16 bytes)
Event: 90,284 Thread 0x6e660000 nmethod 392 0x41568108 code [0x41568220, 0x41568350]
Event: 90,286 Thread 0x6e662400 nmethod 393 0x41567d08 code [0x41567e20, 0x41567f50]
Event: 92,303 Thread 0x6e660000  394             org.apache.axis.message.NodeImpl::initializeChildren (19 bytes)
Event: 92,304 Thread 0x6e660000 nmethod 394 0x41574748 code [0x41574840, 0x41574910]
Event: 93,305 Thread 0x6e662400  395  s          org.apache.axis.utils.LockableHashtable::put (8 bytes)
Event: 93,307 Thread 0x6e662400 nmethod 395 0x41575708 code [0x41575820, 0x41575a5c]
Event: 93,309 Thread 0x6e662400  396             org.apache.axis.message.SAX2EventRecorder::getLength (8 bytes)
Event: 93,310 Thread 0x6e662400 nmethod 396 0x415769c8 code [0x41576ac0, 0x41576b50]

GC Heap History (10 events):
Event: 7,036 GC heap after
Heap after GC invocations=4 (full 0):
 PSYoungGen      total 17664K, used 1265K [0x61a80000, 0x62d00000, 0x6c540000)
  eden space 16384K, 0% used [0x61a80000,0x61a80000,0x62a80000)
  from space 1280K, 98% used [0x62bc0000,0x62cfc478,0x62d00000)
  to   space 1280K, 0% used [0x62a80000,0x62a80000,0x62bc0000)
 ParOldGen       total 21504K, used 5414K [0x4c540000, 0x4da40000, 0x61a80000)
  object space 21504K, 25% used [0x4c540000,0x4ca89868,0x4da40000)
 PSPermGen       total 16384K, used 11639K [0x44540000, 0x45540000, 0x4c540000)
  object space 16384K, 71% used [0x44540000,0x4509dd88,0x45540000)
}
Event: 7,436 GC heap before
{Heap before GC invocations=5 (full 0):
 PSYoungGen      total 17664K, used 17649K [0x61a80000, 0x62d00000, 0x6c540000)
  eden space 16384K, 100% used [0x61a80000,0x62a80000,0x62a80000)
  from space 1280K, 98% used [0x62bc0000,0x62cfc478,0x62d00000)
  to   space 1280K, 0% used [0x62a80000,0x62a80000,0x62bc0000)
 ParOldGen       total 21504K, used 5414K [0x4c540000, 0x4da40000, 0x61a80000)
  object space 21504K, 25% used [0x4c540000,0x4ca89868,0x4da40000)
 PSPermGen       total 16384K, used 11682K [0x44540000, 0x45540000, 0x4c540000)
  object space 16384K, 71% used [0x44540000,0x450a8840,0x45540000)
Event: 7,443 GC heap after
Heap after GC invocations=5 (full 0):
 PSYoungGen      total 17664K, used 1271K [0x61a80000, 0x64200000, 0x6c540000)
  eden space 16384K, 0% used [0x61a80000,0x61a80000,0x62a80000)
  from space 1280K, 99% used [0x62a80000,0x62bbdcd0,0x62bc0000)
  to   space 3840K, 0% used [0x63e40000,0x63e40000,0x64200000)
 ParOldGen       total 21504K, used 7263K [0x4c540000, 0x4da40000, 0x61a80000)
  object space 21504K, 33% used [0x4c540000,0x4cc57c58,0x4da40000)
 PSPermGen       total 16384K, used 11682K [0x44540000, 0x45540000, 0x4c540000)
  object space 16384K, 71% used [0x44540000,0x450a8840,0x45540000)
}
Event: 7,787 GC heap before
{Heap before GC invocations=6 (full 0):
 PSYoungGen      total 17664K, used 17655K [0x61a80000, 0x64200000, 0x6c540000)
  eden space 16384K, 100% used [0x61a80000,0x62a80000,0x62a80000)
  from space 1280K, 99% used [0x62a80000,0x62bbdcd0,0x62bc0000)
  to   space 3840K, 0% used [0x63e40000,0x63e40000,0x64200000)
 ParOldGen       total 21504K, used 7263K [0x4c540000, 0x4da40000, 0x61a80000)
  object space 21504K, 33% used [0x4c540000,0x4cc57c58,0x4da40000)
 PSPermGen       total 16384K, used 11703K [0x44540000, 0x45540000, 0x4c540000)
  object space 16384K, 71% used [0x44540000,0x450add30,0x45540000)
Event: 7,794 GC heap after
Heap after GC invocations=6 (full 0):
 PSYoungGen      total 36608K, used 3147K [0x61a80000, 0x64200000, 0x6c540000)
  eden space 32768K, 0% used [0x61a80000,0x61a80000,0x63a80000)
  from space 3840K, 81% used [0x63e40000,0x64152c88,0x64200000)
  to   space 3840K, 0% used [0x63a80000,0x63a80000,0x63e40000)
 ParOldGen       total 21504K, used 7263K [0x4c540000, 0x4da40000, 0x61a80000)
  object space 21504K, 33% used [0x4c540000,0x4cc57c58,0x4da40000)
 PSPermGen       total 16384K, used 11703K [0x44540000, 0x45540000, 0x4c540000)
  object space 16384K, 71% used [0x44540000,0x450add30,0x45540000)
}
Event: 8,471 GC heap before
{Heap before GC invocations=7 (full 0):
 PSYoungGen      total 36608K, used 35915K [0x61a80000, 0x64200000, 0x6c540000)
  eden space 32768K, 100% used [0x61a80000,0x63a80000,0x63a80000)
  from space 3840K, 81% used [0x63e40000,0x64152c88,0x64200000)
  to   space 3840K, 0% used [0x63a80000,0x63a80000,0x63e40000)
 ParOldGen       total 21504K, used 7263K [0x4c540000, 0x4da40000, 0x61a80000)
  object space 21504K, 33% used [0x4c540000,0x4cc57c58,0x4da40000)
 PSPermGen       total 16384K, used 11734K [0x44540000, 0x45540000, 0x4c540000)
  object space 16384K, 71% used [0x44540000,0x450b5898,0x45540000)
Event: 8,481 GC heap after
Heap after GC invocations=7 (full 0):
 PSYoungGen      total 36608K, used 3824K [0x61a80000, 0x66300000, 0x6c540000)
  eden space 32768K, 0% used [0x61a80000,0x61a80000,0x63a80000)
  from space 3840K, 99% used [0x63a80000,0x63e3c380,0x63e40000)
  to   space 4352K, 0% used [0x65ec0000,0x65ec0000,0x66300000)
 ParOldGen       total 21504K, used 8471K [0x4c540000, 0x4da40000, 0x61a80000)
  object space 21504K, 39% used [0x4c540000,0x4cd85e00,0x4da40000)
 PSPermGen       total 16384K, used 11734K [0x44540000, 0x45540000, 0x4c540000)
  object space 16384K, 71% used [0x44540000,0x450b5898,0x45540000)
}
Event: 9,067 GC heap before
{Heap before GC invocations=8 (full 0):
 PSYoungGen      total 36608K, used 36592K [0x61a80000, 0x66300000, 0x6c540000)
  eden space 32768K, 100% used [0x61a80000,0x63a80000,0x63a80000)
  from space 3840K, 99% used [0x63a80000,0x63e3c380,0x63e40000)
  to   space 4352K, 0% used [0x65ec0000,0x65ec0000,0x66300000)
 ParOldGen       total 21504K, used 8471K [0x4c540000, 0x4da40000, 0x61a80000)
  object space 21504K, 39% used [0x4c540000,0x4cd85e00,0x4da40000)
 PSPermGen       total 16384K, used 11757K [0x44540000, 0x45540000, 0x4c540000)
  object space 16384K, 71% used [0x44540000,0x450bb430,0x45540000)
Event: 9,077 GC heap after
Heap after GC invocations=8 (full 0):
 PSYoungGen      total 69632K, used 3936K [0x61a80000, 0x66380000, 0x6c540000)
  eden space 65280K, 0% used [0x61a80000,0x61a80000,0x65a40000)
  from space 4352K, 90% used [0x65ec0000,0x662983a0,0x66300000)
  to   space 4608K, 0% used [0x65a40000,0x65a40000,0x65ec0000)
 ParOldGen       total 21504K, used 8495K [0x4c540000, 0x4da40000, 0x61a80000)
  object space 21504K, 39% used [0x4c540000,0x4cd8be00,0x4da40000)
 PSPermGen       total 16384K, used 11757K [0x44540000, 0x45540000, 0x4c540000)
  object space 16384K, 71% used [0x44540000,0x450bb430,0x45540000)
}
Event: 107,441 GC heap before
{Heap before GC invocations=9 (full 0):
 PSYoungGen      total 69632K, used 69216K [0x61a80000, 0x66380000, 0x6c540000)
  eden space 65280K, 100% used [0x61a80000,0x65a40000,0x65a40000)
  from space 4352K, 90% used [0x65ec0000,0x662983a0,0x66300000)
  to   space 4608K, 0% used [0x65a40000,0x65a40000,0x65ec0000)
 ParOldGen       total 21504K, used 8495K [0x4c540000, 0x4da40000, 0x61a80000)
  object space 21504K, 39% used [0x4c540000,0x4cd8be00,0x4da40000)
 PSPermGen       total 16384K, used 12012K [0x44540000, 0x45540000, 0x4c540000)
  object space 16384K, 73% used [0x44540000,0x450fb120,0x45540000)

Deoptimization events (10 events):
Event: 9,534 Thread 0x6eecd400 Uncommon trap: reason=bimorphic action=maybe_recompile pc=0x41521e5c method=java.lang.ThreadLocal.get()Ljava/lang/Object; @ 6
Event: 9,534 Thread 0x6eecd400 Uncommon trap: reason=bimorphic action=maybe_recompile pc=0x41521e5c method=java.lang.ThreadLocal.get()Ljava/lang/Object; @ 6
Event: 9,572 Thread 0x6f725400 Uncommon trap: reason=bimorphic action=maybe_recompile pc=0x41521e5c method=java.lang.ThreadLocal.get()Ljava/lang/Object; @ 6
Event: 9,572 Thread 0x6f725400 Uncommon trap: reason=bimorphic action=maybe_recompile pc=0x41521e5c method=java.lang.ThreadLocal.get()Ljava/lang/Object; @ 6
Event: 10,502 Thread 0x6fb65400 Uncommon trap: reason=unstable_if action=reinterpret pc=0x415157c0 method=java.lang.ThreadLocal$ThreadLocalMap.getEntry(Ljava/lang/ThreadLocal;)Ljava/lang/ThreadLocal$ThreadLocalMap$Entry; @ 21
Event: 10,502 Thread 0x6fb65400 Uncommon trap: reason=unstable_if action=reinterpret pc=0x415154b8 method=java.lang.ThreadLocal$ThreadLocalMap.getEntry(Ljava/lang/ThreadLocal;)Ljava/lang/ThreadLocal$ThreadLocalMap$Entry; @ 21
Event: 10,502 Thread 0x6fb65400 Uncommon trap: reason=unstable_if action=reinterpret pc=0x414e5c54 method=sun.misc.MetaIndex.mayContain(Ljava/lang/String;)Z @ 38
Event: 10,503 Thread 0x6fb65400 Uncommon trap: reason=unstable_if action=reinterpret pc=0x414d8688 method=com.sun.org.apache.xerces.internal.util.SymbolTable.addSymbol([CII)Ljava/lang/String; @ 28
Event: 10,508 Thread 0x6fb65400 Uncommon trap: reason=unstable_if action=reinterpret pc=0x4152f35c method=java.lang.Integer.parseInt(Ljava/lang/String;I)I @ 122
Event: 16,593 Thread 0x6fb65400 Uncommon trap: reason=null_check action=make_not_entrant pc=0x415559a4 method=com.sun.org.apache.xerces.internal.dom.NamedNodeMapImpl.findNamePoint(Ljava/lang/String;Ljava/lang/String;)I @ 105

Internal exceptions (10 events):
Event: 107,434 Thread 0x6fb65400 Threw 0x659e9648 at /build/openjdk-7-Ylwexc/openjdk-7-7u111-2.6.7/build/openjdk/hotspot/src/share/vm/prims/jvm.cpp:1322
Event: 107,434 Thread 0x6fb65400 Threw 0x659ea490 at /build/openjdk-7-Ylwexc/openjdk-7-7u111-2.6.7/build/openjdk/hotspot/src/share/vm/prims/jvm.cpp:1322
Event: 107,434 Thread 0x6fb65400 Threw 0x659ea608 at /build/openjdk-7-Ylwexc/openjdk-7-7u111-2.6.7/build/openjdk/hotspot/src/share/vm/classfile/systemDictionary.cpp:174
Event: 107,434 Thread 0x6fb65400 Threw 0x659ed440 at /build/openjdk-7-Ylwexc/openjdk-7-7u111-2.6.7/build/openjdk/hotspot/src/share/vm/prims/jni.cpp:721
Event: 107,435 Thread 0x6fb65400 Threw 0x659fe5f8 at /build/openjdk-7-Ylwexc/openjdk-7-7u111-2.6.7/build/openjdk/hotspot/src/share/vm/classfile/systemDictionary.cpp:185
Event: 107,437 Thread 0x6fb65400 Threw 0x65a19ed0 at /build/openjdk-7-Ylwexc/openjdk-7-7u111-2.6.7/build/openjdk/hotspot/src/share/vm/prims/jvm.cpp:1322
Event: 107,437 Thread 0x6fb65400 Threw 0x65a1ad18 at /build/openjdk-7-Ylwexc/openjdk-7-7u111-2.6.7/build/openjdk/hotspot/src/share/vm/prims/jvm.cpp:1322
Event: 107,437 Thread 0x6fb65400 Threw 0x65a1ae90 at /build/openjdk-7-Ylwexc/openjdk-7-7u111-2.6.7/build/openjdk/hotspot/src/share/vm/classfile/systemDictionary.cpp:174
Event: 107,438 Thread 0x6fb65400 Threw 0x65a1dcc8 at /build/openjdk-7-Ylwexc/openjdk-7-7u111-2.6.7/build/openjdk/hotspot/src/share/vm/prims/jni.cpp:721
Event: 107,438 Thread 0x6fb65400 Threw 0x65a2ee78 at /build/openjdk-7-Ylwexc/openjdk-7-7u111-2.6.7/build/openjdk/hotspot/src/share/vm/classfile/systemDictionary.cpp:185

Events (10 events):
Event: 106,431 loading class 0x6fb35fc0 done
Event: 107,434 loading class 0x6c89f8c0
Event: 107,434 loading class 0x6c89f8c0 done
Event: 107,435 loading class 0x6fb35fc0
Event: 107,435 loading class 0x6fb35fc0 done
Event: 107,437 loading class 0x6c89f8c0
Event: 107,437 loading class 0x6c89f8c0 done
Event: 107,438 loading class 0x6fb35fc0
Event: 107,438 loading class 0x6fb35fc0 done
Event: 107,439 Executing VM operation: ParallelGCFailedAllocation


Dynamic libraries:
08048000-08049000 r-xp 00000000 08:01 153314     /usr/lib/jvm/java-7-openjdk-i386/jre/bin/java
08049000-0804a000 r--p 00000000 08:01 153314     /usr/lib/jvm/java-7-openjdk-i386/jre/bin/java
0804a000-0804b000 rw-p 00001000 08:01 153314     /usr/lib/jvm/java-7-openjdk-i386/jre/bin/java
08139000-081cf000 rw-p 00000000 00:00 0          [heap]
40083000-400a3000 r-xp 00000000 08:01 14543      /lib/i386-linux-gnu/ld-2.19.so
400a3000-400a4000 r--p 0001f000 08:01 14543      /lib/i386-linux-gnu/ld-2.19.so
400a4000-400a5000 rw-p 00020000 08:01 14543      /lib/i386-linux-gnu/ld-2.19.so
400a5000-400a7000 r--p 00000000 00:00 0          [vvar]
400a7000-400a9000 r-xp 00000000 00:00 0          [vdso]
400a9000-400ac000 rw-p 00000000 00:00 0 
400ac000-400b8000 r-xp 00000000 08:01 156062     /usr/lib/jvm/java-7-openjdk-i386/jre/lib/i386/jli/libjli.so
400b8000-400b9000 r--p 0000c000 08:01 156062     /usr/lib/jvm/java-7-openjdk-i386/jre/lib/i386/jli/libjli.so
400b9000-400ba000 rw-p 0000d000 08:01 156062     /usr/lib/jvm/java-7-openjdk-i386/jre/lib/i386/jli/libjli.so
400ba000-400c8000 r-xp 00000000 08:01 153348     /usr/lib/jvm/java-7-openjdk-i386/jre/lib/i386/libverify.so
400c8000-400c9000 r--p 0000d000 08:01 153348     /usr/lib/jvm/java-7-openjdk-i386/jre/lib/i386/libverify.so
400c9000-400ca000 rw-p 0000e000 08:01 153348     /usr/lib/jvm/java-7-openjdk-i386/jre/lib/i386/libverify.so
400ca000-400cb000 ---p 00000000 00:00 0 
400cb000-400cc000 rw-p 00000000 00:00 0 
400cc000-400cd000 r--p 003f0000 08:01 135305     /usr/lib/locale/locale-archive
400cd000-400cf000 r--s 00006000 08:01 264456     /usr/share/java/java-atk-wrapper.jar
400cf000-400d0000 r--s 00002000 08:01 157113     /usr/lib/jvm/java-7-openjdk-i386/jre/lib/ext/dnsns.jar
400d0000-40278000 r-xp 00000000 08:01 15546      /lib/i386-linux-gnu/libc-2.19.so
40278000-40279000 ---p 001a8000 08:01 15546      /lib/i386-linux-gnu/libc-2.19.so
40279000-4027b000 r--p 001a8000 08:01 15546      /lib/i386-linux-gnu/libc-2.19.so
4027b000-4027c000 rw-p 001aa000 08:01 15546      /lib/i386-linux-gnu/libc-2.19.so
4027c000-4027f000 rw-p 00000000 00:00 0 
4027f000-40282000 r-xp 00000000 08:01 14529      /lib/i386-linux-gnu/libdl-2.19.so
40282000-40283000 r--p 00002000 08:01 14529      /lib/i386-linux-gnu/libdl-2.19.so
40283000-40284000 rw-p 00003000 08:01 14529      /lib/i386-linux-gnu/libdl-2.19.so
40284000-4029c000 r-xp 00000000 08:01 14539      /lib/i386-linux-gnu/libpthread-2.19.so
4029c000-4029d000 r--p 00018000 08:01 14539      /lib/i386-linux-gnu/libpthread-2.19.so
4029d000-4029e000 rw-p 00019000 08:01 14539      /lib/i386-linux-gnu/libpthread-2.19.so
4029e000-402a0000 rw-p 00000000 00:00 0 
402a0000-402b8000 r-xp 00000000 08:01 8166       /lib/i386-linux-gnu/libz.so.1.2.8
402b8000-402b9000 r--p 00017000 08:01 8166       /lib/i386-linux-gnu/libz.so.1.2.8
402b9000-402ba000 rw-p 00018000 08:01 8166       /lib/i386-linux-gnu/libz.so.1.2.8
402ba000-402bc000 rw-p 00000000 00:00 0 
402bc000-40cb9000 r-xp 00000000 08:01 155344     /usr/lib/jvm/java-7-openjdk-i386/jre/lib/i386/server/libjvm.so
40cb9000-40cba000 ---p 009fd000 08:01 155344     /usr/lib/jvm/java-7-openjdk-i386/jre/lib/i386/server/libjvm.so
40cba000-40d0c000 r--p 009fd000 08:01 155344     /usr/lib/jvm/java-7-openjdk-i386/jre/lib/i386/server/libjvm.so
40d0c000-40d20000 rw-p 00a4f000 08:01 155344     /usr/lib/jvm/java-7-openjdk-i386/jre/lib/i386/server/libjvm.so
40d20000-4113d000 rw-p 00000000 00:00 0 
4113d000-41219000 r-xp 00000000 08:01 134510     /usr/lib/i386-linux-gnu/libstdc++.so.6.0.19
41219000-4121d000 r--p 000dc000 08:01 134510     /usr/lib/i386-linux-gnu/libstdc++.so.6.0.19
4121d000-4121e000 rw-p 000e0000 08:01 134510     /usr/lib/i386-linux-gnu/libstdc++.so.6.0.19
4121e000-41225000 rw-p 00000000 00:00 0 
41225000-41269000 r-xp 00000000 08:01 14525      /lib/i386-linux-gnu/libm-2.19.so
41269000-4126a000 r--p 00043000 08:01 14525      /lib/i386-linux-gnu/libm-2.19.so
4126a000-4126b000 rw-p 00044000 08:01 14525      /lib/i386-linux-gnu/libm-2.19.so
4126b000-41287000 r-xp 00000000 08:01 3513       /lib/i386-linux-gnu/libgcc_s.so.1
41287000-41288000 rw-p 0001b000 08:01 3513       /lib/i386-linux-gnu/libgcc_s.so.1
41288000-4128b000 ---p 00000000 00:00 0 
4128b000-412d9000 rw-p 00000000 00:00 0 
412d9000-412e0000 r-xp 00000000 08:01 15543      /lib/i386-linux-gnu/librt-2.19.so
412e0000-412e1000 r--p 00006000 08:01 15543      /lib/i386-linux-gnu/librt-2.19.so
412e1000-412e2000 rw-p 00007000 08:01 15543      /lib/i386-linux-gnu/librt-2.19.so
412e2000-412ea000 rw-s 00000000 08:01 535428     /tmp/hsperfdata_salas/29203
412ea000-412f2000 r-xp 00000000 08:01 157083     /usr/lib/jvm/java-7-openjdk-i386/jre/lib/i386/libzip.so
412f2000-412f3000 r--p 00007000 08:01 157083     /usr/lib/jvm/java-7-openjdk-i386/jre/lib/i386/libzip.so
412f3000-412f4000 rw-p 00008000 08:01 157083     /usr/lib/jvm/java-7-openjdk-i386/jre/lib/i386/libzip.so
412f4000-412f8000 r--s 00034000 08:01 157112     /usr/lib/jvm/java-7-openjdk-i386/jre/lib/ext/sunjce_provider.jar
412f8000-412fc000 r--s 00085000 08:01 157111     /usr/lib/jvm/java-7-openjdk-i386/jre/lib/ext/localedata.jar
412fc000-412ff000 r--s 0000f000 08:01 157110     /usr/lib/jvm/java-7-openjdk-i386/jre/lib/ext/icedtea-sound.jar
412ff000-41300000 r--s 00004000 08:01 433294     /home/salas/Tic-Tac-Toe/client/lib/saaj.jar
41300000-413fe000 rw-p 00000000 00:00 0 
413fe000-41400000 ---p 00000000 00:00 0 
41400000-41427000 r-xp 00000000 08:01 153804     /usr/lib/jvm/java-7-openjdk-i386/jre/lib/i386/libjava.so
41427000-41428000 r--p 00026000 08:01 153804     /usr/lib/jvm/java-7-openjdk-i386/jre/lib/i386/libjava.so
41428000-41429000 rw-p 00027000 08:01 153804     /usr/lib/jvm/java-7-openjdk-i386/jre/lib/i386/libjava.so
41429000-41430000 r-xp 00000000 08:01 14535      /lib/i386-linux-gnu/libnss_compat-2.19.so
41430000-41431000 r--p 00006000 08:01 14535      /lib/i386-linux-gnu/libnss_compat-2.19.so
41431000-41432000 rw-p 00007000 08:01 14535      /lib/i386-linux-gnu/libnss_compat-2.19.so
41432000-41447000 r-xp 00000000 08:01 14537      /lib/i386-linux-gnu/libnsl-2.19.so
41447000-41448000 r--p 00015000 08:01 14537      /lib/i386-linux-gnu/libnsl-2.19.so
41448000-41449000 rw-p 00016000 08:01 14537      /lib/i386-linux-gnu/libnsl-2.19.so
41449000-4144b000 rw-p 00000000 00:00 0 
4144b000-41455000 r-xp 00000000 08:01 14727      /lib/i386-linux-gnu/libnss_nis-2.19.so
41455000-41456000 r--p 00009000 08:01 14727      /lib/i386-linux-gnu/libnss_nis-2.19.so
41456000-41457000 rw-p 0000a000 08:01 14727      /lib/i386-linux-gnu/libnss_nis-2.19.so
41457000-41461000 r-xp 00000000 08:01 15585      /lib/i386-linux-gnu/libnss_files-2.19.so
41461000-41462000 r--p 00009000 08:01 15585      /lib/i386-linux-gnu/libnss_files-2.19.so
41462000-41463000 rw-p 0000a000 08:01 15585      /lib/i386-linux-gnu/libnss_files-2.19.so
41463000-416a3000 rwxp 00000000 00:00 0 
416a3000-44463000 rw-p 00000000 00:00 0 
44463000-4446c000 rw-p 00000000 00:00 0 
4446c000-44523000 rw-p 00000000 00:00 0 
44523000-44532000 rw-p 00000000 00:00 0 
44532000-44534000 r--s 00012000 08:01 157115     /usr/lib/jvm/java-7-openjdk-i386/jre/lib/ext/zipfs.jar
44534000-44537000 r--s 0003d000 08:01 157107     /usr/lib/jvm/java-7-openjdk-i386/jre/lib/ext/sunpkcs11.jar
44537000-44539000 r--s 00007000 08:01 433287     /home/salas/Tic-Tac-Toe/client/lib/axis-ant.jar
44539000-4453b000 r--s 00008000 08:01 433290     /home/salas/Tic-Tac-Toe/client/lib/commons-logging-1.0.4.jar
4453b000-4453d000 r--s 00006000 08:01 433291     /home/salas/Tic-Tac-Toe/client/lib/jaxrpc.jar
4453d000-44540000 r--s 0000f000 08:01 433289     /home/salas/Tic-Tac-Toe/client/lib/commons-discovery-0.2.jar
44540000-45540000 rw-p 00000000 00:00 0 
45540000-4c540000 rw-p 00000000 00:00 0 
4c540000-4da40000 rw-p 00000000 00:00 0 
4da40000-61a80000 rw-p 00000000 00:00 0 
61a80000-66380000 rw-p 00000000 00:00 0 
68d80000-6c540000 rw-p 00000000 00:00 0 
6c540000-6c548000 rw-p 00000000 00:00 0 
6c548000-6c580000 rw-p 00000000 00:00 0 
6c580000-6c58b000 rw-p 00000000 00:00 0 
6c58b000-6c62a000 rw-p 00000000 00:00 0 
6c62a000-6c650000 rw-p 00000000 00:00 0 
6c650000-6c680000 rw-p 00000000 00:00 0 
6c680000-6c68c000 rw-p 00000000 00:00 0 
6c68c000-6c72c000 rw-p 00000000 00:00 0 
6c72c000-6c734000 rw-p 00000000 00:00 0 
6c734000-6c76c000 rw-p 00000000 00:00 0 
6c76c000-6c76d000 ---p 00000000 00:00 0 
6c76d000-6c7ed000 rw-p 00000000 00:00 0 
6c7ed000-6c7f5000 r--s 0004f000 08:01 433292     /home/salas/Tic-Tac-Toe/client/lib/log4j-1.2.8.jar
6c7f5000-6c7f8000 r--s 0001c000 08:01 433295     /home/salas/Tic-Tac-Toe/client/lib/wsdl4j-1.5.1.jar
6c7f8000-6c7fe000 r--s 00051000 08:01 433293     /home/salas/Tic-Tac-Toe/client/lib/mail.jar
6c7fe000-6c800000 r--s 0000c000 08:01 433286     /home/salas/Tic-Tac-Toe/client/lib/activation.jar
6c800000-6c900000 rw-p 00000000 00:00 0 
6c900000-6c901000 ---p 00000000 00:00 0 
6c901000-6c9dc000 rw-p 00000000 00:00 0 
6c9dc000-6c9f0000 r--s 00173000 08:01 433288     /home/salas/Tic-Tac-Toe/client/lib/axis.jar
6c9f0000-6c9f1000 r--s 00000000 08:01 535514     /home/salas/Tic-Tac-Toe/common/common.jar
6c9f1000-6c9f2000 r--s 0000b000 08:01 433296     /home/salas/Tic-Tac-Toe/client/client.jar
6c9f2000-6c9fb000 r-xp 00000000 08:01 134972     /usr/lib/i386-linux-gnu/libXrender.so.1.3.0
6c9fb000-6c9fc000 r--p 00008000 08:01 134972     /usr/lib/i386-linux-gnu/libXrender.so.1.3.0
6c9fc000-6c9fd000 rw-p 00009000 08:01 134972     /usr/lib/i386-linux-gnu/libXrender.so.1.3.0
6c9fd000-6c9ff000 r--s 00018000 08:01 153328     /usr/lib/jvm/java-7-openjdk-i386/jre/lib/jce.jar
6ca00000-6caf7000 rw-p 00000000 00:00 0 
6caf7000-6cb00000 ---p 00000000 00:00 0 
6cb00000-6cb01000 ---p 00000000 00:00 0 
6cb01000-6cbca000 rw-p 00000000 00:00 0 
6cbca000-6cbd1000 r--s 00000000 08:01 142490     /usr/lib/i386-linux-gnu/gconv/gconv-modules.cache
6cbd1000-6cbdb000 r--s 000ae000 08:01 153332     /usr/lib/jvm/java-7-openjdk-i386/jre/lib/resources.jar
6cbdb000-6cbdf000 r--s 0004f000 08:01 157088     /usr/lib/jvm/java-7-openjdk-i386/jre/lib/jsse.jar
6cbe0000-6cbf1000 r-xp 00000000 08:01 133917     /usr/lib/i386-linux-gnu/libXext.so.6.4.0
6cbf1000-6cbf2000 r--p 00010000 08:01 133917     /usr/lib/i386-linux-gnu/libXext.so.6.4.0
6cbf2000-6cbf3000 rw-p 00011000 08:01 133917     /usr/lib/i386-linux-gnu/libXext.so.6.4.0
6cbf3000-6cbf5000 r-xp 00000000 08:01 134772     /usr/lib/i386-linux-gnu/libXcomposite.so.1.0.0
6cbf5000-6cbf6000 r--p 00001000 08:01 134772     /usr/lib/i386-linux-gnu/libXcomposite.so.1.0.0
6cbf6000-6cbf7000 rw-p 00002000 08:01 134772     /usr/lib/i386-linux-gnu/libXcomposite.so.1.0.0
6cbf7000-6cbfc000 r-xp 00000000 08:01 134865     /usr/lib/i386-linux-gnu/libXtst.so.6.1.0
6cbfc000-6cbfd000 r--p 00004000 08:01 134865     /usr/lib/i386-linux-gnu/libXtst.so.6.1.0
6cbfd000-6cbfe000 rw-p 00005000 08:01 134865     /usr/lib/i386-linux-gnu/libXtst.so.6.1.0
6cc00000-6cc21000 rw-p 00000000 00:00 0 
6cc21000-6cd00000 ---p 00000000 00:00 0 
6cd00000-6e380000 rw-p 00000000 00:00 0 
6e380000-6e533000 r--s 01d3d000 08:01 153330     /usr/lib/jvm/java-7-openjdk-i386/jre/lib/rt.jar
6e533000-6e534000 ---p 00000000 00:00 0 
6e534000-6e5b4000 rw-p 00000000 00:00 0 
6e5b4000-6e5fc000 r-xp 00000000 08:01 136255     /usr/lib/jvm/java-7-openjdk-i386/jre/lib/i386/xawt/libmawt.so
6e5fc000-6e5fd000 r--p 00048000 08:01 136255     /usr/lib/jvm/java-7-openjdk-i386/jre/lib/i386/xawt/libmawt.so
6e5fd000-6e5ff000 rw-p 00049000 08:01 136255     /usr/lib/jvm/java-7-openjdk-i386/jre/lib/i386/xawt/libmawt.so
6e5ff000-6e600000 rw-p 00000000 00:00 0 
6e600000-6e6fe000 rw-p 00000000 00:00 0 
6e6fe000-6e700000 ---p 00000000 00:00 0 
6e700000-6e721000 rw-p 00000000 00:00 0 
6e721000-6e800000 ---p 00000000 00:00 0 
6e800000-6e803000 ---p 00000000 00:00 0 
6e803000-6e851000 rw-p 00000000 00:00 0 
6e851000-6e854000 ---p 00000000 00:00 0 
6e854000-6e8a2000 rw-p 00000000 00:00 0 
6e8a2000-6eaa2000 r--p 00000000 08:01 135305     /usr/lib/locale/locale-archive
6eaa2000-6ebd3000 r--p 00188000 08:01 135305     /usr/lib/locale/locale-archive
6ebd3000-6ebd6000 ---p 00000000 00:00 0 
6ebd6000-6ec24000 rw-p 00000000 00:00 0 
6ec24000-6ec27000 ---p 00000000 00:00 0 
6ec27000-6eca5000 rw-p 00000000 00:00 0 
6eca5000-6eca8000 ---p 00000000 00:00 0 
6eca8000-6ed26000 rw-p 00000000 00:00 0 
6ed26000-6ed29000 ---p 00000000 00:00 0 
6ed29000-6ed77000 rw-p 00000000 00:00 0 
6ed77000-6ed78000 ---p 00000000 00:00 0 
6ed78000-6edf8000 rw-p 00000000 00:00 0 
6edf8000-6edfb000 r-xp 00000000 08:01 142365     /usr/lib/i386-linux-gnu/libgmodule-2.0.so.0.4002.0
6edfb000-6edfc000 r--p 00002000 08:01 142365     /usr/lib/i386-linux-gnu/libgmodule-2.0.so.0.4002.0
6edfc000-6edfd000 rw-p 00003000 08:01 142365     /usr/lib/i386-linux-gnu/libgmodule-2.0.so.0.4002.0
6ee00000-6eefb000 rw-p 00000000 00:00 0 
6eefb000-6ef00000 ---p 00000000 00:00 0 
6ef00000-6ef8f000 r-xp 00000000 08:01 156790     /usr/lib/jvm/java-7-openjdk-i386/jre/lib/i386/libawt.so
6ef8f000-6ef90000 r--p 0008f000 08:01 156790     /usr/lib/jvm/java-7-openjdk-i386/jre/lib/i386/libawt.so
6ef90000-6ef97000 rw-p 00090000 08:01 156790     /usr/lib/jvm/java-7-openjdk-i386/jre/lib/i386/libawt.so
6ef97000-6efbb000 rw-p 00000000 00:00 0 
6efbb000-6f0eb000 r-xp 00000000 08:01 134799     /usr/lib/i386-linux-gnu/libX11.so.6.3.0
6f0eb000-6f0ec000 r--p 00130000 08:01 134799     /usr/lib/i386-linux-gnu/libX11.so.6.3.0
6f0ec000-6f0ee000 rw-p 00131000 08:01 134799     /usr/lib/i386-linux-gnu/libX11.so.6.3.0
6f0ee000-6f0ef000 rw-p 00000000 00:00 0 
6f0ef000-6f0fd000 r-xp 00000000 08:01 134580     /usr/lib/i386-linux-gnu/libXi.so.6.1.0
6f0fd000-6f0fe000 r--p 0000e000 08:01 134580     /usr/lib/i386-linux-gnu/libXi.so.6.1.0
6f0fe000-6f0ff000 rw-p 0000f000 08:01 134580     /usr/lib/i386-linux-gnu/libXi.so.6.1.0
6f0ff000-6f138000 r-xp 00000000 08:01 141390     /usr/lib/i386-linux-gnu/libfontconfig.so.1.8.0
6f138000-6f139000 r--p 00039000 08:01 141390     /usr/lib/i386-linux-gnu/libfontconfig.so.1.8.0
6f139000-6f13a000 rw-p 0003a000 08:01 141390     /usr/lib/i386-linux-gnu/libfontconfig.so.1.8.0
6f13a000-6f2b7000 r-xp 00000000 08:01 142363     /usr/lib/i386-linux-gnu/libgio-2.0.so.0.4002.0
6f2b7000-6f2b9000 r--p 0017d000 08:01 142363     /usr/lib/i386-linux-gnu/libgio-2.0.so.0.4002.0
6f2b9000-6f2ba000 rw-p 0017f000 08:01 142363     /usr/lib/i386-linux-gnu/libgio-2.0.so.0.4002.0
6f2ba000-6f2bb000 rw-p 00000000 00:00 0 
6f2bb000-6f30b000 r-xp 00000000 08:01 138694     /usr/lib/i386-linux-gnu/libgobject-2.0.so.0.4002.0
6f30b000-6f30c000 r--p 0004f000 08:01 138694     /usr/lib/i386-linux-gnu/libgobject-2.0.so.0.4002.0
6f30c000-6f30d000 rw-p 00050000 08:01 138694     /usr/lib/i386-linux-gnu/libgobject-2.0.so.0.4002.0
6f30d000-6f32d000 r-xp 00000000 08:01 146024     /usr/lib/i386-linux-gnu/libxcb.so.1.1.0
6f32d000-6f32e000 r--p 0001f000 08:01 146024     /usr/lib/i386-linux-gnu/libxcb.so.1.1.0
6f32e000-6f32f000 rw-p 00020000 08:01 146024     /usr/lib/i386-linux-gnu/libxcb.so.1.1.0
6f32f000-6f3ca000 r-xp 00000000 08:01 141974     /usr/lib/i386-linux-gnu/libfreetype.so.6.11.1
6f3ca000-6f3ce000 r--p 0009a000 08:01 141974     /usr/lib/i386-linux-gnu/libfreetype.so.6.11.1
6f3ce000-6f3cf000 rw-p 0009e000 08:01 141974     /usr/lib/i386-linux-gnu/libfreetype.so.6.11.1
6f3cf000-6f3f4000 r-xp 00000000 08:01 7756       /lib/i386-linux-gnu/libexpat.so.1.6.0
6f3f4000-6f3f5000 ---p 00025000 08:01 7756       /lib/i386-linux-gnu/libexpat.so.1.6.0
6f3f5000-6f3f7000 r--p 00025000 08:01 7756       /lib/i386-linux-gnu/libexpat.so.1.6.0
6f3f7000-6f3f8000 rw-p 00027000 08:01 7756       /lib/i386-linux-gnu/libexpat.so.1.6.0
6f3f8000-6f502000 r-xp 00000000 08:01 25359      /lib/i386-linux-gnu/libglib-2.0.so.0.4002.0
6f502000-6f503000 r--p 00109000 08:01 25359      /lib/i386-linux-gnu/libglib-2.0.so.0.4002.0
6f503000-6f504000 rw-p 0010a000 08:01 25359      /lib/i386-linux-gnu/libglib-2.0.so.0.4002.0
6f504000-6f524000 r-xp 00000000 08:01 6340       /lib/i386-linux-gnu/libselinux.so.1
6f524000-6f525000 r--p 0001f000 08:01 6340       /lib/i386-linux-gnu/libselinux.so.1
6f525000-6f526000 rw-p 00020000 08:01 6340       /lib/i386-linux-gnu/libselinux.so.1
6f526000-6f527000 rw-p 00000000 00:00 0 
6f527000-6f53a000 r-xp 00000000 08:01 14521      /lib/i386-linux-gnu/libresolv-2.19.so
6f53a000-6f53b000 ---p 00013000 08:01 14521      /lib/i386-linux-gnu/libresolv-2.19.so
6f53b000-6f53c000 r--p 00013000 08:01 14521      /lib/i386-linux-gnu/libresolv-2.19.so
6f53c000-6f53d000 rw-p 00014000 08:01 14521      /lib/i386-linux-gnu/libresolv-2.19.so
6f53d000-6f53f000 rw-p 00000000 00:00 0 
6f53f000-6f544000 r-xp 00000000 08:01 131155     /usr/lib/i386-linux-gnu/libffi.so.6.0.1
6f544000-6f545000 r--p 00005000 08:01 131155     /usr/lib/i386-linux-gnu/libffi.so.6.0.1
6f545000-6f546000 rw-p 00006000 08:01 131155     /usr/lib/i386-linux-gnu/libffi.so.6.0.1
6f546000-6f548000 r-xp 00000000 08:01 140333     /usr/lib/i386-linux-gnu/libXau.so.6.0.0
6f548000-6f549000 r--p 00001000 08:01 140333     /usr/lib/i386-linux-gnu/libXau.so.6.0.0
6f549000-6f54a000 rw-p 00002000 08:01 140333     /usr/lib/i386-linux-gnu/libXau.so.6.0.0
6f54a000-6f54f000 r-xp 00000000 08:01 141154     /usr/lib/i386-linux-gnu/libXdmcp.so.6.0.0
6f54f000-6f550000 r--p 00004000 08:01 141154     /usr/lib/i386-linux-gnu/libXdmcp.so.6.0.0
6f550000-6f551000 rw-p 00005000 08:01 141154     /usr/lib/i386-linux-gnu/libXdmcp.so.6.0.0
6f551000-6f577000 r-xp 00000000 08:01 12303      /lib/i386-linux-gnu/libpng12.so.0.50.0
6f577000-6f578000 r--p 00025000 08:01 12303      /lib/i386-linux-gnu/libpng12.so.0.50.0
6f578000-6f579000 rw-p 00026000 08:01 12303      /lib/i386-linux-gnu/libpng12.so.0.50.0
6f579000-6f5b5000 r-xp 00000000 08:01 11367      /lib/i386-linux-gnu/libpcre.so.3.13.1
6f5b5000-6f5b6000 r--p 0003b000 08:01 11367      /lib/i386-linux-gnu/libpcre.so.3.13.1
6f5b6000-6f5b7000 rw-p 0003c000 08:01 11367      /lib/i386-linux-gnu/libpcre.so.3.13.1
6f5b7000-6f5dd000 r--p 00000000 08:01 282017     /usr/share/locale-langpack/es/LC_MESSAGES/libc.mo
6f5dd000-6f5e0000 ---p 00000000 00:00 0 
6f5e0000-6f62e000 rw-p 00000000 00:00 0 
6f62e000-6f63f000 r-xp 00000000 08:01 156613     /usr/lib/jvm/java-7-openjdk-i386/jre/lib/i386/libnio.so
6f63f000-6f640000 r--p 00010000 08:01 156613     /usr/lib/jvm/java-7-openjdk-i386/jre/lib/i386/libnio.so
6f640000-6f641000 rw-p 00011000 08:01 156613     /usr/lib/jvm/java-7-openjdk-i386/jre/lib/i386/libnio.so
6f644000-6f64d000 r-xp 00000000 08:01 139035     /usr/lib/i386-linux-gnu/libXcursor.so.1.0.2
6f64d000-6f64e000 r--p 00008000 08:01 139035     /usr/lib/i386-linux-gnu/libXcursor.so.1.0.2
6f64e000-6f64f000 rw-p 00009000 08:01 139035     /usr/lib/i386-linux-gnu/libXcursor.so.1.0.2
6f64f000-6f653000 r-xp 00000000 08:01 142033     /usr/lib/i386-linux-gnu/libXfixes.so.3.1.0
6f653000-6f654000 r--p 00003000 08:01 142033     /usr/lib/i386-linux-gnu/libXfixes.so.3.1.0
6f654000-6f655000 rw-p 00004000 08:01 142033     /usr/lib/i386-linux-gnu/libXfixes.so.3.1.0
6f655000-6f658000 ---p 00000000 00:00 0 
6f658000-6f6a6000 rw-p 00000000 00:00 0 
6f6a6000-6f6a9000 ---p 00000000 00:00 0 
6f6a9000-6f6f7000 rw-p 00000000 00:00 0 
6f700000-6f73e000 rw-p 00000000 00:00 0 
6f73e000-6f800000 ---p 00000000 00:00 0 
6f800000-6f803000 ---p 00000000 00:00 0 
6f803000-6f851000 rw-p 00000000 00:00 0 
6f851000-6f8a1000 r-xp 00000000 08:01 156720     /usr/lib/jvm/java-7-openjdk-i386/jre/lib/i386/libfontmanager.so
6f8a1000-6f8a3000 r--p 0004f000 08:01 156720     /usr/lib/jvm/java-7-openjdk-i386/jre/lib/i386/libfontmanager.so
6f8a3000-6f8a4000 rw-p 00051000 08:01 156720     /usr/lib/jvm/java-7-openjdk-i386/jre/lib/i386/libfontmanager.so
6f8a4000-6f8bc000 r-xp 00000000 08:01 156358     /usr/lib/jvm/java-7-openjdk-i386/jre/lib/i386/libnet.so
6f8bc000-6f8bd000 r--p 00017000 08:01 156358     /usr/lib/jvm/java-7-openjdk-i386/jre/lib/i386/libnet.so
6f8bd000-6f8be000 rw-p 00018000 08:01 156358     /usr/lib/jvm/java-7-openjdk-i386/jre/lib/i386/libnet.so
6f900000-6f9f5000 rw-p 00000000 00:00 0 
6f9f5000-6fa00000 ---p 00000000 00:00 0 
6fa00000-6fbff000 rw-p 00000000 00:00 0 
6fbff000-6fc00000 ---p 00000000 00:00 0 
6fc00000-6fcec000 rw-p 00000000 00:00 0 
6fcec000-6fd00000 ---p 00000000 00:00 0 
6fd00000-6fdfa000 rw-p 00000000 00:00 0 
6fdfa000-6fe00000 ---p 00000000 00:00 0 
6fe00000-6feff000 rw-p 00000000 00:00 0 
6feff000-6ff00000 ---p 00000000 00:00 0 
6ff00000-6ffff000 rw-p 00000000 00:00 0 
6ffff000-70000000 ---p 00000000 00:00 0 
70000000-700ea000 rw-p 00000000 00:00 0 
700ea000-70100000 ---p 00000000 00:00 0 
70100000-70103000 ---p 00000000 00:00 0 
70103000-70151000 rw-p 00000000 00:00 0 
bf871000-bf872000 rwxp 00000000 00:00 0 
bf8a3000-bf8c5000 rw-p 00000000 00:00 0          [stack]

VM Arguments:
java_command: tictactoe.Play localhost paco
Launcher Type: SUN_STANDARD

Environment Variables:
PATH=.:/usr/local/sbin:/usr/local/bin:/usr/sbin:/usr/bin:/sbin:/bin:/usr/games:/usr/local/games
SHELL=/bin/bash
DISPLAY=:0.0

Signal Handlers:
SIGSEGV: [libjvm.so+0x8191e0], sa_mask[0]=0x7ffbfeff, sa_flags=0x10000004
SIGBUS: [libjvm.so+0x8191e0], sa_mask[0]=0x7ffbfeff, sa_flags=0x10000004
SIGFPE: [libjvm.so+0x68ddb0], sa_mask[0]=0x7ffbfeff, sa_flags=0x10000004
SIGPIPE: [libjvm.so+0x68ddb0], sa_mask[0]=0x7ffbfeff, sa_flags=0x10000004
SIGXFSZ: [libjvm.so+0x68ddb0], sa_mask[0]=0x7ffbfeff, sa_flags=0x10000004
SIGILL: [libjvm.so+0x68ddb0], sa_mask[0]=0x7ffbfeff, sa_flags=0x10000004
SIGUSR1: SIG_DFL, sa_mask[0]=0x00000000, sa_flags=0x00000000
SIGUSR2: [libjvm.so+0x68df10], sa_mask[0]=0x00000000, sa_flags=0x10000004
SIGHUP: [libjvm.so+0x68de70], sa_mask[0]=0x7ffbfeff, sa_flags=0x10000004
SIGINT: [libjvm.so+0x68de70], sa_mask[0]=0x7ffbfeff, sa_flags=0x10000004
SIGTERM: [libjvm.so+0x68de70], sa_mask[0]=0x7ffbfeff, sa_flags=0x10000004
SIGQUIT: [libjvm.so+0x68de70], sa_mask[0]=0x7ffbfeff, sa_flags=0x10000004
SIGTRAP: SIG_DFL, sa_mask[0]=0x00000000, sa_flags=0x00000000


---------------  S Y S T E M  ---------------

OS:Ubuntu 14.04 (trusty)
uname:Linux 3.19.0-68-generic #76~14.04.1-Ubuntu SMP Fri Aug 12 11:47:02 UTC 2016 i686
libc:glibc 2.19 NPTL 2.19 
rlimit: STACK infinity, CORE infinity, NPROC 15961, NOFILE 4096, AS infinity
load average:0,87 1,07 1,15

/proc/meminfo:
MemTotal:        2063044 kB
MemFree:          110956 kB
MemAvailable:      66192 kB
Buffers:            1148 kB
Cached:            61644 kB
SwapCached:            0 kB
Active:          1816664 kB
Inactive:          40536 kB
Active(anon):    1795740 kB
Inactive(anon):    26396 kB
Active(file):      20924 kB
Inactive(file):    14140 kB
Unevictable:           0 kB
Mlocked:               0 kB
HighTotal:       1183624 kB
HighFree:          11564 kB
LowTotal:         879420 kB
LowFree:           99392 kB
SwapTotal:             0 kB
SwapFree:              0 kB
Dirty:               108 kB
Writeback:             0 kB
AnonPages:       1794672 kB
Mapped:            54960 kB
Shmem:             27504 kB
Slab:              35892 kB
SReclaimable:      15200 kB
SUnreclaim:        20692 kB
KernelStack:        3656 kB
PageTables:        10300 kB
NFS_Unstable:          0 kB
Bounce:                0 kB
WritebackTmp:          0 kB
CommitLimit:     1031520 kB
Committed_AS:    3789620 kB
VmallocTotal:     122880 kB
VmallocUsed:       23836 kB
VmallocChunk:      48384 kB
AnonHugePages:   1030144 kB
CmaTotal:              0 kB
CmaFree:               0 kB
HugePages_Total:       0
HugePages_Free:        0
HugePages_Rsvd:        0
HugePages_Surp:        0
Hugepagesize:       2048 kB
DirectMap4k:       51192 kB
DirectMap2M:      862208 kB


CPU:total 3 (3 cores per cpu, 1 threads per core) family 6 model 78 stepping 3, cmov, cx8, fxsr, mmx, sse, sse2, sse3, ssse3, sse4.1, sse4.2, popcnt, avx, aes, erms, tsc, tscinvbit

/proc/cpuinfo:
processor	: 0
vendor_id	: GenuineIntel
cpu family	: 6
model		: 78
model name	: Intel(R) Core(TM) i5-6200U CPU @ 2.30GHz
stepping	: 3
microcode	: 0x8a
cpu MHz		: 2400.002
cache size	: 3072 KB
physical id	: 0
siblings	: 3
core id		: 0
cpu cores	: 3
apicid		: 0
initial apicid	: 0
fdiv_bug	: no
f00f_bug	: no
coma_bug	: no
fpu		: yes
fpu_exception	: yes
cpuid level	: 22
wp		: yes
flags		: fpu vme de pse tsc msr pae mce cx8 apic sep mtrr pge mca cmov pat pse36 clflush dts mmx fxsr sse sse2 ss ht nx pdpe1gb rdtscp lm constant_tsc arch_perfmon pebs bts xtopology tsc_reliable nonstop_tsc aperfmperf pni pclmulqdq ssse3 fma cx16 pcid sse4_1 sse4_2 x2apic movbe popcnt aes xsave avx f16c rdrand hypervisor lahf_lm 3dnowprefetch ida arat epb pln pts dtherm hwp hwp_noitfy hwp_act_window hwp_epp fsgsbase smep
bugs		:
bogomips	: 4800.00
clflush size	: 64
cache_alignment	: 64
address sizes	: 40 bits physical, 48 bits virtual
power management:

processor	: 1
vendor_id	: GenuineIntel
cpu family	: 6
model		: 78
model name	: Intel(R) Core(TM) i5-6200U CPU @ 2.30GHz
stepping	: 3
microcode	: 0x8a
cpu MHz		: 2400.002
cache size	: 3072 KB
physical id	: 0
siblings	: 3
core id		: 1
cpu cores	: 3
apicid		: 1
initial apicid	: 1
fdiv_bug	: no
f00f_bug	: no
coma_bug	: no
fpu		: yes
fpu_exception	: yes
cpuid level	: 22
wp		: yes
flags		: fpu vme de pse tsc msr pae mce cx8 apic sep mtrr pge mca cmov pat pse36 clflush dts mmx fxsr sse sse2 ss ht nx pdpe1gb rdtscp lm constant_tsc arch_perfmon pebs bts xtopology tsc_reliable nonstop_tsc aperfmperf pni pclmulqdq ssse3 fma cx16 pcid sse4_1 sse4_2 x2apic movbe popcnt aes xsave avx f16c rdrand hypervisor lahf_lm 3dnowprefetch ida arat epb pln pts dtherm hwp hwp_noitfy hwp_act_window hwp_epp fsgsbase smep
bugs		:
bogomips	: 4800.00
clflush size	: 64
cache_alignment	: 64
address sizes	: 40 bits physical, 48 bits virtual
power management:

processor	: 2
vendor_id	: GenuineIntel
cpu family	: 6
model		: 78
model name	: Intel(R) Core(TM) i5-6200U CPU @ 2.30GHz
stepping	: 3
microcode	: 0x8a
cpu MHz		: 2400.002
cache size	: 3072 KB
physical id	: 0
siblings	: 3
core id		: 2
cpu cores	: 3
apicid		: 2
initial apicid	: 2
fdiv_bug	: no
f00f_bug	: no
coma_bug	: no
fpu		: yes
fpu_exception	: yes
cpuid level	: 22
wp		: yes
flags		: fpu vme de pse tsc msr pae mce cx8 apic sep mtrr pge mca cmov pat pse36 clflush dts mmx fxsr sse sse2 ss ht nx pdpe1gb rdtscp lm constant_tsc arch_perfmon pebs bts xtopology tsc_reliable nonstop_tsc aperfmperf pni pclmulqdq ssse3 fma cx16 pcid sse4_1 sse4_2 x2apic movbe popcnt aes xsave avx f16c rdrand hypervisor lahf_lm 3dnowprefetch ida arat epb pln pts dtherm hwp hwp_noitfy hwp_act_window hwp_epp fsgsbase smep
bugs		:
bogomips	: 4800.00
clflush size	: 64
cache_alignment	: 64
address sizes	: 40 bits physical, 48 bits virtual
power management:



Memory: 4k page, physical 2063044k(110956k free), swap 0k(0k free)

vm_info: OpenJDK Server VM (24.111-b01) for linux-x86 JRE (1.7.0_111-b01), built on Aug 12 2016 05:32:15 by "buildd" with gcc 4.8.4

time: Sun May 21 18:36:17 2017
elapsed time: 107 seconds

