#
# There is insufficient memory for the Java Runtime Environment to continue.
# Native memory allocation (malloc) failed to allocate 57409536 bytes for committing reserved memory.
# Possible reasons:
#   The system is out of physical RAM or swap space
#   In 32 bit mode, the process size limit was hit
# Possible solutions:
#   Reduce memory load on the system
#   Increase physical memory or swap space
#   Check if swap backing store is full
#   Use 64 bit Java on a 64 bit OS
#   Decrease Java heap size (-Xmx/-Xms)
#   Decrease number of Java threads
#   Decrease Java thread stack sizes (-Xss)
#   Set larger code cache with -XX:ReservedCodeCacheSize=
# This output file may be truncated or incomplete.
#
#  Out of Memory Error (os_linux.cpp:2827), pid=21661, tid=1851472704
#
# JRE version: OpenJDK Runtime Environment (7.0_111-b01) (build 1.7.0_111-b01)
# Java VM: OpenJDK Server VM (24.111-b01 mixed mode linux-x86 )
# Derivative: IcedTea 2.6.7
# Distribution: Ubuntu 14.04 LTS, package 7u111-2.6.7-0ubuntu0.14.04.3
# Core dump written. Default location: /home/salas/Tic-Tac-Toe/client/core or core.21661
#

---------------  T H R E A D  ---------------

Current thread (0x6e648800):  VMThread [stack: 0x6e533000,0x6e5b4000] [id=21666]

Stack: [0x6e533000,0x6e5b4000]
VM_Operation (0x6f89f888): ParallelGCFailedAllocation, mode: safepoint, requested by thread 0x6f730400


---------------  P R O C E S S  ---------------

Java Threads: ( => current thread )
  0x41407800 JavaThread "DestroyJavaVM" [_thread_blocked, id=21662, stack(0x412dc000,0x4132d000)]
  0x6f730400 JavaThread "AWT-EventQueue-0" [_thread_blocked, id=21677, stack(0x6f851000,0x6f8a2000)]
  0x6f72f400 JavaThread "AWT-Shutdown" [_thread_blocked, id=21676, stack(0x6f800000,0x6f851000)]
  0x6eedd400 JavaThread "AWT-XAWT" daemon [_thread_in_native, id=21675, stack(0x6f6a6000,0x6f6f7000)]
  0x6eec7400 JavaThread "Java2D Disposer" daemon [_thread_blocked, id=21674, stack(0x6f62e000,0x6f67f000)]
  0x6e664000 JavaThread "Service Thread" daemon [_thread_blocked, id=21672, stack(0x6ed26000,0x6ed77000)]
  0x6e662400 JavaThread "C2 CompilerThread1" daemon [_thread_blocked, id=21671, stack(0x6eca5000,0x6ed26000)]
  0x6e660000 JavaThread "C2 CompilerThread0" daemon [_thread_blocked, id=21670, stack(0x6ec24000,0x6eca5000)]
  0x6e65e800 JavaThread "Signal Dispatcher" daemon [_thread_blocked, id=21669, stack(0x6ebd3000,0x6ec24000)]
  0x6e64cc00 JavaThread "Finalizer" daemon [_thread_blocked, id=21668, stack(0x6e851000,0x6e8a2000)]
  0x6e64b000 JavaThread "Reference Handler" daemon [_thread_blocked, id=21667, stack(0x6e800000,0x6e851000)]

Other Threads:
=>0x6e648800 VMThread [stack: 0x6e533000,0x6e5b4000] [id=21666]
  0x6e666000 WatcherThread [stack: 0x6ed77000,0x6edf8000] [id=21673]

VM state:at safepoint (normal execution)

VM Mutex/Monitor currently owned by a thread:  ([mutex/lock_event])
[0x41404e58] Threads_lock - owner thread: 0x6e648800
[0x41405268] Heap_lock - owner thread: 0x6f730400

Heap
 PSYoungGen      total 110336K, used 7154K [0x61b00000, 0x68f00000, 0x6c5c0000)
  eden space 103168K, 0% used [0x61b00000,0x61b00000,0x67fc0000)
  from space 7168K, 99% used [0x67fc0000,0x686bcae0,0x686c0000)
  to   space 5888K, 0% used [0x686c0000,0x686c0000,0x68c80000)
 ParOldGen       total 21504K, used 17181K [0x4c5c0000, 0x4dac0000, 0x61b00000)
  object space 21504K, 79% used [0x4c5c0000,0x4d687580,0x4dac0000)
 PSPermGen       total 16384K, used 11860K [0x445c0000, 0x455c0000, 0x4c5c0000)
  object space 16384K, 72% used [0x445c0000,0x451552f0,0x455c0000)

Card table byte_map: [0x6c5c0000,0x6c701000] byte_map_base: 0x6c39d200

Polling page: 0x4011e000

Code Cache  [0x41500000, 0x41740000, 0x44500000)
 total_blobs=712 nmethods=486 adapters=179 free_code_cache=47827Kb largest_free_block=48945664

Compilation events (10 events):
Event: 14,775 Thread 0x6e660000  497             java.lang.Integer::highestOneBit (38 bytes)
Event: 14,776 Thread 0x6e660000 nmethod 497 0x41642288 code [0x41642360, 0x416423b0]
Event: 14,962 Thread 0x6e662400  498             com.sun.org.apache.xerces.internal.util.XMLAttributesImpl::getURI (29 bytes)
Event: 14,963 Thread 0x6e662400 nmethod 498 0x41649688 code [0x41649780, 0x41649850]
Event: 14,963 Thread 0x6e662400  499             com.sun.org.apache.xerces.internal.util.XMLAttributesImpl::getQName (38 bytes)
Event: 14,964 Thread 0x6e662400 nmethod 499 0x41649348 code [0x41649440, 0x41649530]
Event: 14,964 Thread 0x6e662400  500             com.sun.org.apache.xerces.internal.util.XMLAttributesImpl::getValue (69 bytes)
Event: 14,970 Thread 0x6e662400 nmethod 500 0x41647c88 code [0x41647dc0, 0x41648270]
Event: 15,024 Thread 0x6e660000  501   !         java.lang.ref.ReferenceQueue::poll (28 bytes)
Event: 15,025 Thread 0x6e660000 nmethod 501 0x41649108 code [0x41649200, 0x41649270]

GC Heap History (10 events):
Event: 10,106 GC heap after
Heap after GC invocations=6 (full 0):
 PSYoungGen      total 36608K, used 3058K [0x61b00000, 0x64280000, 0x6c5c0000)
  eden space 32768K, 0% used [0x61b00000,0x61b00000,0x63b00000)
  from space 3840K, 79% used [0x63ec0000,0x641bc9c8,0x64280000)
  to   space 3840K, 0% used [0x63b00000,0x63b00000,0x63ec0000)
 ParOldGen       total 21504K, used 7039K [0x4c5c0000, 0x4dac0000, 0x61b00000)
  object space 21504K, 32% used [0x4c5c0000,0x4cc9fe68,0x4dac0000)
 PSPermGen       total 16384K, used 11698K [0x445c0000, 0x455c0000, 0x4c5c0000)
  object space 16384K, 71% used [0x445c0000,0x4512c8f0,0x455c0000)
}
Event: 10,724 GC heap before
{Heap before GC invocations=7 (full 0):
 PSYoungGen      total 36608K, used 35826K [0x61b00000, 0x64280000, 0x6c5c0000)
  eden space 32768K, 100% used [0x61b00000,0x63b00000,0x63b00000)
  from space 3840K, 79% used [0x63ec0000,0x641bc9c8,0x64280000)
  to   space 3840K, 0% used [0x63b00000,0x63b00000,0x63ec0000)
 ParOldGen       total 21504K, used 7039K [0x4c5c0000, 0x4dac0000, 0x61b00000)
  object space 21504K, 32% used [0x4c5c0000,0x4cc9fe68,0x4dac0000)
 PSPermGen       total 16384K, used 11725K [0x445c0000, 0x455c0000, 0x4c5c0000)
  object space 16384K, 71% used [0x445c0000,0x451337e8,0x455c0000)
Event: 10,734 GC heap after
Heap after GC invocations=7 (full 0):
 PSYoungGen      total 36608K, used 3633K [0x61b00000, 0x66300000, 0x6c5c0000)
  eden space 32768K, 0% used [0x61b00000,0x61b00000,0x63b00000)
  from space 3840K, 94% used [0x63b00000,0x63e8c580,0x63ec0000)
  to   space 4096K, 0% used [0x65f00000,0x65f00000,0x66300000)
 ParOldGen       total 21504K, used 8268K [0x4c5c0000, 0x4dac0000, 0x61b00000)
  object space 21504K, 38% used [0x4c5c0000,0x4cdd3140,0x4dac0000)
 PSPermGen       total 16384K, used 11725K [0x445c0000, 0x455c0000, 0x4c5c0000)
  object space 16384K, 71% used [0x445c0000,0x451337e8,0x455c0000)
}
Event: 11,294 GC heap before
{Heap before GC invocations=8 (full 0):
 PSYoungGen      total 36608K, used 36401K [0x61b00000, 0x66300000, 0x6c5c0000)
  eden space 32768K, 100% used [0x61b00000,0x63b00000,0x63b00000)
  from space 3840K, 94% used [0x63b00000,0x63e8c580,0x63ec0000)
  to   space 4096K, 0% used [0x65f00000,0x65f00000,0x66300000)
 ParOldGen       total 21504K, used 8268K [0x4c5c0000, 0x4dac0000, 0x61b00000)
  object space 21504K, 38% used [0x4c5c0000,0x4cdd3140,0x4dac0000)
 PSPermGen       total 16384K, used 11751K [0x445c0000, 0x455c0000, 0x4c5c0000)
  object space 16384K, 71% used [0x445c0000,0x45139dd0,0x455c0000)
Event: 11,301 GC heap after
Heap after GC invocations=8 (full 0):
 PSYoungGen      total 69376K, used 3697K [0x61b00000, 0x66380000, 0x6c5c0000)
  eden space 65280K, 0% used [0x61b00000,0x61b00000,0x65ac0000)
  from space 4096K, 90% used [0x65f00000,0x6629c5a0,0x66300000)
  to   space 4352K, 0% used [0x65ac0000,0x65ac0000,0x65f00000)
 ParOldGen       total 21504K, used 8284K [0x4c5c0000, 0x4dac0000, 0x61b00000)
  object space 21504K, 38% used [0x4c5c0000,0x4cdd7140,0x4dac0000)
 PSPermGen       total 16384K, used 11751K [0x445c0000, 0x455c0000, 0x4c5c0000)
  object space 16384K, 71% used [0x445c0000,0x45139dd0,0x455c0000)
}
Event: 12,557 GC heap before
{Heap before GC invocations=9 (full 0):
 PSYoungGen      total 69376K, used 68977K [0x61b00000, 0x66380000, 0x6c5c0000)
  eden space 65280K, 100% used [0x61b00000,0x65ac0000,0x65ac0000)
  from space 4096K, 90% used [0x65f00000,0x6629c5a0,0x66300000)
  to   space 4352K, 0% used [0x65ac0000,0x65ac0000,0x65f00000)
 ParOldGen       total 21504K, used 8284K [0x4c5c0000, 0x4dac0000, 0x61b00000)
  object space 21504K, 38% used [0x4c5c0000,0x4cdd7140,0x4dac0000)
 PSPermGen       total 16384K, used 11788K [0x445c0000, 0x455c0000, 0x4c5c0000)
  object space 16384K, 71% used [0x445c0000,0x45143258,0x455c0000)
Event: 12,578 GC heap after
Heap after GC invocations=9 (full 0):
 PSYoungGen      total 69632K, used 4345K [0x61b00000, 0x68c80000, 0x6c5c0000)
  eden space 65280K, 0% used [0x61b00000,0x61b00000,0x65ac0000)
  from space 4352K, 99% used [0x65ac0000,0x65efe690,0x65f00000)
  to   space 5888K, 0% used [0x686c0000,0x686c0000,0x68c80000)
 ParOldGen       total 21504K, used 11221K [0x4c5c0000, 0x4dac0000, 0x61b00000)
  object space 21504K, 52% used [0x4c5c0000,0x4d0b57f0,0x4dac0000)
 PSPermGen       total 16384K, used 11788K [0x445c0000, 0x455c0000, 0x4c5c0000)
  object space 16384K, 71% used [0x445c0000,0x45143258,0x455c0000)
}
Event: 13,655 GC heap before
{Heap before GC invocations=10 (full 0):
 PSYoungGen      total 69632K, used 69625K [0x61b00000, 0x68c80000, 0x6c5c0000)
  eden space 65280K, 100% used [0x61b00000,0x65ac0000,0x65ac0000)
  from space 4352K, 99% used [0x65ac0000,0x65efe690,0x65f00000)
  to   space 5888K, 0% used [0x686c0000,0x686c0000,0x68c80000)
 ParOldGen       total 21504K, used 11221K [0x4c5c0000, 0x4dac0000, 0x61b00000)
  object space 21504K, 52% used [0x4c5c0000,0x4d0b57f0,0x4dac0000)
 PSPermGen       total 16384K, used 11822K [0x445c0000, 0x455c0000, 0x4c5c0000)
  object space 16384K, 72% used [0x445c0000,0x4514b878,0x455c0000)
Event: 13,699 GC heap after
Heap after GC invocations=10 (full 0):
 PSYoungGen      total 109056K, used 5874K [0x61b00000, 0x68f00000, 0x6c5c0000)
  eden space 103168K, 0% used [0x61b00000,0x61b00000,0x67fc0000)
  from space 5888K, 99% used [0x686c0000,0x68c7c8e0,0x68c80000)
  to   space 7168K, 0% used [0x67fc0000,0x67fc0000,0x686c0000)
 ParOldGen       total 21504K, used 12690K [0x4c5c0000, 0x4dac0000, 0x61b00000)
  object space 21504K, 59% used [0x4c5c0000,0x4d224b50,0x4dac0000)
 PSPermGen       total 16384K, used 11822K [0x445c0000, 0x455c0000, 0x4c5c0000)
  object space 16384K, 72% used [0x445c0000,0x4514b878,0x455c0000)
}
Event: 15,082 GC heap before
{Heap before GC invocations=11 (full 0):
 PSYoungGen      total 109056K, used 109042K [0x61b00000, 0x68f00000, 0x6c5c0000)
  eden space 103168K, 100% used [0x61b00000,0x67fc0000,0x67fc0000)
  from space 5888K, 99% used [0x686c0000,0x68c7c8e0,0x68c80000)
  to   space 7168K, 0% used [0x67fc0000,0x67fc0000,0x686c0000)
 ParOldGen       total 21504K, used 12690K [0x4c5c0000, 0x4dac0000, 0x61b00000)
  object space 21504K, 59% used [0x4c5c0000,0x4d224b50,0x4dac0000)
 PSPermGen       total 16384K, used 11860K [0x445c0000, 0x455c0000, 0x4c5c0000)
  object space 16384K, 72% used [0x445c0000,0x451552f0,0x455c0000)

Deoptimization events (10 events):
Event: 8,679 Thread 0x6f730400 Uncommon trap: reason=unstable_if action=reinterpret pc=0x4156e680 method=java.lang.String.toLowerCase(Ljava/util/Locale;)Ljava/lang/String; @ 85
Event: 8,680 Thread 0x6f730400 Uncommon trap: reason=bimorphic action=maybe_recompile pc=0x415613e8 method=java.util.Properties$LineReader.readLine()I @ 402
Event: 8,694 Thread 0x6f730400 Uncommon trap: reason=class_check action=maybe_recompile pc=0x41568464 method=java.io.DataInputStream.readInt()I @ 4
Event: 8,694 Thread 0x6f730400 Uncommon trap: reason=class_check action=maybe_recompile pc=0x41568464 method=java.io.DataInputStream.readInt()I @ 4
Event: 8,694 Thread 0x6f730400 Uncommon trap: reason=class_check action=maybe_recompile pc=0x41568464 method=java.io.DataInputStream.readInt()I @ 4
Event: 8,694 Thread 0x6f730400 Uncommon trap: reason=class_check action=maybe_recompile pc=0x41568464 method=java.io.DataInputStream.readInt()I @ 4
Event: 8,863 Thread 0x6f730400 Uncommon trap: reason=predicate action=maybe_recompile pc=0x41562eec method=sun.net.www.ParseUtil.encodePath(Ljava/lang/String;Z)Ljava/lang/String; @ 36
Event: 8,894 Thread 0x6f730400 Uncommon trap: reason=unstable_if action=reinterpret pc=0x4155f440 method=java.lang.String.replace(CC)Ljava/lang/String; @ 26
Event: 12,096 Thread 0x6f730400 Uncommon trap: reason=null_check action=make_not_entrant pc=0x4160efa4 method=com.sun.org.apache.xerces.internal.dom.NamedNodeMapImpl.findNamePoint(Ljava/lang/String;Ljava/lang/String;)I @ 105
Event: 12,231 Thread 0x6f730400 Uncommon trap: reason=unstable_if action=reinterpret pc=0x415c1950 method=java.lang.String.equalsIgnoreCase(Ljava/lang/String;)Z @ 10

Internal exceptions (10 events):
Event: 15,076 Thread 0x6f730400 Threw 0x67f4d7a0 at /build/openjdk-7-Ylwexc/openjdk-7-7u111-2.6.7/build/openjdk/hotspot/src/share/vm/prims/jvm.cpp:1322
Event: 15,076 Thread 0x6f730400 Threw 0x67f4e7d8 at /build/openjdk-7-Ylwexc/openjdk-7-7u111-2.6.7/build/openjdk/hotspot/src/share/vm/prims/jvm.cpp:1322
Event: 15,076 Thread 0x6f730400 Threw 0x67f4ea48 at /build/openjdk-7-Ylwexc/openjdk-7-7u111-2.6.7/build/openjdk/hotspot/src/share/vm/classfile/systemDictionary.cpp:174
Event: 15,076 Thread 0x6f730400 Threw 0x67f51978 at /build/openjdk-7-Ylwexc/openjdk-7-7u111-2.6.7/build/openjdk/hotspot/src/share/vm/prims/jni.cpp:721
Event: 15,077 Thread 0x6f730400 Threw 0x67f6f3f0 at /build/openjdk-7-Ylwexc/openjdk-7-7u111-2.6.7/build/openjdk/hotspot/src/share/vm/classfile/systemDictionary.cpp:185
Event: 15,079 Thread 0x6f730400 Threw 0x67f8a720 at /build/openjdk-7-Ylwexc/openjdk-7-7u111-2.6.7/build/openjdk/hotspot/src/share/vm/prims/jvm.cpp:1322
Event: 15,079 Thread 0x6f730400 Threw 0x67f8b758 at /build/openjdk-7-Ylwexc/openjdk-7-7u111-2.6.7/build/openjdk/hotspot/src/share/vm/prims/jvm.cpp:1322
Event: 15,079 Thread 0x6f730400 Threw 0x67f8b9c8 at /build/openjdk-7-Ylwexc/openjdk-7-7u111-2.6.7/build/openjdk/hotspot/src/share/vm/classfile/systemDictionary.cpp:174
Event: 15,079 Thread 0x6f730400 Threw 0x67f8e8f8 at /build/openjdk-7-Ylwexc/openjdk-7-7u111-2.6.7/build/openjdk/hotspot/src/share/vm/prims/jni.cpp:721
Event: 15,080 Thread 0x6f730400 Threw 0x67fac398 at /build/openjdk-7-Ylwexc/openjdk-7-7u111-2.6.7/build/openjdk/hotspot/src/share/vm/classfile/systemDictionary.cpp:185

Events (10 events):
Event: 15,074 loading class 0x6fbadf90 done
Event: 15,076 loading class 0x6fa491d0
Event: 15,076 loading class 0x6fa491d0 done
Event: 15,077 loading class 0x6fbadf90
Event: 15,077 loading class 0x6fbadf90 done
Event: 15,079 loading class 0x6fa491d0
Event: 15,079 loading class 0x6fa491d0 done
Event: 15,080 loading class 0x6fbadf90
Event: 15,080 loading class 0x6fbadf90 done
Event: 15,081 Executing VM operation: ParallelGCFailedAllocation


Dynamic libraries:
08048000-08049000 r-xp 00000000 08:01 153314     /usr/lib/jvm/java-7-openjdk-i386/jre/bin/java
08049000-0804a000 r--p 00000000 08:01 153314     /usr/lib/jvm/java-7-openjdk-i386/jre/bin/java
0804a000-0804b000 rw-p 00001000 08:01 153314     /usr/lib/jvm/java-7-openjdk-i386/jre/bin/java
084a0000-08524000 rw-p 00000000 00:00 0          [heap]
400d7000-400f7000 r-xp 00000000 08:01 14543      /lib/i386-linux-gnu/ld-2.19.so
400f7000-400f8000 r--p 0001f000 08:01 14543      /lib/i386-linux-gnu/ld-2.19.so
400f8000-400f9000 rw-p 00020000 08:01 14543      /lib/i386-linux-gnu/ld-2.19.so
400f9000-400fb000 r--p 00000000 00:00 0          [vvar]
400fb000-400fd000 r-xp 00000000 00:00 0          [vdso]
400fd000-40100000 rw-p 00000000 00:00 0 
40100000-4010c000 r-xp 00000000 08:01 156062     /usr/lib/jvm/java-7-openjdk-i386/jre/lib/i386/jli/libjli.so
4010c000-4010d000 r--p 0000c000 08:01 156062     /usr/lib/jvm/java-7-openjdk-i386/jre/lib/i386/jli/libjli.so
4010d000-4010e000 rw-p 0000d000 08:01 156062     /usr/lib/jvm/java-7-openjdk-i386/jre/lib/i386/jli/libjli.so
4010e000-4011c000 r-xp 00000000 08:01 153348     /usr/lib/jvm/java-7-openjdk-i386/jre/lib/i386/libverify.so
4011c000-4011d000 r--p 0000d000 08:01 153348     /usr/lib/jvm/java-7-openjdk-i386/jre/lib/i386/libverify.so
4011d000-4011e000 rw-p 0000e000 08:01 153348     /usr/lib/jvm/java-7-openjdk-i386/jre/lib/i386/libverify.so
4011e000-4011f000 ---p 00000000 00:00 0 
4011f000-40120000 rw-p 00000000 00:00 0 
40120000-40121000 r--p 003f0000 08:01 135305     /usr/lib/locale/locale-archive
40121000-40123000 r--s 00006000 08:01 264456     /usr/share/java/java-atk-wrapper.jar
40123000-40124000 r--s 00002000 08:01 157113     /usr/lib/jvm/java-7-openjdk-i386/jre/lib/ext/dnsns.jar
40124000-402cc000 r-xp 00000000 08:01 15546      /lib/i386-linux-gnu/libc-2.19.so
402cc000-402cd000 ---p 001a8000 08:01 15546      /lib/i386-linux-gnu/libc-2.19.so
402cd000-402cf000 r--p 001a8000 08:01 15546      /lib/i386-linux-gnu/libc-2.19.so
402cf000-402d0000 rw-p 001aa000 08:01 15546      /lib/i386-linux-gnu/libc-2.19.so
402d0000-402d3000 rw-p 00000000 00:00 0 
402d3000-402d6000 r-xp 00000000 08:01 14529      /lib/i386-linux-gnu/libdl-2.19.so
402d6000-402d7000 r--p 00002000 08:01 14529      /lib/i386-linux-gnu/libdl-2.19.so
402d7000-402d8000 rw-p 00003000 08:01 14529      /lib/i386-linux-gnu/libdl-2.19.so
402d8000-402f0000 r-xp 00000000 08:01 14539      /lib/i386-linux-gnu/libpthread-2.19.so
402f0000-402f1000 r--p 00018000 08:01 14539      /lib/i386-linux-gnu/libpthread-2.19.so
402f1000-402f2000 rw-p 00019000 08:01 14539      /lib/i386-linux-gnu/libpthread-2.19.so
402f2000-402f4000 rw-p 00000000 00:00 0 
402f4000-4030c000 r-xp 00000000 08:01 8166       /lib/i386-linux-gnu/libz.so.1.2.8
4030c000-4030d000 r--p 00017000 08:01 8166       /lib/i386-linux-gnu/libz.so.1.2.8
4030d000-4030e000 rw-p 00018000 08:01 8166       /lib/i386-linux-gnu/libz.so.1.2.8
4030e000-40310000 rw-p 00000000 00:00 0 
40310000-40d0d000 r-xp 00000000 08:01 155344     /usr/lib/jvm/java-7-openjdk-i386/jre/lib/i386/server/libjvm.so
40d0d000-40d0e000 ---p 009fd000 08:01 155344     /usr/lib/jvm/java-7-openjdk-i386/jre/lib/i386/server/libjvm.so
40d0e000-40d60000 r--p 009fd000 08:01 155344     /usr/lib/jvm/java-7-openjdk-i386/jre/lib/i386/server/libjvm.so
40d60000-40d74000 rw-p 00a4f000 08:01 155344     /usr/lib/jvm/java-7-openjdk-i386/jre/lib/i386/server/libjvm.so
40d74000-41191000 rw-p 00000000 00:00 0 
41191000-4126d000 r-xp 00000000 08:01 134510     /usr/lib/i386-linux-gnu/libstdc++.so.6.0.19
4126d000-41271000 r--p 000dc000 08:01 134510     /usr/lib/i386-linux-gnu/libstdc++.so.6.0.19
41271000-41272000 rw-p 000e0000 08:01 134510     /usr/lib/i386-linux-gnu/libstdc++.so.6.0.19
41272000-41279000 rw-p 00000000 00:00 0 
41279000-412bd000 r-xp 00000000 08:01 14525      /lib/i386-linux-gnu/libm-2.19.so
412bd000-412be000 r--p 00043000 08:01 14525      /lib/i386-linux-gnu/libm-2.19.so
412be000-412bf000 rw-p 00044000 08:01 14525      /lib/i386-linux-gnu/libm-2.19.so
412bf000-412db000 r-xp 00000000 08:01 3513       /lib/i386-linux-gnu/libgcc_s.so.1
412db000-412dc000 rw-p 0001b000 08:01 3513       /lib/i386-linux-gnu/libgcc_s.so.1
412dc000-412df000 ---p 00000000 00:00 0 
412df000-4132d000 rw-p 00000000 00:00 0 
4132d000-41334000 r-xp 00000000 08:01 15543      /lib/i386-linux-gnu/librt-2.19.so
41334000-41335000 r--p 00006000 08:01 15543      /lib/i386-linux-gnu/librt-2.19.so
41335000-41336000 rw-p 00007000 08:01 15543      /lib/i386-linux-gnu/librt-2.19.so
41336000-4135d000 r-xp 00000000 08:01 153804     /usr/lib/jvm/java-7-openjdk-i386/jre/lib/i386/libjava.so
4135d000-4135e000 r--p 00026000 08:01 153804     /usr/lib/jvm/java-7-openjdk-i386/jre/lib/i386/libjava.so
4135e000-4135f000 rw-p 00027000 08:01 153804     /usr/lib/jvm/java-7-openjdk-i386/jre/lib/i386/libjava.so
4135f000-41367000 rw-s 00000000 08:01 535352     /tmp/hsperfdata_salas/21661
41367000-4136f000 r-xp 00000000 08:01 157083     /usr/lib/jvm/java-7-openjdk-i386/jre/lib/i386/libzip.so
4136f000-41370000 r--p 00007000 08:01 157083     /usr/lib/jvm/java-7-openjdk-i386/jre/lib/i386/libzip.so
41370000-41371000 rw-p 00008000 08:01 157083     /usr/lib/jvm/java-7-openjdk-i386/jre/lib/i386/libzip.so
41371000-41375000 r--s 00034000 08:01 157112     /usr/lib/jvm/java-7-openjdk-i386/jre/lib/ext/sunjce_provider.jar
41375000-4137c000 r-xp 00000000 08:01 14535      /lib/i386-linux-gnu/libnss_compat-2.19.so
4137c000-4137d000 r--p 00006000 08:01 14535      /lib/i386-linux-gnu/libnss_compat-2.19.so
4137d000-4137e000 rw-p 00007000 08:01 14535      /lib/i386-linux-gnu/libnss_compat-2.19.so
4137e000-41393000 r-xp 00000000 08:01 14537      /lib/i386-linux-gnu/libnsl-2.19.so
41393000-41394000 r--p 00015000 08:01 14537      /lib/i386-linux-gnu/libnsl-2.19.so
41394000-41395000 rw-p 00016000 08:01 14537      /lib/i386-linux-gnu/libnsl-2.19.so
41395000-41397000 rw-p 00000000 00:00 0 
41397000-413a1000 r-xp 00000000 08:01 14727      /lib/i386-linux-gnu/libnss_nis-2.19.so
413a1000-413a2000 r--p 00009000 08:01 14727      /lib/i386-linux-gnu/libnss_nis-2.19.so
413a2000-413a3000 rw-p 0000a000 08:01 14727      /lib/i386-linux-gnu/libnss_nis-2.19.so
413a3000-413ad000 r-xp 00000000 08:01 15585      /lib/i386-linux-gnu/libnss_files-2.19.so
413ad000-413ae000 r--p 00009000 08:01 15585      /lib/i386-linux-gnu/libnss_files-2.19.so
413ae000-413af000 rw-p 0000a000 08:01 15585      /lib/i386-linux-gnu/libnss_files-2.19.so
413af000-413b7000 rw-p 00000000 00:00 0 
413b7000-413ef000 rw-p 00000000 00:00 0 
413ef000-413fe000 rw-p 00000000 00:00 0 
413fe000-41400000 r--s 00012000 08:01 157115     /usr/lib/jvm/java-7-openjdk-i386/jre/lib/ext/zipfs.jar
41400000-414fe000 rw-p 00000000 00:00 0 
414fe000-41500000 ---p 00000000 00:00 0 
41500000-41740000 rwxp 00000000 00:00 0 
41740000-44500000 rw-p 00000000 00:00 0 
44500000-44509000 rw-p 00000000 00:00 0 
44509000-445c0000 rw-p 00000000 00:00 0 
445c0000-455c0000 rw-p 00000000 00:00 0 
455c0000-4c5c0000 rw-p 00000000 00:00 0 
4c5c0000-4dac0000 rw-p 00000000 00:00 0 
4dac0000-61b00000 rw-p 00000000 00:00 0 
61b00000-68f00000 rw-p 00000000 00:00 0 
6c5c0000-6c5c8000 rw-p 00000000 00:00 0 
6c5c8000-6c600000 rw-p 00000000 00:00 0 
6c600000-6c60b000 rw-p 00000000 00:00 0 
6c60b000-6c6aa000 rw-p 00000000 00:00 0 
6c6aa000-6c6e5000 rw-p 00000000 00:00 0 
6c6e5000-6c700000 rw-p 00000000 00:00 0 
6c700000-6c70c000 rw-p 00000000 00:00 0 
6c70c000-6c7ac000 rw-p 00000000 00:00 0 
6c7ac000-6c7ad000 ---p 00000000 00:00 0 
6c7ad000-6c82d000 rw-p 00000000 00:00 0 
6c82d000-6c82e000 ---p 00000000 00:00 0 
6c82e000-6c8f7000 rw-p 00000000 00:00 0 
6c8f7000-6c8fb000 r--s 00085000 08:01 157111     /usr/lib/jvm/java-7-openjdk-i386/jre/lib/ext/localedata.jar
6c8fb000-6c8fe000 r--s 0000f000 08:01 157110     /usr/lib/jvm/java-7-openjdk-i386/jre/lib/ext/icedtea-sound.jar
6c8fe000-6c900000 r--s 00007000 08:01 433287     /home/salas/Tic-Tac-Toe/client/lib/axis-ant.jar
6c900000-6c9f8000 rw-p 00000000 00:00 0 
6c9f8000-6ca00000 ---p 00000000 00:00 0 
6ca00000-6cafa000 rw-p 00000000 00:00 0 
6cafa000-6cb00000 ---p 00000000 00:00 0 
6cb00000-6cb01000 ---p 00000000 00:00 0 
6cb01000-6cbdc000 rw-p 00000000 00:00 0 
6cbdc000-6cbdf000 r--s 0003d000 08:01 157107     /usr/lib/jvm/java-7-openjdk-i386/jre/lib/ext/sunpkcs11.jar
6cbdf000-6cbe1000 r--s 00008000 08:01 433290     /home/salas/Tic-Tac-Toe/client/lib/commons-logging-1.0.4.jar
6cbe1000-6cbf5000 r--s 00173000 08:01 433288     /home/salas/Tic-Tac-Toe/client/lib/axis.jar
6cbf5000-6cbf7000 r--s 00006000 08:01 433291     /home/salas/Tic-Tac-Toe/client/lib/jaxrpc.jar
6cbf7000-6cbf8000 r--s 00004000 08:01 433294     /home/salas/Tic-Tac-Toe/client/lib/saaj.jar
6cbf8000-6cbfb000 r--s 0000f000 08:01 433289     /home/salas/Tic-Tac-Toe/client/lib/commons-discovery-0.2.jar
6cbfb000-6cbfe000 r--s 0001c000 08:01 433295     /home/salas/Tic-Tac-Toe/client/lib/wsdl4j-1.5.1.jar
6cbfe000-6cc00000 r--s 0000c000 08:01 433286     /home/salas/Tic-Tac-Toe/client/lib/activation.jar
6cc00000-6cc21000 rw-p 00000000 00:00 0 
6cc21000-6cd00000 ---p 00000000 00:00 0 
6cd00000-6e380000 rw-p 00000000 00:00 0 
6e380000-6e533000 r--s 01d3d000 08:01 153330     /usr/lib/jvm/java-7-openjdk-i386/jre/lib/rt.jar
6e533000-6e534000 ---p 00000000 00:00 0 
6e534000-6e5b4000 rw-p 00000000 00:00 0 
6e5b4000-6e5bc000 r--s 0004f000 08:01 433292     /home/salas/Tic-Tac-Toe/client/lib/log4j-1.2.8.jar
6e5bc000-6e5c2000 r--s 00051000 08:01 433293     /home/salas/Tic-Tac-Toe/client/lib/mail.jar
6e5c2000-6e5c3000 r--s 00000000 08:01 535514     /home/salas/Tic-Tac-Toe/common/common.jar
6e5c3000-6e5c5000 r--s 0000a000 08:01 433296     /home/salas/Tic-Tac-Toe/client/client.jar
6e5c5000-6e5cc000 r--s 00000000 08:01 142490     /usr/lib/i386-linux-gnu/gconv/gconv-modules.cache
6e5cc000-6e5d6000 r--s 000ae000 08:01 153332     /usr/lib/jvm/java-7-openjdk-i386/jre/lib/resources.jar
6e5d6000-6e5da000 r--s 0004f000 08:01 157088     /usr/lib/jvm/java-7-openjdk-i386/jre/lib/jsse.jar
6e5db000-6e5ec000 r-xp 00000000 08:01 133917     /usr/lib/i386-linux-gnu/libXext.so.6.4.0
6e5ec000-6e5ed000 r--p 00010000 08:01 133917     /usr/lib/i386-linux-gnu/libXext.so.6.4.0
6e5ed000-6e5ee000 rw-p 00011000 08:01 133917     /usr/lib/i386-linux-gnu/libXext.so.6.4.0
6e5ee000-6e5f7000 r-xp 00000000 08:01 134972     /usr/lib/i386-linux-gnu/libXrender.so.1.3.0
6e5f7000-6e5f8000 r--p 00008000 08:01 134972     /usr/lib/i386-linux-gnu/libXrender.so.1.3.0
6e5f8000-6e5f9000 rw-p 00009000 08:01 134972     /usr/lib/i386-linux-gnu/libXrender.so.1.3.0
6e5f9000-6e5fb000 r-xp 00000000 08:01 134772     /usr/lib/i386-linux-gnu/libXcomposite.so.1.0.0
6e5fb000-6e5fc000 r--p 00001000 08:01 134772     /usr/lib/i386-linux-gnu/libXcomposite.so.1.0.0
6e5fc000-6e5fd000 rw-p 00002000 08:01 134772     /usr/lib/i386-linux-gnu/libXcomposite.so.1.0.0
6e5fd000-6e5ff000 r--s 00018000 08:01 153328     /usr/lib/jvm/java-7-openjdk-i386/jre/lib/jce.jar
6e600000-6e6fe000 rw-p 00000000 00:00 0 
6e6fe000-6e700000 ---p 00000000 00:00 0 
6e700000-6e721000 rw-p 00000000 00:00 0 
6e721000-6e800000 ---p 00000000 00:00 0 
6e800000-6e803000 ---p 00000000 00:00 0 
6e803000-6e851000 rw-p 00000000 00:00 0 
6e851000-6e854000 ---p 00000000 00:00 0 
6e854000-6e8a2000 rw-p 00000000 00:00 0 
6e8a2000-6eaa2000 r--p 00000000 08:01 135305     /usr/lib/locale/locale-archive
6eaa2000-6ebd3000 r--p 00188000 08:01 135305     /usr/lib/locale/locale-archive
6ebd3000-6ebd6000 ---p 00000000 00:00 0 
6ebd6000-6ec24000 rw-p 00000000 00:00 0 
6ec24000-6ec27000 ---p 00000000 00:00 0 
6ec27000-6eca5000 rw-p 00000000 00:00 0 
6eca5000-6eca8000 ---p 00000000 00:00 0 
6eca8000-6ed26000 rw-p 00000000 00:00 0 
6ed26000-6ed29000 ---p 00000000 00:00 0 
6ed29000-6ed77000 rw-p 00000000 00:00 0 
6ed77000-6ed78000 ---p 00000000 00:00 0 
6ed78000-6edf8000 rw-p 00000000 00:00 0 
6edf8000-6edfd000 r-xp 00000000 08:01 134865     /usr/lib/i386-linux-gnu/libXtst.so.6.1.0
6edfd000-6edfe000 r--p 00004000 08:01 134865     /usr/lib/i386-linux-gnu/libXtst.so.6.1.0
6edfe000-6edff000 rw-p 00005000 08:01 134865     /usr/lib/i386-linux-gnu/libXtst.so.6.1.0
6ee00000-6ef00000 rw-p 00000000 00:00 0 
6ef00000-6ef8f000 r-xp 00000000 08:01 156790     /usr/lib/jvm/java-7-openjdk-i386/jre/lib/i386/libawt.so
6ef8f000-6ef90000 r--p 0008f000 08:01 156790     /usr/lib/jvm/java-7-openjdk-i386/jre/lib/i386/libawt.so
6ef90000-6ef97000 rw-p 00090000 08:01 156790     /usr/lib/jvm/java-7-openjdk-i386/jre/lib/i386/libawt.so
6ef97000-6efbb000 rw-p 00000000 00:00 0 
6efbb000-6f003000 r-xp 00000000 08:01 136255     /usr/lib/jvm/java-7-openjdk-i386/jre/lib/i386/xawt/libmawt.so
6f003000-6f004000 r--p 00048000 08:01 136255     /usr/lib/jvm/java-7-openjdk-i386/jre/lib/i386/xawt/libmawt.so
6f004000-6f006000 rw-p 00049000 08:01 136255     /usr/lib/jvm/java-7-openjdk-i386/jre/lib/i386/xawt/libmawt.so
6f006000-6f007000 rw-p 00000000 00:00 0 
6f007000-6f137000 r-xp 00000000 08:01 134799     /usr/lib/i386-linux-gnu/libX11.so.6.3.0
6f137000-6f138000 r--p 00130000 08:01 134799     /usr/lib/i386-linux-gnu/libX11.so.6.3.0
6f138000-6f13a000 rw-p 00131000 08:01 134799     /usr/lib/i386-linux-gnu/libX11.so.6.3.0
6f13a000-6f13b000 rw-p 00000000 00:00 0 
6f13b000-6f149000 r-xp 00000000 08:01 134580     /usr/lib/i386-linux-gnu/libXi.so.6.1.0
6f149000-6f14a000 r--p 0000e000 08:01 134580     /usr/lib/i386-linux-gnu/libXi.so.6.1.0
6f14a000-6f14b000 rw-p 0000f000 08:01 134580     /usr/lib/i386-linux-gnu/libXi.so.6.1.0
6f14b000-6f184000 r-xp 00000000 08:01 141390     /usr/lib/i386-linux-gnu/libfontconfig.so.1.8.0
6f184000-6f185000 r--p 00039000 08:01 141390     /usr/lib/i386-linux-gnu/libfontconfig.so.1.8.0
6f185000-6f186000 rw-p 0003a000 08:01 141390     /usr/lib/i386-linux-gnu/libfontconfig.so.1.8.0
6f186000-6f303000 r-xp 00000000 08:01 142363     /usr/lib/i386-linux-gnu/libgio-2.0.so.0.4002.0
6f303000-6f305000 r--p 0017d000 08:01 142363     /usr/lib/i386-linux-gnu/libgio-2.0.so.0.4002.0
6f305000-6f306000 rw-p 0017f000 08:01 142363     /usr/lib/i386-linux-gnu/libgio-2.0.so.0.4002.0
6f306000-6f307000 rw-p 00000000 00:00 0 
6f307000-6f357000 r-xp 00000000 08:01 138694     /usr/lib/i386-linux-gnu/libgobject-2.0.so.0.4002.0
6f357000-6f358000 r--p 0004f000 08:01 138694     /usr/lib/i386-linux-gnu/libgobject-2.0.so.0.4002.0
6f358000-6f359000 rw-p 00050000 08:01 138694     /usr/lib/i386-linux-gnu/libgobject-2.0.so.0.4002.0
6f359000-6f379000 r-xp 00000000 08:01 146024     /usr/lib/i386-linux-gnu/libxcb.so.1.1.0
6f379000-6f37a000 r--p 0001f000 08:01 146024     /usr/lib/i386-linux-gnu/libxcb.so.1.1.0
6f37a000-6f37b000 rw-p 00020000 08:01 146024     /usr/lib/i386-linux-gnu/libxcb.so.1.1.0
6f37b000-6f416000 r-xp 00000000 08:01 141974     /usr/lib/i386-linux-gnu/libfreetype.so.6.11.1
6f416000-6f41a000 r--p 0009a000 08:01 141974     /usr/lib/i386-linux-gnu/libfreetype.so.6.11.1
6f41a000-6f41b000 rw-p 0009e000 08:01 141974     /usr/lib/i386-linux-gnu/libfreetype.so.6.11.1
6f41b000-6f440000 r-xp 00000000 08:01 7756       /lib/i386-linux-gnu/libexpat.so.1.6.0
6f440000-6f441000 ---p 00025000 08:01 7756       /lib/i386-linux-gnu/libexpat.so.1.6.0
6f441000-6f443000 r--p 00025000 08:01 7756       /lib/i386-linux-gnu/libexpat.so.1.6.0
6f443000-6f444000 rw-p 00027000 08:01 7756       /lib/i386-linux-gnu/libexpat.so.1.6.0
6f444000-6f447000 r-xp 00000000 08:01 142365     /usr/lib/i386-linux-gnu/libgmodule-2.0.so.0.4002.0
6f447000-6f448000 r--p 00002000 08:01 142365     /usr/lib/i386-linux-gnu/libgmodule-2.0.so.0.4002.0
6f448000-6f449000 rw-p 00003000 08:01 142365     /usr/lib/i386-linux-gnu/libgmodule-2.0.so.0.4002.0
6f449000-6f553000 r-xp 00000000 08:01 25359      /lib/i386-linux-gnu/libglib-2.0.so.0.4002.0
6f553000-6f554000 r--p 00109000 08:01 25359      /lib/i386-linux-gnu/libglib-2.0.so.0.4002.0
6f554000-6f555000 rw-p 0010a000 08:01 25359      /lib/i386-linux-gnu/libglib-2.0.so.0.4002.0
6f555000-6f575000 r-xp 00000000 08:01 6340       /lib/i386-linux-gnu/libselinux.so.1
6f575000-6f576000 r--p 0001f000 08:01 6340       /lib/i386-linux-gnu/libselinux.so.1
6f576000-6f577000 rw-p 00020000 08:01 6340       /lib/i386-linux-gnu/libselinux.so.1
6f577000-6f578000 rw-p 00000000 00:00 0 
6f578000-6f58b000 r-xp 00000000 08:01 14521      /lib/i386-linux-gnu/libresolv-2.19.so
6f58b000-6f58c000 ---p 00013000 08:01 14521      /lib/i386-linux-gnu/libresolv-2.19.so
6f58c000-6f58d000 r--p 00013000 08:01 14521      /lib/i386-linux-gnu/libresolv-2.19.so
6f58d000-6f58e000 rw-p 00014000 08:01 14521      /lib/i386-linux-gnu/libresolv-2.19.so
6f58e000-6f590000 rw-p 00000000 00:00 0 
6f590000-6f595000 r-xp 00000000 08:01 131155     /usr/lib/i386-linux-gnu/libffi.so.6.0.1
6f595000-6f596000 r--p 00005000 08:01 131155     /usr/lib/i386-linux-gnu/libffi.so.6.0.1
6f596000-6f597000 rw-p 00006000 08:01 131155     /usr/lib/i386-linux-gnu/libffi.so.6.0.1
6f597000-6f599000 r-xp 00000000 08:01 140333     /usr/lib/i386-linux-gnu/libXau.so.6.0.0
6f599000-6f59a000 r--p 00001000 08:01 140333     /usr/lib/i386-linux-gnu/libXau.so.6.0.0
6f59a000-6f59b000 rw-p 00002000 08:01 140333     /usr/lib/i386-linux-gnu/libXau.so.6.0.0
6f59b000-6f5a0000 r-xp 00000000 08:01 141154     /usr/lib/i386-linux-gnu/libXdmcp.so.6.0.0
6f5a0000-6f5a1000 r--p 00004000 08:01 141154     /usr/lib/i386-linux-gnu/libXdmcp.so.6.0.0
6f5a1000-6f5a2000 rw-p 00005000 08:01 141154     /usr/lib/i386-linux-gnu/libXdmcp.so.6.0.0
6f5a2000-6f5c8000 r-xp 00000000 08:01 12303      /lib/i386-linux-gnu/libpng12.so.0.50.0
6f5c8000-6f5c9000 r--p 00025000 08:01 12303      /lib/i386-linux-gnu/libpng12.so.0.50.0
6f5c9000-6f5ca000 rw-p 00026000 08:01 12303      /lib/i386-linux-gnu/libpng12.so.0.50.0
6f5ca000-6f606000 r-xp 00000000 08:01 11367      /lib/i386-linux-gnu/libpcre.so.3.13.1
6f606000-6f607000 r--p 0003b000 08:01 11367      /lib/i386-linux-gnu/libpcre.so.3.13.1
6f607000-6f608000 rw-p 0003c000 08:01 11367      /lib/i386-linux-gnu/libpcre.so.3.13.1
6f608000-6f62e000 r--p 00000000 08:01 282017     /usr/share/locale-langpack/es/LC_MESSAGES/libc.mo
6f62e000-6f631000 ---p 00000000 00:00 0 
6f631000-6f67f000 rw-p 00000000 00:00 0 
6f67f000-6f690000 r-xp 00000000 08:01 156613     /usr/lib/jvm/java-7-openjdk-i386/jre/lib/i386/libnio.so
6f690000-6f691000 r--p 00010000 08:01 156613     /usr/lib/jvm/java-7-openjdk-i386/jre/lib/i386/libnio.so
6f691000-6f692000 rw-p 00011000 08:01 156613     /usr/lib/jvm/java-7-openjdk-i386/jre/lib/i386/libnio.so
6f695000-6f69e000 r-xp 00000000 08:01 139035     /usr/lib/i386-linux-gnu/libXcursor.so.1.0.2
6f69e000-6f69f000 r--p 00008000 08:01 139035     /usr/lib/i386-linux-gnu/libXcursor.so.1.0.2
6f69f000-6f6a0000 rw-p 00009000 08:01 139035     /usr/lib/i386-linux-gnu/libXcursor.so.1.0.2
6f6a0000-6f6a4000 r-xp 00000000 08:01 142033     /usr/lib/i386-linux-gnu/libXfixes.so.3.1.0
6f6a4000-6f6a5000 r--p 00003000 08:01 142033     /usr/lib/i386-linux-gnu/libXfixes.so.3.1.0
6f6a5000-6f6a6000 rw-p 00004000 08:01 142033     /usr/lib/i386-linux-gnu/libXfixes.so.3.1.0
6f6a6000-6f6a9000 ---p 00000000 00:00 0 
6f6a9000-6f6f7000 rw-p 00000000 00:00 0 
6f700000-6f749000 rw-p 00000000 00:00 0 
6f749000-6f800000 ---p 00000000 00:00 0 
6f800000-6f803000 ---p 00000000 00:00 0 
6f803000-6f851000 rw-p 00000000 00:00 0 
6f851000-6f854000 ---p 00000000 00:00 0 
6f854000-6f8a2000 rw-p 00000000 00:00 0 
6f8a2000-6f8f2000 r-xp 00000000 08:01 156720     /usr/lib/jvm/java-7-openjdk-i386/jre/lib/i386/libfontmanager.so
6f8f2000-6f8f4000 r--p 0004f000 08:01 156720     /usr/lib/jvm/java-7-openjdk-i386/jre/lib/i386/libfontmanager.so
6f8f4000-6f8f5000 rw-p 00051000 08:01 156720     /usr/lib/jvm/java-7-openjdk-i386/jre/lib/i386/libfontmanager.so
6f8f5000-6f90d000 r-xp 00000000 08:01 156358     /usr/lib/jvm/java-7-openjdk-i386/jre/lib/i386/libnet.so
6f90d000-6f90e000 r--p 00017000 08:01 156358     /usr/lib/jvm/java-7-openjdk-i386/jre/lib/i386/libnet.so
6f90e000-6f90f000 rw-p 00018000 08:01 156358     /usr/lib/jvm/java-7-openjdk-i386/jre/lib/i386/libnet.so
6fa00000-6fafe000 rw-p 00000000 00:00 0 
6fafe000-6fb00000 ---p 00000000 00:00 0 
6fb00000-6fbfa000 rw-p 00000000 00:00 0 
6fbfa000-6fc00000 ---p 00000000 00:00 0 
6fc00000-6fcfa000 rw-p 00000000 00:00 0 
6fcfa000-6fd00000 ---p 00000000 00:00 0 
6fd00000-6fdfd000 rw-p 00000000 00:00 0 
6fdfd000-6fe00000 ---p 00000000 00:00 0 
6fe00000-6fefd000 rw-p 00000000 00:00 0 
6fefd000-6ff00000 ---p 00000000 00:00 0 
6ff00000-700f9000 rw-p 00000000 00:00 0 
700f9000-70100000 ---p 00000000 00:00 0 
70100000-701ff000 rw-p 00000000 00:00 0 
701ff000-70200000 ---p 00000000 00:00 0 
bff46000-bff47000 rwxp 00000000 00:00 0 
bff78000-bff9a000 rw-p 00000000 00:00 0          [stack]

VM Arguments:
java_command: tictactoe.Play localhost paco
Launcher Type: SUN_STANDARD

Environment Variables:
PATH=.:/usr/local/sbin:/usr/local/bin:/usr/sbin:/usr/bin:/sbin:/bin:/usr/games:/usr/local/games
SHELL=/bin/bash
DISPLAY=:0.0

Signal Handlers:
SIGSEGV: [libjvm.so+0x8191e0], sa_mask[0]=0x7ffbfeff, sa_flags=0x10000004
SIGBUS: [libjvm.so+0x8191e0], sa_mask[0]=0x7ffbfeff, sa_flags=0x10000004
SIGFPE: [libjvm.so+0x68ddb0], sa_mask[0]=0x7ffbfeff, sa_flags=0x10000004
SIGPIPE: [libjvm.so+0x68ddb0], sa_mask[0]=0x7ffbfeff, sa_flags=0x10000004
SIGXFSZ: [libjvm.so+0x68ddb0], sa_mask[0]=0x7ffbfeff, sa_flags=0x10000004
SIGILL: [libjvm.so+0x68ddb0], sa_mask[0]=0x7ffbfeff, sa_flags=0x10000004
SIGUSR1: SIG_DFL, sa_mask[0]=0x00000000, sa_flags=0x00000000
SIGUSR2: [libjvm.so+0x68df10], sa_mask[0]=0x00000000, sa_flags=0x10000004
SIGHUP: [libjvm.so+0x68de70], sa_mask[0]=0x7ffbfeff, sa_flags=0x10000004
SIGINT: [libjvm.so+0x68de70], sa_mask[0]=0x7ffbfeff, sa_flags=0x10000004
SIGTERM: [libjvm.so+0x68de70], sa_mask[0]=0x7ffbfeff, sa_flags=0x10000004
SIGQUIT: [libjvm.so+0x68de70], sa_mask[0]=0x7ffbfeff, sa_flags=0x10000004
SIGTRAP: SIG_DFL, sa_mask[0]=0x00000000, sa_flags=0x00000000


---------------  S Y S T E M  ---------------

OS:Ubuntu 14.04 (trusty)
uname:Linux 3.19.0-68-generic #76~14.04.1-Ubuntu SMP Fri Aug 12 11:47:02 UTC 2016 i686
libc:glibc 2.19 NPTL 2.19 
rlimit: STACK infinity, CORE infinity, NPROC 15961, NOFILE 4096, AS infinity
load average:1,14 0,82 1,06

/proc/meminfo:
MemTotal:        2063044 kB
MemFree:          110840 kB
MemAvailable:      69000 kB
Buffers:             968 kB
Cached:            67656 kB
SwapCached:            0 kB
Active:          1812316 kB
Inactive:          46140 kB
Active(anon):    1791236 kB
Inactive(anon):    26348 kB
Active(file):      21080 kB
Inactive(file):    19792 kB
Unevictable:           0 kB
Mlocked:               0 kB
HighTotal:       1183624 kB
HighFree:          11352 kB
LowTotal:         879420 kB
LowFree:           99488 kB
SwapTotal:             0 kB
SwapFree:              0 kB
Dirty:               140 kB
Writeback:             0 kB
AnonPages:       1790184 kB
Mapped:            63700 kB
Shmem:             27456 kB
Slab:              35740 kB
SReclaimable:      15240 kB
SUnreclaim:        20500 kB
KernelStack:        3688 kB
PageTables:        10480 kB
NFS_Unstable:          0 kB
Bounce:                0 kB
WritebackTmp:          0 kB
CommitLimit:     1031520 kB
Committed_AS:    3862100 kB
VmallocTotal:     122880 kB
VmallocUsed:       23836 kB
VmallocChunk:      48384 kB
AnonHugePages:   1075200 kB
CmaTotal:              0 kB
CmaFree:               0 kB
HugePages_Total:       0
HugePages_Free:        0
HugePages_Rsvd:        0
HugePages_Surp:        0
Hugepagesize:       2048 kB
DirectMap4k:       51192 kB
DirectMap2M:      862208 kB


CPU:total 3 (3 cores per cpu, 1 threads per core) family 6 model 78 stepping 3, cmov, cx8, fxsr, mmx, sse, sse2, sse3, ssse3, sse4.1, sse4.2, popcnt, avx, aes, erms, tsc, tscinvbit

/proc/cpuinfo:
processor	: 0
vendor_id	: GenuineIntel
cpu family	: 6
model		: 78
model name	: Intel(R) Core(TM) i5-6200U CPU @ 2.30GHz
stepping	: 3
microcode	: 0x8a
cpu MHz		: 2400.002
cache size	: 3072 KB
physical id	: 0
siblings	: 3
core id		: 0
cpu cores	: 3
apicid		: 0
initial apicid	: 0
fdiv_bug	: no
f00f_bug	: no
coma_bug	: no
fpu		: yes
fpu_exception	: yes
cpuid level	: 22
wp		: yes
flags		: fpu vme de pse tsc msr pae mce cx8 apic sep mtrr pge mca cmov pat pse36 clflush dts mmx fxsr sse sse2 ss ht nx pdpe1gb rdtscp lm constant_tsc arch_perfmon pebs bts xtopology tsc_reliable nonstop_tsc aperfmperf pni pclmulqdq ssse3 fma cx16 pcid sse4_1 sse4_2 x2apic movbe popcnt aes xsave avx f16c rdrand hypervisor lahf_lm 3dnowprefetch ida arat epb pln pts dtherm hwp hwp_noitfy hwp_act_window hwp_epp fsgsbase smep
bugs		:
bogomips	: 4800.00
clflush size	: 64
cache_alignment	: 64
address sizes	: 40 bits physical, 48 bits virtual
power management:

processor	: 1
vendor_id	: GenuineIntel
cpu family	: 6
model		: 78
model name	: Intel(R) Core(TM) i5-6200U CPU @ 2.30GHz
stepping	: 3
microcode	: 0x8a
cpu MHz		: 2400.002
cache size	: 3072 KB
physical id	: 0
siblings	: 3
core id		: 1
cpu cores	: 3
apicid		: 1
initial apicid	: 1
fdiv_bug	: no
f00f_bug	: no
coma_bug	: no
fpu		: yes
fpu_exception	: yes
cpuid level	: 22
wp		: yes
flags		: fpu vme de pse tsc msr pae mce cx8 apic sep mtrr pge mca cmov pat pse36 clflush dts mmx fxsr sse sse2 ss ht nx pdpe1gb rdtscp lm constant_tsc arch_perfmon pebs bts xtopology tsc_reliable nonstop_tsc aperfmperf pni pclmulqdq ssse3 fma cx16 pcid sse4_1 sse4_2 x2apic movbe popcnt aes xsave avx f16c rdrand hypervisor lahf_lm 3dnowprefetch ida arat epb pln pts dtherm hwp hwp_noitfy hwp_act_window hwp_epp fsgsbase smep
bugs		:
bogomips	: 4800.00
clflush size	: 64
cache_alignment	: 64
address sizes	: 40 bits physical, 48 bits virtual
power management:

processor	: 2
vendor_id	: GenuineIntel
cpu family	: 6
model		: 78
model name	: Intel(R) Core(TM) i5-6200U CPU @ 2.30GHz
stepping	: 3
microcode	: 0x8a
cpu MHz		: 2400.002
cache size	: 3072 KB
physical id	: 0
siblings	: 3
core id		: 2
cpu cores	: 3
apicid		: 2
initial apicid	: 2
fdiv_bug	: no
f00f_bug	: no
coma_bug	: no
fpu		: yes
fpu_exception	: yes
cpuid level	: 22
wp		: yes
flags		: fpu vme de pse tsc msr pae mce cx8 apic sep mtrr pge mca cmov pat pse36 clflush dts mmx fxsr sse sse2 ss ht nx pdpe1gb rdtscp lm constant_tsc arch_perfmon pebs bts xtopology tsc_reliable nonstop_tsc aperfmperf pni pclmulqdq ssse3 fma cx16 pcid sse4_1 sse4_2 x2apic movbe popcnt aes xsave avx f16c rdrand hypervisor lahf_lm 3dnowprefetch ida arat epb pln pts dtherm hwp hwp_noitfy hwp_act_window hwp_epp fsgsbase smep
bugs		:
bogomips	: 4800.00
clflush size	: 64
cache_alignment	: 64
address sizes	: 40 bits physical, 48 bits virtual
power management:



Memory: 4k page, physical 2063044k(110716k free), swap 0k(0k free)

vm_info: OpenJDK Server VM (24.111-b01) for linux-x86 JRE (1.7.0_111-b01), built on Aug 12 2016 05:32:15 by "buildd" with gcc 4.8.4

time: Sun May 21 18:01:50 2017
elapsed time: 15 seconds

