#
# There is insufficient memory for the Java Runtime Environment to continue.
# Native memory allocation (malloc) failed to allocate 12845056 bytes for committing reserved memory.
# Possible reasons:
#   The system is out of physical RAM or swap space
#   In 32 bit mode, the process size limit was hit
# Possible solutions:
#   Reduce memory load on the system
#   Increase physical memory or swap space
#   Check if swap backing store is full
#   Use 64 bit Java on a 64 bit OS
#   Decrease Java heap size (-Xmx/-Xms)
#   Decrease number of Java threads
#   Decrease Java thread stack sizes (-Xss)
#   Set larger code cache with -XX:ReservedCodeCacheSize=
# This output file may be truncated or incomplete.
#
#  Out of Memory Error (os_linux.cpp:2827), pid=22089, tid=1851472704
#
# JRE version: OpenJDK Runtime Environment (7.0_111-b01) (build 1.7.0_111-b01)
# Java VM: OpenJDK Server VM (24.111-b01 mixed mode linux-x86 )
# Derivative: IcedTea 2.6.7
# Distribution: Ubuntu 14.04 LTS, package 7u111-2.6.7-0ubuntu0.14.04.3
# Core dump written. Default location: /home/salas/Tic-Tac-Toe/client/core or core.22089
#

---------------  T H R E A D  ---------------

Current thread (0x6e648800):  VMThread [stack: 0x6e533000,0x6e5b4000] [id=22094]

Stack: [0x6e533000,0x6e5b4000]
VM_Operation (0x6f89f7d8): ParallelGCFailedAllocation, mode: safepoint, requested by thread 0x6f727400


---------------  P R O C E S S  ---------------

Java Threads: ( => current thread )
  0x41407800 JavaThread "DestroyJavaVM" [_thread_blocked, id=22090, stack(0x412d7000,0x41328000)]
  0x6f727400 JavaThread "AWT-EventQueue-0" [_thread_blocked, id=22105, stack(0x6f851000,0x6f8a2000)]
  0x6eee7400 JavaThread "AWT-Shutdown" [_thread_blocked, id=22104, stack(0x6f800000,0x6f851000)]
  0x6eec5400 JavaThread "AWT-XAWT" daemon [_thread_blocked, id=22103, stack(0x6f6a1000,0x6f6f2000)]
  0x6eeaf400 JavaThread "Java2D Disposer" daemon [_thread_blocked, id=22102, stack(0x6f629000,0x6f67a000)]
  0x6e665000 JavaThread "Service Thread" daemon [_thread_blocked, id=22100, stack(0x6ed26000,0x6ed77000)]
  0x6e663000 JavaThread "C2 CompilerThread1" daemon [_thread_blocked, id=22099, stack(0x6eca5000,0x6ed26000)]
  0x6e661000 JavaThread "C2 CompilerThread0" daemon [_thread_blocked, id=22098, stack(0x6ec24000,0x6eca5000)]
  0x6e65f800 JavaThread "Signal Dispatcher" daemon [_thread_blocked, id=22097, stack(0x6ebd3000,0x6ec24000)]
  0x6e64cc00 JavaThread "Finalizer" daemon [_thread_blocked, id=22096, stack(0x6e851000,0x6e8a2000)]
  0x6e64b000 JavaThread "Reference Handler" daemon [_thread_blocked, id=22095, stack(0x6e800000,0x6e851000)]

Other Threads:
=>0x6e648800 VMThread [stack: 0x6e533000,0x6e5b4000] [id=22094]
  0x6e666c00 WatcherThread [stack: 0x6ed77000,0x6edf8000] [id=22101]

VM state:at safepoint (normal execution)

VM Mutex/Monitor currently owned by a thread:  ([mutex/lock_event])
[0x41404910] ExpandHeap_lock - owner thread: 0x6e648800
[0x41404e58] Threads_lock - owner thread: 0x6e648800
[0x41405268] Heap_lock - owner thread: 0x6f727400

Heap
 PSYoungGen      total 148992K, used 0K [0x61b00000, 0x6c5c0000, 0x6c5c0000)
  eden space 136960K, 0% used [0x61b00000,0x61b00000,0x6a0c0000)
  from space 12032K, 0% used [0x6ba00000,0x6ba00000,0x6c5c0000)
  to   space 18944K, 0% used [0x6a0c0000,0x6a0c0000,0x6b340000)
 ParOldGen       total 30208K, used 20824K [0x4c5c0000, 0x4e340000, 0x61b00000)
  object space 30208K, 68% used [0x4c5c0000,0x4da161d8,0x4e340000)
 PSPermGen       total 23808K, used 12353K [0x445c0000, 0x45d00000, 0x4c5c0000)
  object space 23808K, 51% used [0x445c0000,0x451d06e8,0x45d00000)

Card table byte_map: [0x6c5c0000,0x6c701000] byte_map_base: 0x6c39d200

Polling page: 0x40119000

Code Cache  [0x41500000, 0x41740000, 0x44500000)
 total_blobs=1024 nmethods=790 adapters=187 free_code_cache=47171Kb largest_free_block=48267392

Compilation events (10 events):
Event: 38,264 Thread 0x6e661000  804             com.sun.org.apache.xerces.internal.utils.XMLSecurityManager::setLimit (25 bytes)
Event: 38,268 Thread 0x6e661000 nmethod 804 0x416e0088 code [0x416e01a0, 0x416e04b0]
Event: 38,276 Thread 0x6e663000  805             org.apache.axis.utils.JavaUtils::getWrapperClass (234 bytes)
Event: 38,277 Thread 0x6e663000 nmethod 805 0x416dfcc8 code [0x416dfde0, 0x416dff10]
Event: 42,712 Thread 0x6e663000  806             sun.awt.X11.Native::getInt (8 bytes)
Event: 42,758 Thread 0x6e663000 nmethod 806 0x416e8808 code [0x416e8900, 0x416e8950]
Event: 47,572 Thread 0x6e661000  807             java.util.concurrent.locks.ReentrantLock::lock (8 bytes)
Event: 47,584 Thread 0x6e661000 nmethod 807 0x416e6c48 code [0x416e6d60, 0x416e6e78]
Event: 51,046 Thread 0x6e663000  808             sun.security.provider.DigestBase::engineUpdate (188 bytes)
Event: 51,090 Thread 0x6e663000 nmethod 808 0x416e6508 code [0x416e6620, 0x416e69b0]

GC Heap History (10 events):
Event: 8,136 GC heap after
Heap after GC invocations=11 (full 0):
 PSYoungGen      total 110336K, used 7161K [0x61b00000, 0x6c5c0000, 0x6c5c0000)
  eden space 103168K, 0% used [0x61b00000,0x61b00000,0x67fc0000)
  from space 7168K, 99% used [0x67fc0000,0x686be610,0x686c0000)
  to   space 9728K, 0% used [0x6bc40000,0x6bc40000,0x6c5c0000)
 ParOldGen       total 21504K, used 17516K [0x4c5c0000, 0x4dac0000, 0x61b00000)
  object space 21504K, 81% used [0x4c5c0000,0x4d6db348,0x4dac0000)
 PSPermGen       total 16384K, used 11874K [0x445c0000, 0x455c0000, 0x4c5c0000)
  object space 16384K, 72% used [0x445c0000,0x45158b70,0x455c0000)
}
Event: 8,136 GC heap before
{Heap before GC invocations=12 (full 1):
 PSYoungGen      total 110336K, used 7161K [0x61b00000, 0x6c5c0000, 0x6c5c0000)
  eden space 103168K, 0% used [0x61b00000,0x61b00000,0x67fc0000)
  from space 7168K, 99% used [0x67fc0000,0x686be610,0x686c0000)
  to   space 9728K, 0% used [0x6bc40000,0x6bc40000,0x6c5c0000)
 ParOldGen       total 21504K, used 17516K [0x4c5c0000, 0x4dac0000, 0x61b00000)
  object space 21504K, 81% used [0x4c5c0000,0x4d6db348,0x4dac0000)
 PSPermGen       total 16384K, used 11874K [0x445c0000, 0x455c0000, 0x4c5c0000)
  object space 16384K, 72% used [0x445c0000,0x45158b70,0x455c0000)
Event: 8,226 GC heap after
Heap after GC invocations=12 (full 1):
 PSYoungGen      total 110336K, used 0K [0x61b00000, 0x6c5c0000, 0x6c5c0000)
  eden space 103168K, 0% used [0x61b00000,0x61b00000,0x67fc0000)
  from space 7168K, 0% used [0x67fc0000,0x67fc0000,0x686c0000)
  to   space 9728K, 0% used [0x6bc40000,0x6bc40000,0x6c5c0000)
 ParOldGen       total 30208K, used 14297K [0x4c5c0000, 0x4e340000, 0x61b00000)
  object space 30208K, 47% used [0x4c5c0000,0x4d3b6530,0x4e340000)
 PSPermGen       total 23808K, used 11869K [0x445c0000, 0x45d00000, 0x4c5c0000)
  object space 23808K, 49% used [0x445c0000,0x45157720,0x45d00000)
}
Event: 9,621 GC heap before
{Heap before GC invocations=13 (full 1):
 PSYoungGen      total 110336K, used 103168K [0x61b00000, 0x6c5c0000, 0x6c5c0000)
  eden space 103168K, 100% used [0x61b00000,0x67fc0000,0x67fc0000)
  from space 7168K, 0% used [0x67fc0000,0x67fc0000,0x686c0000)
  to   space 9728K, 0% used [0x6bc40000,0x6bc40000,0x6c5c0000)
 ParOldGen       total 30208K, used 14297K [0x4c5c0000, 0x4e340000, 0x61b00000)
  object space 30208K, 47% used [0x4c5c0000,0x4d3b6530,0x4e340000)
 PSPermGen       total 23808K, used 11960K [0x445c0000, 0x45d00000, 0x4c5c0000)
  object space 23808K, 50% used [0x445c0000,0x4516e3b8,0x45d00000)
Event: 9,652 GC heap after
Heap after GC invocations=13 (full 1):
 PSYoungGen      total 150784K, used 9725K [0x61b00000, 0x6c5c0000, 0x6c5c0000)
  eden space 141056K, 0% used [0x61b00000,0x61b00000,0x6a4c0000)
  from space 9728K, 99% used [0x6bc40000,0x6c5bf7b0,0x6c5c0000)
  to   space 12032K, 0% used [0x6ae40000,0x6ae40000,0x6ba00000)
 ParOldGen       total 30208K, used 16230K [0x4c5c0000, 0x4e340000, 0x61b00000)
  object space 30208K, 53% used [0x4c5c0000,0x4d599950,0x4e340000)
 PSPermGen       total 23808K, used 11960K [0x445c0000, 0x45d00000, 0x4c5c0000)
  object space 23808K, 50% used [0x445c0000,0x4516e3b8,0x45d00000)
}
Event: 11,593 GC heap before
{Heap before GC invocations=14 (full 1):
 PSYoungGen      total 150784K, used 150781K [0x61b00000, 0x6c5c0000, 0x6c5c0000)
  eden space 141056K, 100% used [0x61b00000,0x6a4c0000,0x6a4c0000)
  from space 9728K, 99% used [0x6bc40000,0x6c5bf7b0,0x6c5c0000)
  to   space 12032K, 0% used [0x6ae40000,0x6ae40000,0x6ba00000)
 ParOldGen       total 30208K, used 16230K [0x4c5c0000, 0x4e340000, 0x61b00000)
  object space 30208K, 53% used [0x4c5c0000,0x4d599950,0x4e340000)
 PSPermGen       total 23808K, used 11977K [0x445c0000, 0x45d00000, 0x4c5c0000)
  object space 23808K, 50% used [0x445c0000,0x45172468,0x45d00000)
Event: 11,632 GC heap after
Heap after GC invocations=14 (full 1):
 PSYoungGen      total 162816K, used 12018K [0x61b00000, 0x6c5c0000, 0x6c5c0000)
  eden space 150784K, 0% used [0x61b00000,0x61b00000,0x6ae40000)
  from space 12032K, 99% used [0x6ae40000,0x6b9fca20,0x6ba00000)
  to   space 12032K, 0% used [0x6ba00000,0x6ba00000,0x6c5c0000)
 ParOldGen       total 30208K, used 20237K [0x4c5c0000, 0x4e340000, 0x61b00000)
  object space 30208K, 66% used [0x4c5c0000,0x4d9834d0,0x4e340000)
 PSPermGen       total 23808K, used 11977K [0x445c0000, 0x45d00000, 0x4c5c0000)
  object space 23808K, 50% used [0x445c0000,0x45172468,0x45d00000)
}
Event: 51,168 GC heap before
{Heap before GC invocations=15 (full 1):
 PSYoungGen      total 162816K, used 162802K [0x61b00000, 0x6c5c0000, 0x6c5c0000)
  eden space 150784K, 100% used [0x61b00000,0x6ae40000,0x6ae40000)
  from space 12032K, 99% used [0x6ae40000,0x6b9fca20,0x6ba00000)
  to   space 12032K, 0% used [0x6ba00000,0x6ba00000,0x6c5c0000)
 ParOldGen       total 30208K, used 20237K [0x4c5c0000, 0x4e340000, 0x61b00000)
  object space 30208K, 66% used [0x4c5c0000,0x4d9834d0,0x4e340000)
 PSPermGen       total 23808K, used 12354K [0x445c0000, 0x45d00000, 0x4c5c0000)
  object space 23808K, 51% used [0x445c0000,0x451d0838,0x45d00000)
Event: 51,232 GC heap after
Heap after GC invocations=15 (full 1):
 PSYoungGen      total 148992K, used 12028K [0x61b00000, 0x6c5c0000, 0x6c5c0000)
  eden space 136960K, 0% used [0x61b00000,0x61b00000,0x6a0c0000)
  from space 12032K, 99% used [0x6ba00000,0x6c5bf3c0,0x6c5c0000)
  to   space 18944K, 0% used [0x6a0c0000,0x6a0c0000,0x6b340000)
 ParOldGen       total 30208K, used 26716K [0x4c5c0000, 0x4e340000, 0x61b00000)
  object space 30208K, 88% used [0x4c5c0000,0x4dfd7280,0x4e340000)
 PSPermGen       total 23808K, used 12354K [0x445c0000, 0x45d00000, 0x4c5c0000)
  object space 23808K, 51% used [0x445c0000,0x451d0838,0x45d00000)
}
Event: 51,238 GC heap before
{Heap before GC invocations=16 (full 2):
 PSYoungGen      total 148992K, used 12028K [0x61b00000, 0x6c5c0000, 0x6c5c0000)
  eden space 136960K, 0% used [0x61b00000,0x61b00000,0x6a0c0000)
  from space 12032K, 99% used [0x6ba00000,0x6c5bf3c0,0x6c5c0000)
  to   space 18944K, 0% used [0x6a0c0000,0x6a0c0000,0x6b340000)
 ParOldGen       total 30208K, used 26716K [0x4c5c0000, 0x4e340000, 0x61b00000)
  object space 30208K, 88% used [0x4c5c0000,0x4dfd7280,0x4e340000)
 PSPermGen       total 23808K, used 12354K [0x445c0000, 0x45d00000, 0x4c5c0000)
  object space 23808K, 51% used [0x445c0000,0x451d0838,0x45d00000)

Deoptimization events (10 events):
Event: 12,066 Thread 0x6eec5400 Uncommon trap: reason=bimorphic action=maybe_recompile pc=0x415b7f5c method=java.lang.ThreadLocal.get()Ljava/lang/Object; @ 6
Event: 12,066 Thread 0x6eec5400 Uncommon trap: reason=bimorphic action=maybe_recompile pc=0x415b7f5c method=java.lang.ThreadLocal.get()Ljava/lang/Object; @ 6
Event: 12,085 Thread 0x6f727400 Uncommon trap: reason=unstable_if action=reinterpret pc=0x4166a268 method=java.util.Arrays.copyOf([Ljava/lang/Object;ILjava/lang/Class;)[Ljava/lang/Object; @ 4
Event: 12,085 Thread 0x6f727400 Uncommon trap: reason=unstable_if action=reinterpret pc=0x41636f3c method=java.lang.Class.getName()Ljava/lang/String; @ 6
Event: 12,100 Thread 0x6fcd3400 Uncommon trap: reason=unstable_if action=reinterpret pc=0x416508d4 method=java.lang.ThreadLocal$ThreadLocalMap.getEntry(Ljava/lang/ThreadLocal;)Ljava/lang/ThreadLocal$ThreadLocalMap$Entry; @ 21
Event: 12,100 Thread 0x6fcd3400 Uncommon trap: reason=unstable_if action=reinterpret pc=0x4165d120 method=java.lang.ThreadLocal$ThreadLocalMap.set(Ljava/lang/ThreadLocal;Ljava/lang/Object;)V @ 28
Event: 12,151 Thread 0x6f727400 Uncommon trap: reason=bimorphic action=maybe_recompile pc=0x415b7f5c method=java.lang.ThreadLocal.get()Ljava/lang/Object; @ 6
Event: 34,966 Thread 0x6fcd3400 Uncommon trap: reason=unstable_if action=reinterpret pc=0x416b1ae8 method=sun.awt.image.PNGImageDecoder.produceImage()V @ 867
Event: 37,928 Thread 0x6f727400 Uncommon trap: reason=null_check action=make_not_entrant pc=0x416f3558 method=org.apache.axis.message.MessageElement.<init>(Ljava/lang/String;Ljava/lang/String;Ljava/lang/String;Lorg/xml/sax/Attributes;Lorg/apache/axis/encoding/DeserializationContext;)V @
Event: 45,129 Thread 0x6fcd3400 Uncommon trap: reason=unstable_if action=reinterpret pc=0x415b7c00 method=java.lang.ThreadLocal$ThreadLocalMap.getEntry(Ljava/lang/ThreadLocal;)Ljava/lang/ThreadLocal$ThreadLocalMap$Entry; @ 21

Internal exceptions (10 events):
Event: 51,151 Thread 0x6f727400 Threw 0x6add1248 at /build/openjdk-7-Ylwexc/openjdk-7-7u111-2.6.7/build/openjdk/hotspot/src/share/vm/prims/jvm.cpp:1322
Event: 51,151 Thread 0x6f727400 Threw 0x6add2280 at /build/openjdk-7-Ylwexc/openjdk-7-7u111-2.6.7/build/openjdk/hotspot/src/share/vm/prims/jvm.cpp:1322
Event: 51,151 Thread 0x6f727400 Threw 0x6add24f0 at /build/openjdk-7-Ylwexc/openjdk-7-7u111-2.6.7/build/openjdk/hotspot/src/share/vm/classfile/systemDictionary.cpp:174
Event: 51,152 Thread 0x6f727400 Threw 0x6add5420 at /build/openjdk-7-Ylwexc/openjdk-7-7u111-2.6.7/build/openjdk/hotspot/src/share/vm/prims/jni.cpp:721
Event: 51,153 Thread 0x6f727400 Threw 0x6adf5488 at /build/openjdk-7-Ylwexc/openjdk-7-7u111-2.6.7/build/openjdk/hotspot/src/share/vm/classfile/systemDictionary.cpp:185
Event: 51,155 Thread 0x6f727400 Threw 0x6ae11e80 at /build/openjdk-7-Ylwexc/openjdk-7-7u111-2.6.7/build/openjdk/hotspot/src/share/vm/prims/jvm.cpp:1322
Event: 51,155 Thread 0x6f727400 Threw 0x6ae12eb8 at /build/openjdk-7-Ylwexc/openjdk-7-7u111-2.6.7/build/openjdk/hotspot/src/share/vm/prims/jvm.cpp:1322
Event: 51,155 Thread 0x6f727400 Threw 0x6ae13128 at /build/openjdk-7-Ylwexc/openjdk-7-7u111-2.6.7/build/openjdk/hotspot/src/share/vm/classfile/systemDictionary.cpp:174
Event: 51,155 Thread 0x6f727400 Threw 0x6ae16058 at /build/openjdk-7-Ylwexc/openjdk-7-7u111-2.6.7/build/openjdk/hotspot/src/share/vm/prims/jni.cpp:721
Event: 51,156 Thread 0x6f727400 Threw 0x6ae360b0 at /build/openjdk-7-Ylwexc/openjdk-7-7u111-2.6.7/build/openjdk/hotspot/src/share/vm/classfile/systemDictionary.cpp:185

Events (10 events):
Event: 51,148 loading class 0x6fc3ead0 done
Event: 51,151 loading class 0x6fa5cf20
Event: 51,151 loading class 0x6fa5cf20 done
Event: 51,153 loading class 0x6fc3ead0
Event: 51,153 loading class 0x6fc3ead0 done
Event: 51,155 loading class 0x6fa5cf20
Event: 51,155 loading class 0x6fa5cf20 done
Event: 51,156 loading class 0x6fc3ead0
Event: 51,156 loading class 0x6fc3ead0 done
Event: 51,159 Executing VM operation: ParallelGCFailedAllocation


Dynamic libraries:
08048000-08049000 r-xp 00000000 08:01 153314     /usr/lib/jvm/java-7-openjdk-i386/jre/bin/java
08049000-0804a000 r--p 00000000 08:01 153314     /usr/lib/jvm/java-7-openjdk-i386/jre/bin/java
0804a000-0804b000 rw-p 00001000 08:01 153314     /usr/lib/jvm/java-7-openjdk-i386/jre/bin/java
08558000-085f8000 rw-p 00000000 00:00 0          [heap]
400d2000-400f2000 r-xp 00000000 08:01 14543      /lib/i386-linux-gnu/ld-2.19.so
400f2000-400f3000 r--p 0001f000 08:01 14543      /lib/i386-linux-gnu/ld-2.19.so
400f3000-400f4000 rw-p 00020000 08:01 14543      /lib/i386-linux-gnu/ld-2.19.so
400f4000-400f6000 r--p 00000000 00:00 0          [vvar]
400f6000-400f8000 r-xp 00000000 00:00 0          [vdso]
400f8000-400fb000 rw-p 00000000 00:00 0 
400fb000-40107000 r-xp 00000000 08:01 156062     /usr/lib/jvm/java-7-openjdk-i386/jre/lib/i386/jli/libjli.so
40107000-40108000 r--p 0000c000 08:01 156062     /usr/lib/jvm/java-7-openjdk-i386/jre/lib/i386/jli/libjli.so
40108000-40109000 rw-p 0000d000 08:01 156062     /usr/lib/jvm/java-7-openjdk-i386/jre/lib/i386/jli/libjli.so
40109000-40117000 r-xp 00000000 08:01 153348     /usr/lib/jvm/java-7-openjdk-i386/jre/lib/i386/libverify.so
40117000-40118000 r--p 0000d000 08:01 153348     /usr/lib/jvm/java-7-openjdk-i386/jre/lib/i386/libverify.so
40118000-40119000 rw-p 0000e000 08:01 153348     /usr/lib/jvm/java-7-openjdk-i386/jre/lib/i386/libverify.so
40119000-4011a000 ---p 00000000 00:00 0 
4011a000-4011b000 rw-p 00000000 00:00 0 
4011b000-4011c000 r--p 003f0000 08:01 135305     /usr/lib/locale/locale-archive
4011c000-4011e000 r--s 00006000 08:01 264456     /usr/share/java/java-atk-wrapper.jar
4011e000-4011f000 r--s 00002000 08:01 157113     /usr/lib/jvm/java-7-openjdk-i386/jre/lib/ext/dnsns.jar
4011f000-402c7000 r-xp 00000000 08:01 15546      /lib/i386-linux-gnu/libc-2.19.so
402c7000-402c8000 ---p 001a8000 08:01 15546      /lib/i386-linux-gnu/libc-2.19.so
402c8000-402ca000 r--p 001a8000 08:01 15546      /lib/i386-linux-gnu/libc-2.19.so
402ca000-402cb000 rw-p 001aa000 08:01 15546      /lib/i386-linux-gnu/libc-2.19.so
402cb000-402ce000 rw-p 00000000 00:00 0 
402ce000-402d1000 r-xp 00000000 08:01 14529      /lib/i386-linux-gnu/libdl-2.19.so
402d1000-402d2000 r--p 00002000 08:01 14529      /lib/i386-linux-gnu/libdl-2.19.so
402d2000-402d3000 rw-p 00003000 08:01 14529      /lib/i386-linux-gnu/libdl-2.19.so
402d3000-402eb000 r-xp 00000000 08:01 14539      /lib/i386-linux-gnu/libpthread-2.19.so
402eb000-402ec000 r--p 00018000 08:01 14539      /lib/i386-linux-gnu/libpthread-2.19.so
402ec000-402ed000 rw-p 00019000 08:01 14539      /lib/i386-linux-gnu/libpthread-2.19.so
402ed000-402ef000 rw-p 00000000 00:00 0 
402ef000-40307000 r-xp 00000000 08:01 8166       /lib/i386-linux-gnu/libz.so.1.2.8
40307000-40308000 r--p 00017000 08:01 8166       /lib/i386-linux-gnu/libz.so.1.2.8
40308000-40309000 rw-p 00018000 08:01 8166       /lib/i386-linux-gnu/libz.so.1.2.8
40309000-4030b000 rw-p 00000000 00:00 0 
4030b000-40d08000 r-xp 00000000 08:01 155344     /usr/lib/jvm/java-7-openjdk-i386/jre/lib/i386/server/libjvm.so
40d08000-40d09000 ---p 009fd000 08:01 155344     /usr/lib/jvm/java-7-openjdk-i386/jre/lib/i386/server/libjvm.so
40d09000-40d5b000 r--p 009fd000 08:01 155344     /usr/lib/jvm/java-7-openjdk-i386/jre/lib/i386/server/libjvm.so
40d5b000-40d6f000 rw-p 00a4f000 08:01 155344     /usr/lib/jvm/java-7-openjdk-i386/jre/lib/i386/server/libjvm.so
40d6f000-4118c000 rw-p 00000000 00:00 0 
4118c000-41268000 r-xp 00000000 08:01 134510     /usr/lib/i386-linux-gnu/libstdc++.so.6.0.19
41268000-4126c000 r--p 000dc000 08:01 134510     /usr/lib/i386-linux-gnu/libstdc++.so.6.0.19
4126c000-4126d000 rw-p 000e0000 08:01 134510     /usr/lib/i386-linux-gnu/libstdc++.so.6.0.19
4126d000-41274000 rw-p 00000000 00:00 0 
41274000-412b8000 r-xp 00000000 08:01 14525      /lib/i386-linux-gnu/libm-2.19.so
412b8000-412b9000 r--p 00043000 08:01 14525      /lib/i386-linux-gnu/libm-2.19.so
412b9000-412ba000 rw-p 00044000 08:01 14525      /lib/i386-linux-gnu/libm-2.19.so
412ba000-412d6000 r-xp 00000000 08:01 3513       /lib/i386-linux-gnu/libgcc_s.so.1
412d6000-412d7000 rw-p 0001b000 08:01 3513       /lib/i386-linux-gnu/libgcc_s.so.1
412d7000-412da000 ---p 00000000 00:00 0 
412da000-41328000 rw-p 00000000 00:00 0 
41328000-4132f000 r-xp 00000000 08:01 15543      /lib/i386-linux-gnu/librt-2.19.so
4132f000-41330000 r--p 00006000 08:01 15543      /lib/i386-linux-gnu/librt-2.19.so
41330000-41331000 rw-p 00007000 08:01 15543      /lib/i386-linux-gnu/librt-2.19.so
41331000-41358000 r-xp 00000000 08:01 153804     /usr/lib/jvm/java-7-openjdk-i386/jre/lib/i386/libjava.so
41358000-41359000 r--p 00026000 08:01 153804     /usr/lib/jvm/java-7-openjdk-i386/jre/lib/i386/libjava.so
41359000-4135a000 rw-p 00027000 08:01 153804     /usr/lib/jvm/java-7-openjdk-i386/jre/lib/i386/libjava.so
4135a000-41362000 rw-s 00000000 08:01 535426     /tmp/hsperfdata_salas/22089
41362000-4136a000 r-xp 00000000 08:01 157083     /usr/lib/jvm/java-7-openjdk-i386/jre/lib/i386/libzip.so
4136a000-4136b000 r--p 00007000 08:01 157083     /usr/lib/jvm/java-7-openjdk-i386/jre/lib/i386/libzip.so
4136b000-4136c000 rw-p 00008000 08:01 157083     /usr/lib/jvm/java-7-openjdk-i386/jre/lib/i386/libzip.so
4136c000-41370000 r--s 00034000 08:01 157112     /usr/lib/jvm/java-7-openjdk-i386/jre/lib/ext/sunjce_provider.jar
41370000-41377000 r-xp 00000000 08:01 14535      /lib/i386-linux-gnu/libnss_compat-2.19.so
41377000-41378000 r--p 00006000 08:01 14535      /lib/i386-linux-gnu/libnss_compat-2.19.so
41378000-41379000 rw-p 00007000 08:01 14535      /lib/i386-linux-gnu/libnss_compat-2.19.so
41379000-4138e000 r-xp 00000000 08:01 14537      /lib/i386-linux-gnu/libnsl-2.19.so
4138e000-4138f000 r--p 00015000 08:01 14537      /lib/i386-linux-gnu/libnsl-2.19.so
4138f000-41390000 rw-p 00016000 08:01 14537      /lib/i386-linux-gnu/libnsl-2.19.so
41390000-41392000 rw-p 00000000 00:00 0 
41392000-4139c000 r-xp 00000000 08:01 14727      /lib/i386-linux-gnu/libnss_nis-2.19.so
4139c000-4139d000 r--p 00009000 08:01 14727      /lib/i386-linux-gnu/libnss_nis-2.19.so
4139d000-4139e000 rw-p 0000a000 08:01 14727      /lib/i386-linux-gnu/libnss_nis-2.19.so
4139e000-413a8000 r-xp 00000000 08:01 15585      /lib/i386-linux-gnu/libnss_files-2.19.so
413a8000-413a9000 r--p 00009000 08:01 15585      /lib/i386-linux-gnu/libnss_files-2.19.so
413a9000-413aa000 rw-p 0000a000 08:01 15585      /lib/i386-linux-gnu/libnss_files-2.19.so
413aa000-413b6000 rw-p 00000000 00:00 0 
413b6000-413ea000 rw-p 00000000 00:00 0 
413ea000-413f9000 rw-p 00000000 00:00 0 
413f9000-413fd000 r--s 00085000 08:01 157111     /usr/lib/jvm/java-7-openjdk-i386/jre/lib/ext/localedata.jar
413fd000-41400000 r--s 0000f000 08:01 157110     /usr/lib/jvm/java-7-openjdk-i386/jre/lib/ext/icedtea-sound.jar
41400000-414fe000 rw-p 00000000 00:00 0 
414fe000-41500000 ---p 00000000 00:00 0 
41500000-41740000 rwxp 00000000 00:00 0 
41740000-44500000 rw-p 00000000 00:00 0 
44500000-44509000 rw-p 00000000 00:00 0 
44509000-445c0000 rw-p 00000000 00:00 0 
445c0000-45d00000 rw-p 00000000 00:00 0 
45d00000-4c5c0000 rw-p 00000000 00:00 0 
4c5c0000-4e340000 rw-p 00000000 00:00 0 
4ef80000-61b00000 rw-p 00000000 00:00 0 
61b00000-6c5c0000 rw-p 00000000 00:00 0 
6c5c0000-6c5cc000 rw-p 00000000 00:00 0 
6c5cc000-6c600000 rw-p 00000000 00:00 0 
6c600000-6c60f000 rw-p 00000000 00:00 0 
6c60f000-6c6aa000 rw-p 00000000 00:00 0 
6c6aa000-6c700000 rw-p 00000000 00:00 0 
6c700000-6c710000 rw-p 00000000 00:00 0 
6c710000-6c7ac000 rw-p 00000000 00:00 0 
6c7ac000-6c7ad000 ---p 00000000 00:00 0 
6c7ad000-6c82d000 rw-p 00000000 00:00 0 
6c82d000-6c82e000 ---p 00000000 00:00 0 
6c82e000-6c8f7000 rw-p 00000000 00:00 0 
6c8f7000-6c8f9000 r--s 00012000 08:01 157115     /usr/lib/jvm/java-7-openjdk-i386/jre/lib/ext/zipfs.jar
6c8f9000-6c8fc000 r--s 0003d000 08:01 157107     /usr/lib/jvm/java-7-openjdk-i386/jre/lib/ext/sunpkcs11.jar
6c8fc000-6c8fe000 r--s 00007000 08:01 433287     /home/salas/Tic-Tac-Toe/client/lib/axis-ant.jar
6c8fe000-6c900000 r--s 00008000 08:01 433290     /home/salas/Tic-Tac-Toe/client/lib/commons-logging-1.0.4.jar
6c900000-6c9ff000 rw-p 00000000 00:00 0 
6c9ff000-6ca00000 ---p 00000000 00:00 0 
6ca00000-6caff000 rw-p 00000000 00:00 0 
6caff000-6cb00000 ---p 00000000 00:00 0 
6cb00000-6cb01000 ---p 00000000 00:00 0 
6cb01000-6cbdc000 rw-p 00000000 00:00 0 
6cbdc000-6cbf0000 r--s 00173000 08:01 433288     /home/salas/Tic-Tac-Toe/client/lib/axis.jar
6cbf0000-6cbf2000 r--s 00006000 08:01 433291     /home/salas/Tic-Tac-Toe/client/lib/jaxrpc.jar
6cbf2000-6cbf3000 r--s 00004000 08:01 433294     /home/salas/Tic-Tac-Toe/client/lib/saaj.jar
6cbf3000-6cbf6000 r--s 0000f000 08:01 433289     /home/salas/Tic-Tac-Toe/client/lib/commons-discovery-0.2.jar
6cbf6000-6cbfe000 r--s 0004f000 08:01 433292     /home/salas/Tic-Tac-Toe/client/lib/log4j-1.2.8.jar
6cbfe000-6cc00000 r--s 0000c000 08:01 433286     /home/salas/Tic-Tac-Toe/client/lib/activation.jar
6cc00000-6cc21000 rw-p 00000000 00:00 0 
6cc21000-6cd00000 ---p 00000000 00:00 0 
6cd00000-6e380000 rw-p 00000000 00:00 0 
6e380000-6e533000 r--s 01d3d000 08:01 153330     /usr/lib/jvm/java-7-openjdk-i386/jre/lib/rt.jar
6e533000-6e534000 ---p 00000000 00:00 0 
6e534000-6e5b4000 rw-p 00000000 00:00 0 
6e5b4000-6e5b7000 r--s 0001c000 08:01 433295     /home/salas/Tic-Tac-Toe/client/lib/wsdl4j-1.5.1.jar
6e5b7000-6e5bd000 r--s 00051000 08:01 433293     /home/salas/Tic-Tac-Toe/client/lib/mail.jar
6e5bd000-6e5be000 r--s 00000000 08:01 535514     /home/salas/Tic-Tac-Toe/common/common.jar
6e5be000-6e5c0000 r--s 0000a000 08:01 433296     /home/salas/Tic-Tac-Toe/client/client.jar
6e5c0000-6e5c7000 r--s 00000000 08:01 142490     /usr/lib/i386-linux-gnu/gconv/gconv-modules.cache
6e5c7000-6e5d1000 r--s 000ae000 08:01 153332     /usr/lib/jvm/java-7-openjdk-i386/jre/lib/resources.jar
6e5d1000-6e5d5000 r--s 0004f000 08:01 157088     /usr/lib/jvm/java-7-openjdk-i386/jre/lib/jsse.jar
6e5d6000-6e5e7000 r-xp 00000000 08:01 133917     /usr/lib/i386-linux-gnu/libXext.so.6.4.0
6e5e7000-6e5e8000 r--p 00010000 08:01 133917     /usr/lib/i386-linux-gnu/libXext.so.6.4.0
6e5e8000-6e5e9000 rw-p 00011000 08:01 133917     /usr/lib/i386-linux-gnu/libXext.so.6.4.0
6e5e9000-6e5f2000 r-xp 00000000 08:01 134972     /usr/lib/i386-linux-gnu/libXrender.so.1.3.0
6e5f2000-6e5f3000 r--p 00008000 08:01 134972     /usr/lib/i386-linux-gnu/libXrender.so.1.3.0
6e5f3000-6e5f4000 rw-p 00009000 08:01 134972     /usr/lib/i386-linux-gnu/libXrender.so.1.3.0
6e5f4000-6e5f6000 r-xp 00000000 08:01 134772     /usr/lib/i386-linux-gnu/libXcomposite.so.1.0.0
6e5f6000-6e5f7000 r--p 00001000 08:01 134772     /usr/lib/i386-linux-gnu/libXcomposite.so.1.0.0
6e5f7000-6e5f8000 rw-p 00002000 08:01 134772     /usr/lib/i386-linux-gnu/libXcomposite.so.1.0.0
6e5f8000-6e5fd000 r-xp 00000000 08:01 134865     /usr/lib/i386-linux-gnu/libXtst.so.6.1.0
6e5fd000-6e5fe000 r--p 00004000 08:01 134865     /usr/lib/i386-linux-gnu/libXtst.so.6.1.0
6e5fe000-6e5ff000 rw-p 00005000 08:01 134865     /usr/lib/i386-linux-gnu/libXtst.so.6.1.0
6e600000-6e6ff000 rw-p 00000000 00:00 0 
6e6ff000-6e700000 ---p 00000000 00:00 0 
6e700000-6e721000 rw-p 00000000 00:00 0 
6e721000-6e800000 ---p 00000000 00:00 0 
6e800000-6e803000 ---p 00000000 00:00 0 
6e803000-6e851000 rw-p 00000000 00:00 0 
6e851000-6e854000 ---p 00000000 00:00 0 
6e854000-6e8a2000 rw-p 00000000 00:00 0 
6e8a2000-6eaa2000 r--p 00000000 08:01 135305     /usr/lib/locale/locale-archive
6eaa2000-6ebd3000 r--p 00188000 08:01 135305     /usr/lib/locale/locale-archive
6ebd3000-6ebd6000 ---p 00000000 00:00 0 
6ebd6000-6ec24000 rw-p 00000000 00:00 0 
6ec24000-6ec27000 ---p 00000000 00:00 0 
6ec27000-6eca5000 rw-p 00000000 00:00 0 
6eca5000-6eca8000 ---p 00000000 00:00 0 
6eca8000-6ed26000 rw-p 00000000 00:00 0 
6ed26000-6ed29000 ---p 00000000 00:00 0 
6ed29000-6ed77000 rw-p 00000000 00:00 0 
6ed77000-6ed78000 ---p 00000000 00:00 0 
6ed78000-6edf8000 rw-p 00000000 00:00 0 
6edf8000-6edfb000 r-xp 00000000 08:01 142365     /usr/lib/i386-linux-gnu/libgmodule-2.0.so.0.4002.0
6edfb000-6edfc000 r--p 00002000 08:01 142365     /usr/lib/i386-linux-gnu/libgmodule-2.0.so.0.4002.0
6edfc000-6edfd000 rw-p 00003000 08:01 142365     /usr/lib/i386-linux-gnu/libgmodule-2.0.so.0.4002.0
6edfd000-6edff000 r--s 00018000 08:01 153328     /usr/lib/jvm/java-7-openjdk-i386/jre/lib/jce.jar
6ee00000-6eef9000 rw-p 00000000 00:00 0 
6eef9000-6ef00000 ---p 00000000 00:00 0 
6ef00000-6ef8f000 r-xp 00000000 08:01 156790     /usr/lib/jvm/java-7-openjdk-i386/jre/lib/i386/libawt.so
6ef8f000-6ef90000 r--p 0008f000 08:01 156790     /usr/lib/jvm/java-7-openjdk-i386/jre/lib/i386/libawt.so
6ef90000-6ef97000 rw-p 00090000 08:01 156790     /usr/lib/jvm/java-7-openjdk-i386/jre/lib/i386/libawt.so
6ef97000-6efbb000 rw-p 00000000 00:00 0 
6efbb000-6f003000 r-xp 00000000 08:01 136255     /usr/lib/jvm/java-7-openjdk-i386/jre/lib/i386/xawt/libmawt.so
6f003000-6f004000 r--p 00048000 08:01 136255     /usr/lib/jvm/java-7-openjdk-i386/jre/lib/i386/xawt/libmawt.so
6f004000-6f006000 rw-p 00049000 08:01 136255     /usr/lib/jvm/java-7-openjdk-i386/jre/lib/i386/xawt/libmawt.so
6f006000-6f007000 rw-p 00000000 00:00 0 
6f007000-6f137000 r-xp 00000000 08:01 134799     /usr/lib/i386-linux-gnu/libX11.so.6.3.0
6f137000-6f138000 r--p 00130000 08:01 134799     /usr/lib/i386-linux-gnu/libX11.so.6.3.0
6f138000-6f13a000 rw-p 00131000 08:01 134799     /usr/lib/i386-linux-gnu/libX11.so.6.3.0
6f13a000-6f13b000 rw-p 00000000 00:00 0 
6f13b000-6f149000 r-xp 00000000 08:01 134580     /usr/lib/i386-linux-gnu/libXi.so.6.1.0
6f149000-6f14a000 r--p 0000e000 08:01 134580     /usr/lib/i386-linux-gnu/libXi.so.6.1.0
6f14a000-6f14b000 rw-p 0000f000 08:01 134580     /usr/lib/i386-linux-gnu/libXi.so.6.1.0
6f14b000-6f184000 r-xp 00000000 08:01 141390     /usr/lib/i386-linux-gnu/libfontconfig.so.1.8.0
6f184000-6f185000 r--p 00039000 08:01 141390     /usr/lib/i386-linux-gnu/libfontconfig.so.1.8.0
6f185000-6f186000 rw-p 0003a000 08:01 141390     /usr/lib/i386-linux-gnu/libfontconfig.so.1.8.0
6f186000-6f303000 r-xp 00000000 08:01 142363     /usr/lib/i386-linux-gnu/libgio-2.0.so.0.4002.0
6f303000-6f305000 r--p 0017d000 08:01 142363     /usr/lib/i386-linux-gnu/libgio-2.0.so.0.4002.0
6f305000-6f306000 rw-p 0017f000 08:01 142363     /usr/lib/i386-linux-gnu/libgio-2.0.so.0.4002.0
6f306000-6f307000 rw-p 00000000 00:00 0 
6f307000-6f357000 r-xp 00000000 08:01 138694     /usr/lib/i386-linux-gnu/libgobject-2.0.so.0.4002.0
6f357000-6f358000 r--p 0004f000 08:01 138694     /usr/lib/i386-linux-gnu/libgobject-2.0.so.0.4002.0
6f358000-6f359000 rw-p 00050000 08:01 138694     /usr/lib/i386-linux-gnu/libgobject-2.0.so.0.4002.0
6f359000-6f379000 r-xp 00000000 08:01 146024     /usr/lib/i386-linux-gnu/libxcb.so.1.1.0
6f379000-6f37a000 r--p 0001f000 08:01 146024     /usr/lib/i386-linux-gnu/libxcb.so.1.1.0
6f37a000-6f37b000 rw-p 00020000 08:01 146024     /usr/lib/i386-linux-gnu/libxcb.so.1.1.0
6f37b000-6f416000 r-xp 00000000 08:01 141974     /usr/lib/i386-linux-gnu/libfreetype.so.6.11.1
6f416000-6f41a000 r--p 0009a000 08:01 141974     /usr/lib/i386-linux-gnu/libfreetype.so.6.11.1
6f41a000-6f41b000 rw-p 0009e000 08:01 141974     /usr/lib/i386-linux-gnu/libfreetype.so.6.11.1
6f41b000-6f440000 r-xp 00000000 08:01 7756       /lib/i386-linux-gnu/libexpat.so.1.6.0
6f440000-6f441000 ---p 00025000 08:01 7756       /lib/i386-linux-gnu/libexpat.so.1.6.0
6f441000-6f443000 r--p 00025000 08:01 7756       /lib/i386-linux-gnu/libexpat.so.1.6.0
6f443000-6f444000 rw-p 00027000 08:01 7756       /lib/i386-linux-gnu/libexpat.so.1.6.0
6f444000-6f54e000 r-xp 00000000 08:01 25359      /lib/i386-linux-gnu/libglib-2.0.so.0.4002.0
6f54e000-6f54f000 r--p 00109000 08:01 25359      /lib/i386-linux-gnu/libglib-2.0.so.0.4002.0
6f54f000-6f550000 rw-p 0010a000 08:01 25359      /lib/i386-linux-gnu/libglib-2.0.so.0.4002.0
6f550000-6f570000 r-xp 00000000 08:01 6340       /lib/i386-linux-gnu/libselinux.so.1
6f570000-6f571000 r--p 0001f000 08:01 6340       /lib/i386-linux-gnu/libselinux.so.1
6f571000-6f572000 rw-p 00020000 08:01 6340       /lib/i386-linux-gnu/libselinux.so.1
6f572000-6f573000 rw-p 00000000 00:00 0 
6f573000-6f586000 r-xp 00000000 08:01 14521      /lib/i386-linux-gnu/libresolv-2.19.so
6f586000-6f587000 ---p 00013000 08:01 14521      /lib/i386-linux-gnu/libresolv-2.19.so
6f587000-6f588000 r--p 00013000 08:01 14521      /lib/i386-linux-gnu/libresolv-2.19.so
6f588000-6f589000 rw-p 00014000 08:01 14521      /lib/i386-linux-gnu/libresolv-2.19.so
6f589000-6f58b000 rw-p 00000000 00:00 0 
6f58b000-6f590000 r-xp 00000000 08:01 131155     /usr/lib/i386-linux-gnu/libffi.so.6.0.1
6f590000-6f591000 r--p 00005000 08:01 131155     /usr/lib/i386-linux-gnu/libffi.so.6.0.1
6f591000-6f592000 rw-p 00006000 08:01 131155     /usr/lib/i386-linux-gnu/libffi.so.6.0.1
6f592000-6f594000 r-xp 00000000 08:01 140333     /usr/lib/i386-linux-gnu/libXau.so.6.0.0
6f594000-6f595000 r--p 00001000 08:01 140333     /usr/lib/i386-linux-gnu/libXau.so.6.0.0
6f595000-6f596000 rw-p 00002000 08:01 140333     /usr/lib/i386-linux-gnu/libXau.so.6.0.0
6f596000-6f59b000 r-xp 00000000 08:01 141154     /usr/lib/i386-linux-gnu/libXdmcp.so.6.0.0
6f59b000-6f59c000 r--p 00004000 08:01 141154     /usr/lib/i386-linux-gnu/libXdmcp.so.6.0.0
6f59c000-6f59d000 rw-p 00005000 08:01 141154     /usr/lib/i386-linux-gnu/libXdmcp.so.6.0.0
6f59d000-6f5c3000 r-xp 00000000 08:01 12303      /lib/i386-linux-gnu/libpng12.so.0.50.0
6f5c3000-6f5c4000 r--p 00025000 08:01 12303      /lib/i386-linux-gnu/libpng12.so.0.50.0
6f5c4000-6f5c5000 rw-p 00026000 08:01 12303      /lib/i386-linux-gnu/libpng12.so.0.50.0
6f5c5000-6f601000 r-xp 00000000 08:01 11367      /lib/i386-linux-gnu/libpcre.so.3.13.1
6f601000-6f602000 r--p 0003b000 08:01 11367      /lib/i386-linux-gnu/libpcre.so.3.13.1
6f602000-6f603000 rw-p 0003c000 08:01 11367      /lib/i386-linux-gnu/libpcre.so.3.13.1
6f603000-6f629000 r--p 00000000 08:01 282017     /usr/share/locale-langpack/es/LC_MESSAGES/libc.mo
6f629000-6f62c000 ---p 00000000 00:00 0 
6f62c000-6f67a000 rw-p 00000000 00:00 0 
6f67a000-6f68b000 r-xp 00000000 08:01 156613     /usr/lib/jvm/java-7-openjdk-i386/jre/lib/i386/libnio.so
6f68b000-6f68c000 r--p 00010000 08:01 156613     /usr/lib/jvm/java-7-openjdk-i386/jre/lib/i386/libnio.so
6f68c000-6f68d000 rw-p 00011000 08:01 156613     /usr/lib/jvm/java-7-openjdk-i386/jre/lib/i386/libnio.so
6f690000-6f699000 r-xp 00000000 08:01 139035     /usr/lib/i386-linux-gnu/libXcursor.so.1.0.2
6f699000-6f69a000 r--p 00008000 08:01 139035     /usr/lib/i386-linux-gnu/libXcursor.so.1.0.2
6f69a000-6f69b000 rw-p 00009000 08:01 139035     /usr/lib/i386-linux-gnu/libXcursor.so.1.0.2
6f69b000-6f69f000 r-xp 00000000 08:01 142033     /usr/lib/i386-linux-gnu/libXfixes.so.3.1.0
6f69f000-6f6a0000 r--p 00003000 08:01 142033     /usr/lib/i386-linux-gnu/libXfixes.so.3.1.0
6f6a0000-6f6a1000 rw-p 00004000 08:01 142033     /usr/lib/i386-linux-gnu/libXfixes.so.3.1.0
6f6a1000-6f6a4000 ---p 00000000 00:00 0 
6f6a4000-6f6f2000 rw-p 00000000 00:00 0 
6f700000-6f78c000 rw-p 00000000 00:00 0 
6f78c000-6f800000 ---p 00000000 00:00 0 
6f800000-6f803000 ---p 00000000 00:00 0 
6f803000-6f851000 rw-p 00000000 00:00 0 
6f851000-6f854000 ---p 00000000 00:00 0 
6f854000-6f8a2000 rw-p 00000000 00:00 0 
6f8a2000-6f8f2000 r-xp 00000000 08:01 156720     /usr/lib/jvm/java-7-openjdk-i386/jre/lib/i386/libfontmanager.so
6f8f2000-6f8f4000 r--p 0004f000 08:01 156720     /usr/lib/jvm/java-7-openjdk-i386/jre/lib/i386/libfontmanager.so
6f8f4000-6f8f5000 rw-p 00051000 08:01 156720     /usr/lib/jvm/java-7-openjdk-i386/jre/lib/i386/libfontmanager.so
6f8f5000-6f90d000 r-xp 00000000 08:01 156358     /usr/lib/jvm/java-7-openjdk-i386/jre/lib/i386/libnet.so
6f90d000-6f90e000 r--p 00017000 08:01 156358     /usr/lib/jvm/java-7-openjdk-i386/jre/lib/i386/libnet.so
6f90e000-6f90f000 rw-p 00018000 08:01 156358     /usr/lib/jvm/java-7-openjdk-i386/jre/lib/i386/libnet.so
6f90f000-6f912000 ---p 00000000 00:00 0 
6f912000-6f960000 rw-p 00000000 00:00 0 
6f960000-6f970000 rw-s 00000000 00:05 281542681  /SYSV00000000 (deleted)
6fa00000-6fb00000 rw-p 00000000 00:00 0 
6fb00000-6fbfa000 rw-p 00000000 00:00 0 
6fbfa000-6fc00000 ---p 00000000 00:00 0 
6fc00000-6fdf9000 rw-p 00000000 00:00 0 
6fdf9000-6fe00000 ---p 00000000 00:00 0 
6fe00000-6fef9000 rw-p 00000000 00:00 0 
6fef9000-6ff00000 ---p 00000000 00:00 0 
6ff00000-6fffd000 rw-p 00000000 00:00 0 
6fffd000-70000000 ---p 00000000 00:00 0 
70000000-700fe000 rw-p 00000000 00:00 0 
700fe000-70100000 ---p 00000000 00:00 0 
70100000-701fc000 rw-p 00000000 00:00 0 
701fc000-70200000 ---p 00000000 00:00 0 
70200000-703db000 rw-p 00000000 00:00 0 
703db000-70400000 ---p 00000000 00:00 0 
70400000-704ae000 rw-s 00000000 00:05 281772062  /SYSV00000000 (deleted)
bf908000-bf909000 rwxp 00000000 00:00 0 
bf93a000-bf95c000 rw-p 00000000 00:00 0          [stack]

VM Arguments:
java_command: tictactoe.Play localhost pepe
Launcher Type: SUN_STANDARD

Environment Variables:
PATH=.:/usr/local/sbin:/usr/local/bin:/usr/sbin:/usr/bin:/sbin:/bin:/usr/games:/usr/local/games
SHELL=/bin/bash
DISPLAY=:0.0

Signal Handlers:
SIGSEGV: [libjvm.so+0x8191e0], sa_mask[0]=0x7ffbfeff, sa_flags=0x10000004
SIGBUS: [libjvm.so+0x8191e0], sa_mask[0]=0x7ffbfeff, sa_flags=0x10000004
SIGFPE: [libjvm.so+0x68ddb0], sa_mask[0]=0x7ffbfeff, sa_flags=0x10000004
SIGPIPE: [libjvm.so+0x68ddb0], sa_mask[0]=0x7ffbfeff, sa_flags=0x10000004
SIGXFSZ: [libjvm.so+0x68ddb0], sa_mask[0]=0x7ffbfeff, sa_flags=0x10000004
SIGILL: [libjvm.so+0x68ddb0], sa_mask[0]=0x7ffbfeff, sa_flags=0x10000004
SIGUSR1: SIG_DFL, sa_mask[0]=0x00000000, sa_flags=0x00000000
SIGUSR2: [libjvm.so+0x68df10], sa_mask[0]=0x00000000, sa_flags=0x10000004
SIGHUP: [libjvm.so+0x68de70], sa_mask[0]=0x7ffbfeff, sa_flags=0x10000004
SIGINT: [libjvm.so+0x68de70], sa_mask[0]=0x7ffbfeff, sa_flags=0x10000004
SIGTERM: [libjvm.so+0x68de70], sa_mask[0]=0x7ffbfeff, sa_flags=0x10000004
SIGQUIT: [libjvm.so+0x68de70], sa_mask[0]=0x7ffbfeff, sa_flags=0x10000004
SIGTRAP: SIG_DFL, sa_mask[0]=0x00000000, sa_flags=0x00000000


---------------  S Y S T E M  ---------------

OS:Ubuntu 14.04 (trusty)
uname:Linux 3.19.0-68-generic #76~14.04.1-Ubuntu SMP Fri Aug 12 11:47:02 UTC 2016 i686
libc:glibc 2.19 NPTL 2.19 
rlimit: STACK infinity, CORE infinity, NPROC 15961, NOFILE 4096, AS infinity
load average:2,00 1,11 1,14

/proc/meminfo:
MemTotal:        2063044 kB
MemFree:          114628 kB
MemAvailable:      58752 kB
Buffers:             628 kB
Cached:            41688 kB
SwapCached:            0 kB
Active:          1819060 kB
Inactive:          34320 kB
Active(anon):    1812604 kB
Inactive(anon):    27872 kB
Active(file):       6456 kB
Inactive(file):     6448 kB
Unevictable:           0 kB
Mlocked:               0 kB
HighTotal:       1183624 kB
HighFree:          15188 kB
LowTotal:         879420 kB
LowFree:           99440 kB
SwapTotal:             0 kB
SwapFree:              0 kB
Dirty:               120 kB
Writeback:             0 kB
AnonPages:       1811496 kB
Mapped:            36364 kB
Shmem:             28980 kB
Slab:              35568 kB
SReclaimable:      15132 kB
SUnreclaim:        20436 kB
KernelStack:        3736 kB
PageTables:        10508 kB
NFS_Unstable:          0 kB
Bounce:                0 kB
WritebackTmp:          0 kB
CommitLimit:     1031520 kB
Committed_AS:    3835500 kB
VmallocTotal:     122880 kB
VmallocUsed:       23836 kB
VmallocChunk:      48384 kB
AnonHugePages:   1134592 kB
CmaTotal:              0 kB
CmaFree:               0 kB
HugePages_Total:       0
HugePages_Free:        0
HugePages_Rsvd:        0
HugePages_Surp:        0
Hugepagesize:       2048 kB
DirectMap4k:       51192 kB
DirectMap2M:      862208 kB


CPU:total 3 (3 cores per cpu, 1 threads per core) family 6 model 78 stepping 3, cmov, cx8, fxsr, mmx, sse, sse2, sse3, ssse3, sse4.1, sse4.2, popcnt, avx, aes, erms, tsc, tscinvbit

/proc/cpuinfo:
processor	: 0
vendor_id	: GenuineIntel
cpu family	: 6
model		: 78
model name	: Intel(R) Core(TM) i5-6200U CPU @ 2.30GHz
stepping	: 3
microcode	: 0x8a
cpu MHz		: 2400.002
cache size	: 3072 KB
physical id	: 0
siblings	: 3
core id		: 0
cpu cores	: 3
apicid		: 0
initial apicid	: 0
fdiv_bug	: no
f00f_bug	: no
coma_bug	: no
fpu		: yes
fpu_exception	: yes
cpuid level	: 22
wp		: yes
flags		: fpu vme de pse tsc msr pae mce cx8 apic sep mtrr pge mca cmov pat pse36 clflush dts mmx fxsr sse sse2 ss ht nx pdpe1gb rdtscp lm constant_tsc arch_perfmon pebs bts xtopology tsc_reliable nonstop_tsc aperfmperf pni pclmulqdq ssse3 fma cx16 pcid sse4_1 sse4_2 x2apic movbe popcnt aes xsave avx f16c rdrand hypervisor lahf_lm 3dnowprefetch ida arat epb pln pts dtherm hwp hwp_noitfy hwp_act_window hwp_epp fsgsbase smep
bugs		:
bogomips	: 4800.00
clflush size	: 64
cache_alignment	: 64
address sizes	: 40 bits physical, 48 bits virtual
power management:

processor	: 1
vendor_id	: GenuineIntel
cpu family	: 6
model		: 78
model name	: Intel(R) Core(TM) i5-6200U CPU @ 2.30GHz
stepping	: 3
microcode	: 0x8a
cpu MHz		: 2400.002
cache size	: 3072 KB
physical id	: 0
siblings	: 3
core id		: 1
cpu cores	: 3
apicid		: 1
initial apicid	: 1
fdiv_bug	: no
f00f_bug	: no
coma_bug	: no
fpu		: yes
fpu_exception	: yes
cpuid level	: 22
wp		: yes
flags		: fpu vme de pse tsc msr pae mce cx8 apic sep mtrr pge mca cmov pat pse36 clflush dts mmx fxsr sse sse2 ss ht nx pdpe1gb rdtscp lm constant_tsc arch_perfmon pebs bts xtopology tsc_reliable nonstop_tsc aperfmperf pni pclmulqdq ssse3 fma cx16 pcid sse4_1 sse4_2 x2apic movbe popcnt aes xsave avx f16c rdrand hypervisor lahf_lm 3dnowprefetch ida arat epb pln pts dtherm hwp hwp_noitfy hwp_act_window hwp_epp fsgsbase smep
bugs		:
bogomips	: 4800.00
clflush size	: 64
cache_alignment	: 64
address sizes	: 40 bits physical, 48 bits virtual
power management:

processor	: 2
vendor_id	: GenuineIntel
cpu family	: 6
model		: 78
model name	: Intel(R) Core(TM) i5-6200U CPU @ 2.30GHz
stepping	: 3
microcode	: 0x8a
cpu MHz		: 2400.002
cache size	: 3072 KB
physical id	: 0
siblings	: 3
core id		: 2
cpu cores	: 3
apicid		: 2
initial apicid	: 2
fdiv_bug	: no
f00f_bug	: no
coma_bug	: no
fpu		: yes
fpu_exception	: yes
cpuid level	: 22
wp		: yes
flags		: fpu vme de pse tsc msr pae mce cx8 apic sep mtrr pge mca cmov pat pse36 clflush dts mmx fxsr sse sse2 ss ht nx pdpe1gb rdtscp lm constant_tsc arch_perfmon pebs bts xtopology tsc_reliable nonstop_tsc aperfmperf pni pclmulqdq ssse3 fma cx16 pcid sse4_1 sse4_2 x2apic movbe popcnt aes xsave avx f16c rdrand hypervisor lahf_lm 3dnowprefetch ida arat epb pln pts dtherm hwp hwp_noitfy hwp_act_window hwp_epp fsgsbase smep
bugs		:
bogomips	: 4800.00
clflush size	: 64
cache_alignment	: 64
address sizes	: 40 bits physical, 48 bits virtual
power management:



Memory: 4k page, physical 2063044k(114380k free), swap 0k(0k free)

vm_info: OpenJDK Server VM (24.111-b01) for linux-x86 JRE (1.7.0_111-b01), built on Aug 12 2016 05:32:15 by "buildd" with gcc 4.8.4

time: Sun May 21 18:03:08 2017
elapsed time: 51 seconds

