#
# There is insufficient memory for the Java Runtime Environment to continue.
# Native memory allocation (malloc) failed to allocate 20971520 bytes for committing reserved memory.
# Possible reasons:
#   The system is out of physical RAM or swap space
#   In 32 bit mode, the process size limit was hit
# Possible solutions:
#   Reduce memory load on the system
#   Increase physical memory or swap space
#   Check if swap backing store is full
#   Use 64 bit Java on a 64 bit OS
#   Decrease Java heap size (-Xmx/-Xms)
#   Decrease number of Java threads
#   Decrease Java thread stack sizes (-Xss)
#   Set larger code cache with -XX:ReservedCodeCacheSize=
# This output file may be truncated or incomplete.
#
#  Out of Memory Error (os_linux.cpp:2827), pid=25310, tid=1851771712
#
# JRE version: OpenJDK Runtime Environment (7.0_111-b01) (build 1.7.0_111-b01)
# Java VM: OpenJDK Server VM (24.111-b01 mixed mode linux-x86 )
# Derivative: IcedTea 2.6.7
# Distribution: Ubuntu 14.04 LTS, package 7u111-2.6.7-0ubuntu0.14.04.3
# Core dump written. Default location: /home/salas/Tic-Tac-Toe/server/core or core.25310
#

---------------  T H R E A D  ---------------

Current thread (0x6e648800):  VMThread [stack: 0x6e57c000,0x6e5fd000] [id=25315]

Stack: [0x6e57c000,0x6e5fd000]
VM_Operation (0x4133ad08): ParallelGCFailedAllocation, mode: safepoint, requested by thread 0x41407800


---------------  P R O C E S S  ---------------

Java Threads: ( => current thread )
  0x6e664000 JavaThread "Service Thread" daemon [_thread_blocked, id=25321, stack(0x6ed26000,0x6ed77000)]
  0x6e662400 JavaThread "C2 CompilerThread1" daemon [_thread_blocked, id=25320, stack(0x6eca5000,0x6ed26000)]
  0x6e660400 JavaThread "C2 CompilerThread0" daemon [_thread_blocked, id=25319, stack(0x6ec24000,0x6eca5000)]
  0x6e65e800 JavaThread "Signal Dispatcher" daemon [_thread_blocked, id=25318, stack(0x6ebd3000,0x6ec24000)]
  0x6e64cc00 JavaThread "Finalizer" daemon [_thread_blocked, id=25317, stack(0x6e851000,0x6e8a2000)]
  0x6e64b400 JavaThread "Reference Handler" daemon [_thread_blocked, id=25316, stack(0x6e800000,0x6e851000)]
  0x41407800 JavaThread "main" [_thread_blocked, id=25311, stack(0x412eb000,0x4133c000)]

Other Threads:
=>0x6e648800 VMThread [stack: 0x6e57c000,0x6e5fd000] [id=25315]
  0x6e665c00 WatcherThread [stack: 0x6ed77000,0x6edf8000] [id=25322]

VM state:at safepoint (normal execution)

VM Mutex/Monitor currently owned by a thread:  ([mutex/lock_event])
[0x41404f80] Threads_lock - owner thread: 0x6e648800
[0x41405390] Heap_lock - owner thread: 0x41407800

Heap
 PSYoungGen      total 107520K, used 20420K [0x61b00000, 0x69c00000, 0x6c5c0000)
  eden space 84480K, 0% used [0x61b00000,0x61b00000,0x66d80000)
  from space 23040K, 88% used [0x66d80000,0x681712a0,0x68400000)
  to   space 21504K, 0% used [0x68400000,0x68400000,0x69900000)
 ParOldGen       total 21504K, used 16506K [0x4c5c0000, 0x4dac0000, 0x61b00000)
  object space 21504K, 76% used [0x4c5c0000,0x4d5debf8,0x4dac0000)
 PSPermGen       total 16384K, used 8375K [0x445c0000, 0x455c0000, 0x4c5c0000)
  object space 16384K, 51% used [0x445c0000,0x44dedd58,0x455c0000)

Card table byte_map: [0x6c5c0000,0x6c701000] byte_map_base: 0x6c39d200

Polling page: 0x4012d000

Code Cache  [0x41500000, 0x41760000, 0x44500000)
 total_blobs=1093 nmethods=959 adapters=87 free_code_cache=46778Kb largest_free_block=47855488

Compilation events (10 events):
Event: 52,220 Thread 0x6e660400 nmethod 990 0x41750508 code [0x41750620, 0x417507d0]
Event: 52,223 Thread 0x6e662400 nmethod 992 0x4174ff88 code [0x417500a0, 0x41750270]
Event: 52,328 Thread 0x6e660400  993             java.util.ArrayList::grow (45 bytes)
Event: 52,330 Thread 0x6e660400 nmethod 993 0x4174fb48 code [0x4174fc40, 0x4174fe50]
Event: 53,804 Thread 0x6e662400  994   !         org.apache.axis.utils.BeanUtils$1::run (185 bytes)
Event: 53,822 Thread 0x6e662400 nmethod 994 0x4175af48 code [0x4175b120, 0x4175b9e4]
Event: 55,997 Thread 0x6e660400  995             org.apache.axis.utils.JavaUtils::isConvertable (1015 bytes)
Event: 55,999 Thread 0x6e662400  996   !         org.apache.axis.utils.JavaUtils::convert (1751 bytes)
Event: 56,000 Thread 0x6e660400 nmethod 995 0x41758d08 code [0x41758e40, 0x41759170]
Event: 56,009 Thread 0x6e662400 nmethod 996 0x41755a08 code [0x41755c00, 0x417564c4]

GC Heap History (10 events):
Event: 53,695 GC heap after
Heap after GC invocations=94 (full 0):
 PSYoungGen      total 75776K, used 12442K [0x61b00000, 0x67780000, 0x6c5c0000)
  eden space 60672K, 0% used [0x61b00000,0x61b00000,0x65640000)
  from space 15104K, 82% used [0x66640000,0x67266b90,0x67500000)
  to   space 16384K, 0% used [0x65640000,0x65640000,0x66640000)
 ParOldGen       total 21504K, used 16018K [0x4c5c0000, 0x4dac0000, 0x61b00000)
  object space 21504K, 74% used [0x4c5c0000,0x4d564bb8,0x4dac0000)
 PSPermGen       total 16384K, used 8375K [0x445c0000, 0x455c0000, 0x4c5c0000)
  object space 16384K, 51% used [0x445c0000,0x44dedd58,0x455c0000)
}
Event: 54,924 GC heap before
{Heap before GC invocations=95 (full 0):
 PSYoungGen      total 75776K, used 73114K [0x61b00000, 0x67780000, 0x6c5c0000)
  eden space 60672K, 100% used [0x61b00000,0x65640000,0x65640000)
  from space 15104K, 82% used [0x66640000,0x67266b90,0x67500000)
  to   space 16384K, 0% used [0x65640000,0x65640000,0x66640000)
 ParOldGen       total 21504K, used 16018K [0x4c5c0000, 0x4dac0000, 0x61b00000)
  object space 21504K, 74% used [0x4c5c0000,0x4d564bb8,0x4dac0000)
 PSPermGen       total 16384K, used 8375K [0x445c0000, 0x455c0000, 0x4c5c0000)
  object space 16384K, 51% used [0x445c0000,0x44dedd58,0x455c0000)
Event: 54,942 GC heap after
Heap after GC invocations=95 (full 0):
 PSYoungGen      total 77056K, used 14659K [0x61b00000, 0x685c0000, 0x6c5c0000)
  eden space 60672K, 0% used [0x61b00000,0x61b00000,0x65640000)
  from space 16384K, 89% used [0x65640000,0x66490d60,0x66640000)
  to   space 18176K, 0% used [0x67400000,0x67400000,0x685c0000)
 ParOldGen       total 21504K, used 16106K [0x4c5c0000, 0x4dac0000, 0x61b00000)
  object space 21504K, 74% used [0x4c5c0000,0x4d57abc8,0x4dac0000)
 PSPermGen       total 16384K, used 8375K [0x445c0000, 0x455c0000, 0x4c5c0000)
  object space 16384K, 51% used [0x445c0000,0x44dedd58,0x455c0000)
}
Event: 56,115 GC heap before
{Heap before GC invocations=96 (full 0):
 PSYoungGen      total 77056K, used 75331K [0x61b00000, 0x685c0000, 0x6c5c0000)
  eden space 60672K, 100% used [0x61b00000,0x65640000,0x65640000)
  from space 16384K, 89% used [0x65640000,0x66490d60,0x66640000)
  to   space 18176K, 0% used [0x67400000,0x67400000,0x685c0000)
 ParOldGen       total 21504K, used 16106K [0x4c5c0000, 0x4dac0000, 0x61b00000)
  object space 21504K, 74% used [0x4c5c0000,0x4d57abc8,0x4dac0000)
 PSPermGen       total 16384K, used 8375K [0x445c0000, 0x455c0000, 0x4c5c0000)
  object space 16384K, 51% used [0x445c0000,0x44dedd58,0x455c0000)
Event: 56,213 GC heap after
Heap after GC invocations=96 (full 0):
 PSYoungGen      total 89856K, used 14699K [0x61b00000, 0x68840000, 0x6c5c0000)
  eden space 71680K, 0% used [0x61b00000,0x61b00000,0x66100000)
  from space 18176K, 80% used [0x67400000,0x6825ad90,0x685c0000)
  to   space 19456K, 0% used [0x66100000,0x66100000,0x67400000)
 ParOldGen       total 21504K, used 16194K [0x4c5c0000, 0x4dac0000, 0x61b00000)
  object space 21504K, 75% used [0x4c5c0000,0x4d590bc8,0x4dac0000)
 PSPermGen       total 16384K, used 8375K [0x445c0000, 0x455c0000, 0x4c5c0000)
  object space 16384K, 51% used [0x445c0000,0x44dedd58,0x455c0000)
}
Event: 57,633 GC heap before
{Heap before GC invocations=97 (full 0):
 PSYoungGen      total 89856K, used 86379K [0x61b00000, 0x68840000, 0x6c5c0000)
  eden space 71680K, 100% used [0x61b00000,0x66100000,0x66100000)
  from space 18176K, 80% used [0x67400000,0x6825ad90,0x685c0000)
  to   space 19456K, 0% used [0x66100000,0x66100000,0x67400000)
 ParOldGen       total 21504K, used 16194K [0x4c5c0000, 0x4dac0000, 0x61b00000)
  object space 21504K, 75% used [0x4c5c0000,0x4d590bc8,0x4dac0000)
 PSPermGen       total 16384K, used 8375K [0x445c0000, 0x455c0000, 0x4c5c0000)
  object space 16384K, 51% used [0x445c0000,0x44dedd58,0x455c0000)
Event: 57,657 GC heap after
Heap after GC invocations=97 (full 0):
 PSYoungGen      total 91136K, used 17323K [0x61b00000, 0x69900000, 0x6c5c0000)
  eden space 71680K, 0% used [0x61b00000,0x61b00000,0x66100000)
  from space 19456K, 89% used [0x66100000,0x671eafe0,0x67400000)
  to   space 21504K, 0% used [0x68400000,0x68400000,0x69900000)
 ParOldGen       total 21504K, used 16286K [0x4c5c0000, 0x4dac0000, 0x61b00000)
  object space 21504K, 75% used [0x4c5c0000,0x4d5a7bd8,0x4dac0000)
 PSPermGen       total 16384K, used 8375K [0x445c0000, 0x455c0000, 0x4c5c0000)
  object space 16384K, 51% used [0x445c0000,0x44dedd58,0x455c0000)
}
Event: 59,138 GC heap before
{Heap before GC invocations=98 (full 0):
 PSYoungGen      total 91136K, used 89003K [0x61b00000, 0x69900000, 0x6c5c0000)
  eden space 71680K, 100% used [0x61b00000,0x66100000,0x66100000)
  from space 19456K, 89% used [0x66100000,0x671eafe0,0x67400000)
  to   space 21504K, 0% used [0x68400000,0x68400000,0x69900000)
 ParOldGen       total 21504K, used 16286K [0x4c5c0000, 0x4dac0000, 0x61b00000)
  object space 21504K, 75% used [0x4c5c0000,0x4d5a7bd8,0x4dac0000)
 PSPermGen       total 16384K, used 8375K [0x445c0000, 0x455c0000, 0x4c5c0000)
  object space 16384K, 51% used [0x445c0000,0x44dedd58,0x455c0000)
Event: 59,179 GC heap after
Heap after GC invocations=98 (full 0):
 PSYoungGen      total 105984K, used 17307K [0x61b00000, 0x69c00000, 0x6c5c0000)
  eden space 84480K, 0% used [0x61b00000,0x61b00000,0x66d80000)
  from space 21504K, 80% used [0x68400000,0x694e6fb0,0x69900000)
  to   space 23040K, 0% used [0x66d80000,0x66d80000,0x68400000)
 ParOldGen       total 21504K, used 16414K [0x4c5c0000, 0x4dac0000, 0x61b00000)
  object space 21504K, 76% used [0x4c5c0000,0x4d5c7bf8,0x4dac0000)
 PSPermGen       total 16384K, used 8375K [0x445c0000, 0x455c0000, 0x4c5c0000)
  object space 16384K, 51% used [0x445c0000,0x44dedd58,0x455c0000)
}
Event: 61,256 GC heap before
{Heap before GC invocations=99 (full 0):
 PSYoungGen      total 105984K, used 101787K [0x61b00000, 0x69c00000, 0x6c5c0000)
  eden space 84480K, 100% used [0x61b00000,0x66d80000,0x66d80000)
  from space 21504K, 80% used [0x68400000,0x694e6fb0,0x69900000)
  to   space 23040K, 0% used [0x66d80000,0x66d80000,0x68400000)
 ParOldGen       total 21504K, used 16414K [0x4c5c0000, 0x4dac0000, 0x61b00000)
  object space 21504K, 76% used [0x4c5c0000,0x4d5c7bf8,0x4dac0000)
 PSPermGen       total 16384K, used 8375K [0x445c0000, 0x455c0000, 0x4c5c0000)
  object space 16384K, 51% used [0x445c0000,0x44dedd58,0x455c0000)

Deoptimization events (10 events):
Event: 34,755 Thread 0x41407800 Uncommon trap: reason=null_check action=make_not_entrant pc=0x416ae970 method=org.apache.axis.message.RPCElement.deserialize()V @ 33
Event: 41,708 Thread 0x41407800 Uncommon trap: reason=null_check action=make_not_entrant pc=0x416b49b8 method=com.sun.org.apache.xerces.internal.parsers.AbstractSAXParser.xmlDecl(Ljava/lang/String;Ljava/lang/String;Ljava/lang/String;Lcom/sun/org/apache/xerces/internal/xni/Augmentations;
Event: 45,533 Thread 0x41407800 Uncommon trap: reason=null_check action=make_not_entrant pc=0x4170dc78 method=java.lang.reflect.Proxy.isProxyClass(Ljava/lang/Class;)Z @ 4
Event: 45,538 Thread 0x41407800 Uncommon trap: reason=null_check action=make_not_entrant pc=0x4170f804 method=org.apache.axis.utils.BeanUtils$1.run()Ljava/lang/Object; @ 27
Event: 45,661 Thread 0x41407800 Uncommon trap: reason=null_check action=make_not_entrant pc=0x41719ae0 method=org.apache.axis.encoding.ser.SimpleDeserializer.init()V @ 25
Event: 45,664 Thread 0x41407800 Uncommon trap: reason=null_check action=make_not_entrant pc=0x41718228 method=org.apache.axis.encoding.ser.SimpleDeserializer.init()V @ 25
Event: 48,296 Thread 0x41407800 Uncommon trap: reason=null_check action=make_not_entrant pc=0x4172b7f4 method=org.apache.axis.utils.JavaUtils.isConvertable(Ljava/lang/Object;Ljava/lang/Class;Z)Z @ 50
Event: 48,303 Thread 0x41407800 Uncommon trap: reason=null_check action=make_not_entrant pc=0x4172a9a8 method=org.apache.axis.utils.JavaUtils.convert(Ljava/lang/Object;Ljava/lang/Class;)Ljava/lang/Object; @ 33
Event: 53,827 Thread 0x41407800 Uncommon trap: reason=null_check action=make_not_entrant pc=0x4175b4ec method=org.apache.axis.utils.BeanUtils$1.run()Ljava/lang/Object; @ 123
Event: 56,002 Thread 0x41407800 Uncommon trap: reason=null_check action=make_not_entrant pc=0x41758fdc method=org.apache.axis.utils.JavaUtils.isConvertable(Ljava/lang/Object;Ljava/lang/Class;Z)Z @ 80

Internal exceptions (10 events):
Event: 16,222 Thread 0x41407800 Threw 0x62239630 at /build/openjdk-7-Ylwexc/openjdk-7-7u111-2.6.7/build/openjdk/hotspot/src/share/vm/prims/jvm.cpp:1322
Event: 16,222 Thread 0x41407800 Threw 0x6223a230 at /build/openjdk-7-Ylwexc/openjdk-7-7u111-2.6.7/build/openjdk/hotspot/src/share/vm/prims/jvm.cpp:1322
Event: 16,222 Thread 0x41407800 Threw 0x6223a480 at /build/openjdk-7-Ylwexc/openjdk-7-7u111-2.6.7/build/openjdk/hotspot/src/share/vm/classfile/systemDictionary.cpp:185
Event: 16,223 Thread 0x41407800 Threw 0x6223be50 at /build/openjdk-7-Ylwexc/openjdk-7-7u111-2.6.7/build/openjdk/hotspot/src/share/vm/prims/jvm.cpp:1322
Event: 16,223 Thread 0x41407800 Threw 0x6223e5a8 at /build/openjdk-7-Ylwexc/openjdk-7-7u111-2.6.7/build/openjdk/hotspot/src/share/vm/prims/jvm.cpp:1322
Event: 22,376 Thread 0x41407800 Implicit null exception at 0x4163ea01 to 0x4163f055
Event: 34,755 Thread 0x41407800 Implicit null exception at 0x416ade1b to 0x416ae961
Event: 48,296 Thread 0x41407800 Implicit null exception at 0x4172b5b3 to 0x4172b7dd
Event: 48,303 Thread 0x41407800 Implicit null exception at 0x4172a24e to 0x4172a995
Event: 51,094 Thread 0x41407800 Threw 0x623d1f48 at /build/openjdk-7-Ylwexc/openjdk-7-7u111-2.6.7/build/openjdk/hotspot/src/share/vm/prims/jvm.cpp:1322

Events (10 events):
Event: 56,002 Thread 0x41407800 Uncommon trap: trap_request=0xfffffff4 fr.pc=0x41758fdc
Event: 56,002 Thread 0x41407800 DEOPT PACKING pc=0x41758fdc sp=0x4133acd0
Event: 56,002 Thread 0x41407800 DEOPT UNPACKING pc=0x4152cbc8 sp=0x4133ac94 mode 2
Event: 56,115 Executing VM operation: ParallelGCFailedAllocation
Event: 56,213 Executing VM operation: ParallelGCFailedAllocation done
Event: 57,633 Executing VM operation: ParallelGCFailedAllocation
Event: 57,657 Executing VM operation: ParallelGCFailedAllocation done
Event: 59,137 Executing VM operation: ParallelGCFailedAllocation
Event: 59,179 Executing VM operation: ParallelGCFailedAllocation done
Event: 61,251 Executing VM operation: ParallelGCFailedAllocation


Dynamic libraries:
08048000-08049000 r-xp 00000000 08:01 153314     /usr/lib/jvm/java-7-openjdk-i386/jre/bin/java
08049000-0804a000 r--p 00000000 08:01 153314     /usr/lib/jvm/java-7-openjdk-i386/jre/bin/java
0804a000-0804b000 rw-p 00001000 08:01 153314     /usr/lib/jvm/java-7-openjdk-i386/jre/bin/java
093e8000-09471000 rw-p 00000000 00:00 0          [heap]
400e6000-40106000 r-xp 00000000 08:01 14543      /lib/i386-linux-gnu/ld-2.19.so
40106000-40107000 r--p 0001f000 08:01 14543      /lib/i386-linux-gnu/ld-2.19.so
40107000-40108000 rw-p 00020000 08:01 14543      /lib/i386-linux-gnu/ld-2.19.so
40108000-4010a000 r--p 00000000 00:00 0          [vvar]
4010a000-4010c000 r-xp 00000000 00:00 0          [vdso]
4010c000-4010f000 rw-p 00000000 00:00 0 
4010f000-4011b000 r-xp 00000000 08:01 156062     /usr/lib/jvm/java-7-openjdk-i386/jre/lib/i386/jli/libjli.so
4011b000-4011c000 r--p 0000c000 08:01 156062     /usr/lib/jvm/java-7-openjdk-i386/jre/lib/i386/jli/libjli.so
4011c000-4011d000 rw-p 0000d000 08:01 156062     /usr/lib/jvm/java-7-openjdk-i386/jre/lib/i386/jli/libjli.so
4011d000-4012b000 r-xp 00000000 08:01 153348     /usr/lib/jvm/java-7-openjdk-i386/jre/lib/i386/libverify.so
4012b000-4012c000 r--p 0000d000 08:01 153348     /usr/lib/jvm/java-7-openjdk-i386/jre/lib/i386/libverify.so
4012c000-4012d000 rw-p 0000e000 08:01 153348     /usr/lib/jvm/java-7-openjdk-i386/jre/lib/i386/libverify.so
4012d000-4012e000 ---p 00000000 00:00 0 
4012e000-4012f000 rw-p 00000000 00:00 0 
4012f000-40130000 r--p 003f0000 08:01 135305     /usr/lib/locale/locale-archive
40130000-40132000 r--s 00006000 08:01 264456     /usr/share/java/java-atk-wrapper.jar
40132000-40133000 r--s 00002000 08:01 157113     /usr/lib/jvm/java-7-openjdk-i386/jre/lib/ext/dnsns.jar
40133000-402db000 r-xp 00000000 08:01 15546      /lib/i386-linux-gnu/libc-2.19.so
402db000-402dc000 ---p 001a8000 08:01 15546      /lib/i386-linux-gnu/libc-2.19.so
402dc000-402de000 r--p 001a8000 08:01 15546      /lib/i386-linux-gnu/libc-2.19.so
402de000-402df000 rw-p 001aa000 08:01 15546      /lib/i386-linux-gnu/libc-2.19.so
402df000-402e2000 rw-p 00000000 00:00 0 
402e2000-402e5000 r-xp 00000000 08:01 14529      /lib/i386-linux-gnu/libdl-2.19.so
402e5000-402e6000 r--p 00002000 08:01 14529      /lib/i386-linux-gnu/libdl-2.19.so
402e6000-402e7000 rw-p 00003000 08:01 14529      /lib/i386-linux-gnu/libdl-2.19.so
402e7000-402ff000 r-xp 00000000 08:01 14539      /lib/i386-linux-gnu/libpthread-2.19.so
402ff000-40300000 r--p 00018000 08:01 14539      /lib/i386-linux-gnu/libpthread-2.19.so
40300000-40301000 rw-p 00019000 08:01 14539      /lib/i386-linux-gnu/libpthread-2.19.so
40301000-40303000 rw-p 00000000 00:00 0 
40303000-4031b000 r-xp 00000000 08:01 8166       /lib/i386-linux-gnu/libz.so.1.2.8
4031b000-4031c000 r--p 00017000 08:01 8166       /lib/i386-linux-gnu/libz.so.1.2.8
4031c000-4031d000 rw-p 00018000 08:01 8166       /lib/i386-linux-gnu/libz.so.1.2.8
4031d000-4031f000 rw-p 00000000 00:00 0 
4031f000-40d1c000 r-xp 00000000 08:01 155344     /usr/lib/jvm/java-7-openjdk-i386/jre/lib/i386/server/libjvm.so
40d1c000-40d1d000 ---p 009fd000 08:01 155344     /usr/lib/jvm/java-7-openjdk-i386/jre/lib/i386/server/libjvm.so
40d1d000-40d6f000 r--p 009fd000 08:01 155344     /usr/lib/jvm/java-7-openjdk-i386/jre/lib/i386/server/libjvm.so
40d6f000-40d83000 rw-p 00a4f000 08:01 155344     /usr/lib/jvm/java-7-openjdk-i386/jre/lib/i386/server/libjvm.so
40d83000-411a0000 rw-p 00000000 00:00 0 
411a0000-4127c000 r-xp 00000000 08:01 134510     /usr/lib/i386-linux-gnu/libstdc++.so.6.0.19
4127c000-41280000 r--p 000dc000 08:01 134510     /usr/lib/i386-linux-gnu/libstdc++.so.6.0.19
41280000-41281000 rw-p 000e0000 08:01 134510     /usr/lib/i386-linux-gnu/libstdc++.so.6.0.19
41281000-41288000 rw-p 00000000 00:00 0 
41288000-412cc000 r-xp 00000000 08:01 14525      /lib/i386-linux-gnu/libm-2.19.so
412cc000-412cd000 r--p 00043000 08:01 14525      /lib/i386-linux-gnu/libm-2.19.so
412cd000-412ce000 rw-p 00044000 08:01 14525      /lib/i386-linux-gnu/libm-2.19.so
412ce000-412ea000 r-xp 00000000 08:01 3513       /lib/i386-linux-gnu/libgcc_s.so.1
412ea000-412eb000 rw-p 0001b000 08:01 3513       /lib/i386-linux-gnu/libgcc_s.so.1
412eb000-412ee000 ---p 00000000 00:00 0 
412ee000-4133c000 rw-p 00000000 00:00 0 
4133c000-41343000 r-xp 00000000 08:01 15543      /lib/i386-linux-gnu/librt-2.19.so
41343000-41344000 r--p 00006000 08:01 15543      /lib/i386-linux-gnu/librt-2.19.so
41344000-41345000 rw-p 00007000 08:01 15543      /lib/i386-linux-gnu/librt-2.19.so
41345000-4136c000 r-xp 00000000 08:01 153804     /usr/lib/jvm/java-7-openjdk-i386/jre/lib/i386/libjava.so
4136c000-4136d000 r--p 00026000 08:01 153804     /usr/lib/jvm/java-7-openjdk-i386/jre/lib/i386/libjava.so
4136d000-4136e000 rw-p 00027000 08:01 153804     /usr/lib/jvm/java-7-openjdk-i386/jre/lib/i386/libjava.so
4136e000-41376000 rw-s 00000000 08:01 535352     /tmp/hsperfdata_salas/25310
41376000-4137e000 r-xp 00000000 08:01 157083     /usr/lib/jvm/java-7-openjdk-i386/jre/lib/i386/libzip.so
4137e000-4137f000 r--p 00007000 08:01 157083     /usr/lib/jvm/java-7-openjdk-i386/jre/lib/i386/libzip.so
4137f000-41380000 rw-p 00008000 08:01 157083     /usr/lib/jvm/java-7-openjdk-i386/jre/lib/i386/libzip.so
41380000-41384000 r--s 00034000 08:01 157112     /usr/lib/jvm/java-7-openjdk-i386/jre/lib/ext/sunjce_provider.jar
41384000-4138b000 r-xp 00000000 08:01 14535      /lib/i386-linux-gnu/libnss_compat-2.19.so
4138b000-4138c000 r--p 00006000 08:01 14535      /lib/i386-linux-gnu/libnss_compat-2.19.so
4138c000-4138d000 rw-p 00007000 08:01 14535      /lib/i386-linux-gnu/libnss_compat-2.19.so
4138d000-413a2000 r-xp 00000000 08:01 14537      /lib/i386-linux-gnu/libnsl-2.19.so
413a2000-413a3000 r--p 00015000 08:01 14537      /lib/i386-linux-gnu/libnsl-2.19.so
413a3000-413a4000 rw-p 00016000 08:01 14537      /lib/i386-linux-gnu/libnsl-2.19.so
413a4000-413a6000 rw-p 00000000 00:00 0 
413a6000-413b0000 r-xp 00000000 08:01 14727      /lib/i386-linux-gnu/libnss_nis-2.19.so
413b0000-413b1000 r--p 00009000 08:01 14727      /lib/i386-linux-gnu/libnss_nis-2.19.so
413b1000-413b2000 rw-p 0000a000 08:01 14727      /lib/i386-linux-gnu/libnss_nis-2.19.so
413b2000-413bc000 r-xp 00000000 08:01 15585      /lib/i386-linux-gnu/libnss_files-2.19.so
413bc000-413bd000 r--p 00009000 08:01 15585      /lib/i386-linux-gnu/libnss_files-2.19.so
413bd000-413be000 rw-p 0000a000 08:01 15585      /lib/i386-linux-gnu/libnss_files-2.19.so
413be000-413c6000 rw-p 00000000 00:00 0 
413c6000-413fe000 rw-p 00000000 00:00 0 
413fe000-41400000 r--s 00012000 08:01 157115     /usr/lib/jvm/java-7-openjdk-i386/jre/lib/ext/zipfs.jar
41400000-414fe000 rw-p 00000000 00:00 0 
414fe000-41500000 ---p 00000000 00:00 0 
41500000-41760000 rwxp 00000000 00:00 0 
41760000-44500000 rw-p 00000000 00:00 0 
44500000-4450a000 rw-p 00000000 00:00 0 
4450a000-445c0000 rw-p 00000000 00:00 0 
445c0000-455c0000 rw-p 00000000 00:00 0 
455c0000-4c5c0000 rw-p 00000000 00:00 0 
4c5c0000-4dac0000 rw-p 00000000 00:00 0 
4dac0000-61b00000 rw-p 00000000 00:00 0 
61b00000-69c00000 rw-p 00000000 00:00 0 
69c00000-69c26000 r--p 00000000 08:01 282017     /usr/share/locale-langpack/es/LC_MESSAGES/libc.mo
69c26000-69c2d000 r--s 00000000 08:01 142490     /usr/lib/i386-linux-gnu/gconv/gconv-modules.cache
6b000000-6c5c0000 rw-p 00000000 00:00 0 
6c5c0000-6c5c8000 rw-p 00000000 00:00 0 
6c5c8000-6c600000 rw-p 00000000 00:00 0 
6c600000-6c60b000 rw-p 00000000 00:00 0 
6c60b000-6c6aa000 rw-p 00000000 00:00 0 
6c6aa000-6c6ec000 rw-p 00000000 00:00 0 
6c6ec000-6c700000 rw-p 00000000 00:00 0 
6c700000-6c70c000 rw-p 00000000 00:00 0 
6c70c000-6c7ac000 rw-p 00000000 00:00 0 
6c7ac000-6c7ad000 ---p 00000000 00:00 0 
6c7ad000-6c82d000 rw-p 00000000 00:00 0 
6c82d000-6c82e000 ---p 00000000 00:00 0 
6c82e000-6c8bd000 rw-p 00000000 00:00 0 
6c8bd000-6c8c1000 r--s 00085000 08:01 157111     /usr/lib/jvm/java-7-openjdk-i386/jre/lib/ext/localedata.jar
6c8c1000-6c8c4000 r--s 0000f000 08:01 157110     /usr/lib/jvm/java-7-openjdk-i386/jre/lib/ext/icedtea-sound.jar
6c8c4000-6c8c7000 r--s 0003d000 08:01 157107     /usr/lib/jvm/java-7-openjdk-i386/jre/lib/ext/sunpkcs11.jar
6c8c7000-6c8c9000 r--s 00007000 08:01 534740     /home/salas/Tic-Tac-Toe/axis-1_4/lib/axis-ant.jar
6c8c9000-6c8cb000 r--s 00008000 08:01 534743     /home/salas/Tic-Tac-Toe/axis-1_4/lib/commons-logging-1.0.4.jar
6c8cb000-6c8df000 r--s 00173000 08:01 534741     /home/salas/Tic-Tac-Toe/axis-1_4/lib/axis.jar
6c8df000-6c8e1000 r--s 00006000 08:01 534744     /home/salas/Tic-Tac-Toe/axis-1_4/lib/jaxrpc.jar
6c8e1000-6c8e2000 r--s 00004000 08:01 534747     /home/salas/Tic-Tac-Toe/axis-1_4/lib/saaj.jar
6c8e2000-6c8e5000 r--s 0000f000 08:01 534742     /home/salas/Tic-Tac-Toe/axis-1_4/lib/commons-discovery-0.2.jar
6c8e5000-6c8ed000 r--s 0004f000 08:01 534745     /home/salas/Tic-Tac-Toe/axis-1_4/lib/log4j-1.2.8.jar
6c8ed000-6c8f0000 r--s 0001c000 08:01 534748     /home/salas/Tic-Tac-Toe/axis-1_4/lib/wsdl4j-1.5.1.jar
6c8f0000-6c8f6000 r--s 00051000 08:01 532650     /home/salas/Tic-Tac-Toe/axis-1_4/lib/mail.jar
6c8f6000-6c8f8000 r--s 0000c000 08:01 532651     /home/salas/Tic-Tac-Toe/axis-1_4/lib/activation.jar
6c8f8000-6c8f9000 r--s 00000000 08:01 535514     /home/salas/Tic-Tac-Toe/common/common.jar
6c8f9000-6c8fa000 r--s 00000000 08:01 433313     /home/salas/Tic-Tac-Toe/server/server.jar
6c8fa000-6c8fd000 r-xp 00000000 08:01 142365     /usr/lib/i386-linux-gnu/libgmodule-2.0.so.0.4002.0
6c8fd000-6c8fe000 r--p 00002000 08:01 142365     /usr/lib/i386-linux-gnu/libgmodule-2.0.so.0.4002.0
6c8fe000-6c8ff000 rw-p 00003000 08:01 142365     /usr/lib/i386-linux-gnu/libgmodule-2.0.so.0.4002.0
6c900000-6c9ff000 rw-p 00000000 00:00 0 
6c9ff000-6ca00000 ---p 00000000 00:00 0 
6ca00000-6caf2000 rw-p 00000000 00:00 0 
6caf2000-6cb00000 ---p 00000000 00:00 0 
6cb00000-6cb01000 ---p 00000000 00:00 0 
6cb01000-6cbdc000 rw-p 00000000 00:00 0 
6cbdc000-6cbf4000 r-xp 00000000 08:01 156358     /usr/lib/jvm/java-7-openjdk-i386/jre/lib/i386/libnet.so
6cbf4000-6cbf5000 r--p 00017000 08:01 156358     /usr/lib/jvm/java-7-openjdk-i386/jre/lib/i386/libnet.so
6cbf5000-6cbf6000 rw-p 00018000 08:01 156358     /usr/lib/jvm/java-7-openjdk-i386/jre/lib/i386/libnet.so
6cbf6000-6cbfb000 r-xp 00000000 08:01 131155     /usr/lib/i386-linux-gnu/libffi.so.6.0.1
6cbfb000-6cbfc000 r--p 00005000 08:01 131155     /usr/lib/i386-linux-gnu/libffi.so.6.0.1
6cbfc000-6cbfd000 rw-p 00006000 08:01 131155     /usr/lib/i386-linux-gnu/libffi.so.6.0.1
6cbfd000-6cbff000 r--s 00018000 08:01 153328     /usr/lib/jvm/java-7-openjdk-i386/jre/lib/jce.jar
6cc00000-6cc21000 rw-p 00000000 00:00 0 
6cc21000-6cd00000 ---p 00000000 00:00 0 
6cd00000-6e380000 rw-p 00000000 00:00 0 
6e380000-6e533000 r--s 01d3d000 08:01 153330     /usr/lib/jvm/java-7-openjdk-i386/jre/lib/rt.jar
6e533000-6e57c000 rw-p 00000000 00:00 0 
6e57c000-6e57d000 ---p 00000000 00:00 0 
6e57d000-6e5fd000 rw-p 00000000 00:00 0 
6e600000-6e6fd000 rw-p 00000000 00:00 0 
6e6fd000-6e700000 ---p 00000000 00:00 0 
6e700000-6e721000 rw-p 00000000 00:00 0 
6e721000-6e800000 ---p 00000000 00:00 0 
6e800000-6e803000 ---p 00000000 00:00 0 
6e803000-6e851000 rw-p 00000000 00:00 0 
6e851000-6e854000 ---p 00000000 00:00 0 
6e854000-6e8a2000 rw-p 00000000 00:00 0 
6e8a2000-6eaa2000 r--p 00000000 08:01 135305     /usr/lib/locale/locale-archive
6eaa2000-6ebd3000 r--p 00188000 08:01 135305     /usr/lib/locale/locale-archive
6ebd3000-6ebd6000 ---p 00000000 00:00 0 
6ebd6000-6ec24000 rw-p 00000000 00:00 0 
6ec24000-6ec27000 ---p 00000000 00:00 0 
6ec27000-6eca5000 rw-p 00000000 00:00 0 
6eca5000-6eca8000 ---p 00000000 00:00 0 
6eca8000-6ed26000 rw-p 00000000 00:00 0 
6ed26000-6ed29000 ---p 00000000 00:00 0 
6ed29000-6ed77000 rw-p 00000000 00:00 0 
6ed77000-6ed78000 ---p 00000000 00:00 0 
6ed78000-6edf8000 rw-p 00000000 00:00 0 
6edf8000-6edfc000 r--s 0004f000 08:01 157088     /usr/lib/jvm/java-7-openjdk-i386/jre/lib/jsse.jar
6ee00000-6eeff000 rw-p 00000000 00:00 0 
6eeff000-6ef00000 ---p 00000000 00:00 0 
6ef00000-6ef0a000 r--s 000ae000 08:01 153332     /usr/lib/jvm/java-7-openjdk-i386/jre/lib/resources.jar
6ef16000-6f093000 r-xp 00000000 08:01 142363     /usr/lib/i386-linux-gnu/libgio-2.0.so.0.4002.0
6f093000-6f095000 r--p 0017d000 08:01 142363     /usr/lib/i386-linux-gnu/libgio-2.0.so.0.4002.0
6f095000-6f096000 rw-p 0017f000 08:01 142363     /usr/lib/i386-linux-gnu/libgio-2.0.so.0.4002.0
6f096000-6f097000 rw-p 00000000 00:00 0 
6f097000-6f0e7000 r-xp 00000000 08:01 138694     /usr/lib/i386-linux-gnu/libgobject-2.0.so.0.4002.0
6f0e7000-6f0e8000 r--p 0004f000 08:01 138694     /usr/lib/i386-linux-gnu/libgobject-2.0.so.0.4002.0
6f0e8000-6f0e9000 rw-p 00050000 08:01 138694     /usr/lib/i386-linux-gnu/libgobject-2.0.so.0.4002.0
6f0e9000-6f1f3000 r-xp 00000000 08:01 25359      /lib/i386-linux-gnu/libglib-2.0.so.0.4002.0
6f1f3000-6f1f4000 r--p 00109000 08:01 25359      /lib/i386-linux-gnu/libglib-2.0.so.0.4002.0
6f1f4000-6f1f5000 rw-p 0010a000 08:01 25359      /lib/i386-linux-gnu/libglib-2.0.so.0.4002.0
6f1f5000-6f215000 r-xp 00000000 08:01 6340       /lib/i386-linux-gnu/libselinux.so.1
6f215000-6f216000 r--p 0001f000 08:01 6340       /lib/i386-linux-gnu/libselinux.so.1
6f216000-6f217000 rw-p 00020000 08:01 6340       /lib/i386-linux-gnu/libselinux.so.1
6f217000-6f218000 rw-p 00000000 00:00 0 
6f218000-6f22b000 r-xp 00000000 08:01 14521      /lib/i386-linux-gnu/libresolv-2.19.so
6f22b000-6f22c000 ---p 00013000 08:01 14521      /lib/i386-linux-gnu/libresolv-2.19.so
6f22c000-6f22d000 r--p 00013000 08:01 14521      /lib/i386-linux-gnu/libresolv-2.19.so
6f22d000-6f22e000 rw-p 00014000 08:01 14521      /lib/i386-linux-gnu/libresolv-2.19.so
6f22e000-6f230000 rw-p 00000000 00:00 0 
6f230000-6f26c000 r-xp 00000000 08:01 11367      /lib/i386-linux-gnu/libpcre.so.3.13.1
6f26c000-6f26d000 r--p 0003b000 08:01 11367      /lib/i386-linux-gnu/libpcre.so.3.13.1
6f26d000-6f26e000 rw-p 0003c000 08:01 11367      /lib/i386-linux-gnu/libpcre.so.3.13.1
6f26e000-6f27f000 r-xp 00000000 08:01 156613     /usr/lib/jvm/java-7-openjdk-i386/jre/lib/i386/libnio.so
6f27f000-6f280000 r--p 00010000 08:01 156613     /usr/lib/jvm/java-7-openjdk-i386/jre/lib/i386/libnio.so
6f280000-6f281000 rw-p 00011000 08:01 156613     /usr/lib/jvm/java-7-openjdk-i386/jre/lib/i386/libnio.so
6f300000-6f375000 rw-p 00000000 00:00 0 
6f375000-6f400000 ---p 00000000 00:00 0 
6f400000-6f4ff000 rw-p 00000000 00:00 0 
6f4ff000-6f500000 ---p 00000000 00:00 0 
6f500000-6f5fc000 rw-p 00000000 00:00 0 
6f5fc000-6f600000 ---p 00000000 00:00 0 
6f600000-6f6f7000 rw-p 00000000 00:00 0 
6f6f7000-6f700000 ---p 00000000 00:00 0 
6f700000-6f800000 rw-p 00000000 00:00 0 
6f900000-6f9b7000 rw-p 00000000 00:00 0 
6f9b7000-6fa00000 ---p 00000000 00:00 0 
6fa00000-6faf7000 rw-p 00000000 00:00 0 
6faf7000-6fb00000 ---p 00000000 00:00 0 
6fb00000-6fbf9000 rw-p 00000000 00:00 0 
6fbf9000-6fc00000 ---p 00000000 00:00 0 
6fc00000-6fcf4000 rw-p 00000000 00:00 0 
6fcf4000-6fd00000 ---p 00000000 00:00 0 
6fd00000-6fdef000 rw-p 00000000 00:00 0 
6fdef000-6fe00000 ---p 00000000 00:00 0 
6fe00000-6feed000 rw-p 00000000 00:00 0 
6feed000-6ff00000 ---p 00000000 00:00 0 
6ff00000-6ffeb000 rw-p 00000000 00:00 0 
6ffeb000-70000000 ---p 00000000 00:00 0 
70000000-700f9000 rw-p 00000000 00:00 0 
700f9000-70100000 ---p 00000000 00:00 0 
70100000-701fe000 rw-p 00000000 00:00 0 
701fe000-70200000 ---p 00000000 00:00 0 
70200000-702e3000 rw-p 00000000 00:00 0 
702e3000-70300000 ---p 00000000 00:00 0 
70300000-703d8000 rw-p 00000000 00:00 0 
703d8000-70400000 ---p 00000000 00:00 0 
70400000-704fb000 rw-p 00000000 00:00 0 
704fb000-70500000 ---p 00000000 00:00 0 
70500000-70746000 rw-p 00000000 00:00 0 
70746000-70800000 ---p 00000000 00:00 0 
bf82b000-bf82c000 rwxp 00000000 00:00 0 
bf85d000-bf87f000 rw-p 00000000 00:00 0          [stack]

VM Arguments:
jvm_args: -Duser.dir=/home/salas/Tic-Tac-Toe/server/../axis-1_4/ 
java_command: org.apache.axis.transport.http.SimpleAxisServer -p 8888
Launcher Type: SUN_STANDARD

Environment Variables:
JAVA_HOME=/usr/lib/jvm/jdk1.8.0_131/
PATH=.:/usr/local/sbin:/usr/local/bin:/usr/sbin:/usr/bin:/sbin:/bin:/usr/games:/usr/local/games
SHELL=/bin/bash
DISPLAY=:0.0

Signal Handlers:
SIGSEGV: [libjvm.so+0x8191e0], sa_mask[0]=0x7ffbfeff, sa_flags=0x10000004
SIGBUS: [libjvm.so+0x8191e0], sa_mask[0]=0x7ffbfeff, sa_flags=0x10000004
SIGFPE: [libjvm.so+0x68ddb0], sa_mask[0]=0x7ffbfeff, sa_flags=0x10000004
SIGPIPE: [libjvm.so+0x68ddb0], sa_mask[0]=0x7ffbfeff, sa_flags=0x10000004
SIGXFSZ: [libjvm.so+0x68ddb0], sa_mask[0]=0x7ffbfeff, sa_flags=0x10000004
SIGILL: [libjvm.so+0x68ddb0], sa_mask[0]=0x7ffbfeff, sa_flags=0x10000004
SIGUSR1: SIG_DFL, sa_mask[0]=0x00000000, sa_flags=0x00000000
SIGUSR2: [libjvm.so+0x68df10], sa_mask[0]=0x00000000, sa_flags=0x10000004
SIGHUP: [libjvm.so+0x68de70], sa_mask[0]=0x7ffbfeff, sa_flags=0x10000004
SIGINT: [libjvm.so+0x68de70], sa_mask[0]=0x7ffbfeff, sa_flags=0x10000004
SIGTERM: [libjvm.so+0x68de70], sa_mask[0]=0x7ffbfeff, sa_flags=0x10000004
SIGQUIT: [libjvm.so+0x68de70], sa_mask[0]=0x7ffbfeff, sa_flags=0x10000004
SIGTRAP: SIG_DFL, sa_mask[0]=0x00000000, sa_flags=0x00000000


---------------  S Y S T E M  ---------------

OS:Ubuntu 14.04 (trusty)
uname:Linux 3.19.0-68-generic #76~14.04.1-Ubuntu SMP Fri Aug 12 11:47:02 UTC 2016 i686
libc:glibc 2.19 NPTL 2.19 
rlimit: STACK infinity, CORE infinity, NPROC 15961, NOFILE 4096, AS infinity
load average:1,74 1,20 1,12

/proc/meminfo:
MemTotal:        2063044 kB
MemFree:          119012 kB
MemAvailable:      64832 kB
Buffers:             692 kB
Cached:            43288 kB
SwapCached:            0 kB
Active:          1813452 kB
Inactive:          35876 kB
Active(anon):    1806628 kB
Inactive(anon):    26304 kB
Active(file):       6824 kB
Inactive(file):     9572 kB
Unevictable:           0 kB
Mlocked:               0 kB
HighTotal:       1183624 kB
HighFree:          15120 kB
LowTotal:         879420 kB
LowFree:          103892 kB
SwapTotal:             0 kB
SwapFree:              0 kB
Dirty:                56 kB
Writeback:             0 kB
AnonPages:       1805520 kB
Mapped:            37304 kB
Shmem:             27412 kB
Slab:              35576 kB
SReclaimable:      15032 kB
SUnreclaim:        20544 kB
KernelStack:        3680 kB
PageTables:        10352 kB
NFS_Unstable:          0 kB
Bounce:                0 kB
WritebackTmp:          0 kB
CommitLimit:     1031520 kB
Committed_AS:    3840628 kB
VmallocTotal:     122880 kB
VmallocUsed:       23836 kB
VmallocChunk:      48384 kB
AnonHugePages:   1128448 kB
CmaTotal:              0 kB
CmaFree:               0 kB
HugePages_Total:       0
HugePages_Free:        0
HugePages_Rsvd:        0
HugePages_Surp:        0
Hugepagesize:       2048 kB
DirectMap4k:       51192 kB
DirectMap2M:      862208 kB


CPU:total 3 (3 cores per cpu, 1 threads per core) family 6 model 78 stepping 3, cmov, cx8, fxsr, mmx, sse, sse2, sse3, ssse3, sse4.1, sse4.2, popcnt, avx, aes, erms, tsc, tscinvbit

/proc/cpuinfo:
processor	: 0
vendor_id	: GenuineIntel
cpu family	: 6
model		: 78
model name	: Intel(R) Core(TM) i5-6200U CPU @ 2.30GHz
stepping	: 3
microcode	: 0x8a
cpu MHz		: 2400.002
cache size	: 3072 KB
physical id	: 0
siblings	: 3
core id		: 0
cpu cores	: 3
apicid		: 0
initial apicid	: 0
fdiv_bug	: no
f00f_bug	: no
coma_bug	: no
fpu		: yes
fpu_exception	: yes
cpuid level	: 22
wp		: yes
flags		: fpu vme de pse tsc msr pae mce cx8 apic sep mtrr pge mca cmov pat pse36 clflush dts mmx fxsr sse sse2 ss ht nx pdpe1gb rdtscp lm constant_tsc arch_perfmon pebs bts xtopology tsc_reliable nonstop_tsc aperfmperf pni pclmulqdq ssse3 fma cx16 pcid sse4_1 sse4_2 x2apic movbe popcnt aes xsave avx f16c rdrand hypervisor lahf_lm 3dnowprefetch ida arat epb pln pts dtherm hwp hwp_noitfy hwp_act_window hwp_epp fsgsbase smep
bugs		:
bogomips	: 4800.00
clflush size	: 64
cache_alignment	: 64
address sizes	: 40 bits physical, 48 bits virtual
power management:

processor	: 1
vendor_id	: GenuineIntel
cpu family	: 6
model		: 78
model name	: Intel(R) Core(TM) i5-6200U CPU @ 2.30GHz
stepping	: 3
microcode	: 0x8a
cpu MHz		: 2400.002
cache size	: 3072 KB
physical id	: 0
siblings	: 3
core id		: 1
cpu cores	: 3
apicid		: 1
initial apicid	: 1
fdiv_bug	: no
f00f_bug	: no
coma_bug	: no
fpu		: yes
fpu_exception	: yes
cpuid level	: 22
wp		: yes
flags		: fpu vme de pse tsc msr pae mce cx8 apic sep mtrr pge mca cmov pat pse36 clflush dts mmx fxsr sse sse2 ss ht nx pdpe1gb rdtscp lm constant_tsc arch_perfmon pebs bts xtopology tsc_reliable nonstop_tsc aperfmperf pni pclmulqdq ssse3 fma cx16 pcid sse4_1 sse4_2 x2apic movbe popcnt aes xsave avx f16c rdrand hypervisor lahf_lm 3dnowprefetch ida arat epb pln pts dtherm hwp hwp_noitfy hwp_act_window hwp_epp fsgsbase smep
bugs		:
bogomips	: 4800.00
clflush size	: 64
cache_alignment	: 64
address sizes	: 40 bits physical, 48 bits virtual
power management:

processor	: 2
vendor_id	: GenuineIntel
cpu family	: 6
model		: 78
model name	: Intel(R) Core(TM) i5-6200U CPU @ 2.30GHz
stepping	: 3
microcode	: 0x8a
cpu MHz		: 2400.002
cache size	: 3072 KB
physical id	: 0
siblings	: 3
core id		: 2
cpu cores	: 3
apicid		: 2
initial apicid	: 2
fdiv_bug	: no
f00f_bug	: no
coma_bug	: no
fpu		: yes
fpu_exception	: yes
cpuid level	: 22
wp		: yes
flags		: fpu vme de pse tsc msr pae mce cx8 apic sep mtrr pge mca cmov pat pse36 clflush dts mmx fxsr sse sse2 ss ht nx pdpe1gb rdtscp lm constant_tsc arch_perfmon pebs bts xtopology tsc_reliable nonstop_tsc aperfmperf pni pclmulqdq ssse3 fma cx16 pcid sse4_1 sse4_2 x2apic movbe popcnt aes xsave avx f16c rdrand hypervisor lahf_lm 3dnowprefetch ida arat epb pln pts dtherm hwp hwp_noitfy hwp_act_window hwp_epp fsgsbase smep
bugs		:
bogomips	: 4800.00
clflush size	: 64
cache_alignment	: 64
address sizes	: 40 bits physical, 48 bits virtual
power management:



Memory: 4k page, physical 2063044k(118640k free), swap 0k(0k free)

vm_info: OpenJDK Server VM (24.111-b01) for linux-x86 JRE (1.7.0_111-b01), built on Aug 12 2016 05:32:15 by "buildd" with gcc 4.8.4

time: Sun May 21 18:24:21 2017
elapsed time: 61 seconds

