#
# There is insufficient memory for the Java Runtime Environment to continue.
# Native memory allocation (malloc) failed to allocate 11010048 bytes for committing reserved memory.
# Possible reasons:
#   The system is out of physical RAM or swap space
#   In 32 bit mode, the process size limit was hit
# Possible solutions:
#   Reduce memory load on the system
#   Increase physical memory or swap space
#   Check if swap backing store is full
#   Use 64 bit Java on a 64 bit OS
#   Decrease Java heap size (-Xmx/-Xms)
#   Decrease number of Java threads
#   Decrease Java thread stack sizes (-Xss)
#   Set larger code cache with -XX:ReservedCodeCacheSize=
# This output file may be truncated or incomplete.
#
#  Out of Memory Error (os_linux.cpp:2827), pid=27666, tid=1851472704
#
# JRE version: OpenJDK Runtime Environment (7.0_111-b01) (build 1.7.0_111-b01)
# Java VM: OpenJDK Server VM (24.111-b01 mixed mode linux-x86 )
# Derivative: IcedTea 2.6.7
# Distribution: Ubuntu 14.04 LTS, package 7u111-2.6.7-0ubuntu0.14.04.3
# Core dump written. Default location: /home/salas/Tic-Tac-Toe/server/core or core.27666
#

---------------  T H R E A D  ---------------

Current thread (0x6e648800):  VMThread [stack: 0x6e533000,0x6e5b4000] [id=27671]

Stack: [0x6e533000,0x6e5b4000]
VM_Operation (0x41317c58): ParallelGCFailedAllocation, mode: safepoint, requested by thread 0x41407800


---------------  P R O C E S S  ---------------

Java Threads: ( => current thread )
  0x6e664000 JavaThread "Service Thread" daemon [_thread_blocked, id=27677, stack(0x6ed26000,0x6ed77000)]
  0x6e662400 JavaThread "C2 CompilerThread1" daemon [_thread_blocked, id=27676, stack(0x6eca5000,0x6ed26000)]
  0x6e660400 JavaThread "C2 CompilerThread0" daemon [_thread_blocked, id=27675, stack(0x6ec24000,0x6eca5000)]
  0x6e65e800 JavaThread "Signal Dispatcher" daemon [_thread_blocked, id=27674, stack(0x6ebd3000,0x6ec24000)]
  0x6e64cc00 JavaThread "Finalizer" daemon [_thread_blocked, id=27673, stack(0x6e851000,0x6e8a2000)]
  0x6e64b400 JavaThread "Reference Handler" daemon [_thread_blocked, id=27672, stack(0x6e800000,0x6e851000)]
  0x41407800 JavaThread "main" [_thread_blocked, id=27667, stack(0x412c8000,0x41319000)]

Other Threads:
=>0x6e648800 VMThread [stack: 0x6e533000,0x6e5b4000] [id=27671]
  0x6e666000 WatcherThread [stack: 0x6ed77000,0x6edf8000] [id=27678]

VM state:at safepoint (normal execution)

VM Mutex/Monitor currently owned by a thread:  ([mutex/lock_event])
[0x41404f80] Threads_lock - owner thread: 0x6e648800
[0x41405390] Heap_lock - owner thread: 0x41407800

Heap
 PSYoungGen      total 56320K, used 10762K [0x61b00000, 0x65e40000, 0x6c5c0000)
  eden space 44544K, 0% used [0x61b00000,0x61b00000,0x64680000)
  from space 11776K, 91% used [0x64680000,0x65102a10,0x65200000)
  to   space 11008K, 0% used [0x65200000,0x65200000,0x65cc0000)
 ParOldGen       total 21504K, used 13944K [0x4c5c0000, 0x4dac0000, 0x61b00000)
  object space 21504K, 64% used [0x4c5c0000,0x4d35e208,0x4dac0000)
 PSPermGen       total 16384K, used 8373K [0x445c0000, 0x455c0000, 0x4c5c0000)
  object space 16384K, 51% used [0x445c0000,0x44ded7b0,0x455c0000)

Card table byte_map: [0x6c5c0000,0x6c701000] byte_map_base: 0x6c39d200

Polling page: 0x4010a000

Code Cache  [0x41500000, 0x41740000, 0x44500000)
 total_blobs=1021 nmethods=887 adapters=87 free_code_cache=46980Kb largest_free_block=48084672

Compilation events (10 events):
Event: 52,389 Thread 0x6e660400  916   !         org.apache.axis.utils.XMLUtils::releaseSAXParser (144 bytes)
Event: 52,408 Thread 0x6e660400 nmethod 916 0x41720b48 code [0x41720d40, 0x41721504]
Event: 52,527 Thread 0x6e662400  917   !         java.io.BufferedWriter::flushBuffer (53 bytes)
Event: 52,563 Thread 0x6e662400 nmethod 917 0x41723e48 code [0x41723fc0, 0x417245a4]
Event: 53,357 Thread 0x6e660400  918             org.apache.axis.constants.Use::getEncoding (5 bytes)
Event: 53,358 Thread 0x6e660400 nmethod 918 0x417209c8 code [0x41720aa0, 0x41720af0]
Event: 53,762 Thread 0x6e662400  919             org.apache.axis.description.OperationDesc::getParameter (25 bytes)
Event: 53,779 Thread 0x6e662400 nmethod 919 0x416ee708 code [0x416ee800, 0x416ee8f0]
Event: 53,885 Thread 0x6e660400  920             org.apache.axis.handlers.BasicHandler::getOptions (5 bytes)
Event: 53,886 Thread 0x6e660400 nmethod 920 0x416ee588 code [0x416ee660, 0x416ee6b0]

GC Heap History (10 events):
Event: 47,201 GC heap after
Heap after GC invocations=86 (full 0):
 PSYoungGen      total 39424K, used 6545K [0x61b00000, 0x64b00000, 0x6c5c0000)
  eden space 32000K, 0% used [0x61b00000,0x61b00000,0x63a40000)
  from space 7424K, 88% used [0x64240000,0x648a4640,0x64980000)
  to   space 8192K, 0% used [0x63a40000,0x63a40000,0x64240000)
 ParOldGen       total 21504K, used 13836K [0x4c5c0000, 0x4dac0000, 0x61b00000)
  object space 21504K, 64% used [0x4c5c0000,0x4d3431c8,0x4dac0000)
 PSPermGen       total 16384K, used 8372K [0x445c0000, 0x455c0000, 0x4c5c0000)
  object space 16384K, 51% used [0x445c0000,0x44ded0b8,0x455c0000)
}
Event: 48,113 GC heap before
{Heap before GC invocations=87 (full 0):
 PSYoungGen      total 39424K, used 38545K [0x61b00000, 0x64b00000, 0x6c5c0000)
  eden space 32000K, 100% used [0x61b00000,0x63a40000,0x63a40000)
  from space 7424K, 88% used [0x64240000,0x648a4640,0x64980000)
  to   space 8192K, 0% used [0x63a40000,0x63a40000,0x64240000)
 ParOldGen       total 21504K, used 13836K [0x4c5c0000, 0x4dac0000, 0x61b00000)
  object space 21504K, 64% used [0x4c5c0000,0x4d3431c8,0x4dac0000)
 PSPermGen       total 16384K, used 8372K [0x445c0000, 0x455c0000, 0x4c5c0000)
  object space 16384K, 51% used [0x445c0000,0x44ded0c8,0x455c0000)
Event: 48,122 GC heap after
Heap after GC invocations=87 (full 0):
 PSYoungGen      total 40192K, used 7673K [0x61b00000, 0x65200000, 0x6c5c0000)
  eden space 32000K, 0% used [0x61b00000,0x61b00000,0x63a40000)
  from space 8192K, 93% used [0x63a40000,0x641be770,0x64240000)
  to   space 8960K, 0% used [0x64940000,0x64940000,0x65200000)
 ParOldGen       total 21504K, used 13860K [0x4c5c0000, 0x4dac0000, 0x61b00000)
  object space 21504K, 64% used [0x4c5c0000,0x4d3491d8,0x4dac0000)
 PSPermGen       total 16384K, used 8372K [0x445c0000, 0x455c0000, 0x4c5c0000)
  object space 16384K, 51% used [0x445c0000,0x44ded0c8,0x455c0000)
}
Event: 49,057 GC heap before
{Heap before GC invocations=88 (full 0):
 PSYoungGen      total 40192K, used 39673K [0x61b00000, 0x65200000, 0x6c5c0000)
  eden space 32000K, 100% used [0x61b00000,0x63a40000,0x63a40000)
  from space 8192K, 93% used [0x63a40000,0x641be770,0x64240000)
  to   space 8960K, 0% used [0x64940000,0x64940000,0x65200000)
 ParOldGen       total 21504K, used 13860K [0x4c5c0000, 0x4dac0000, 0x61b00000)
  object space 21504K, 64% used [0x4c5c0000,0x4d3491d8,0x4dac0000)
 PSPermGen       total 16384K, used 8372K [0x445c0000, 0x455c0000, 0x4c5c0000)
  object space 16384K, 51% used [0x445c0000,0x44ded0d8,0x455c0000)
Event: 49,072 GC heap after
Heap after GC invocations=88 (full 0):
 PSYoungGen      total 46592K, used 7705K [0x61b00000, 0x65380000, 0x6c5c0000)
  eden space 37632K, 0% used [0x61b00000,0x61b00000,0x63fc0000)
  from space 8960K, 86% used [0x64940000,0x650c6750,0x65200000)
  to   space 9728K, 0% used [0x63fc0000,0x63fc0000,0x64940000)
 ParOldGen       total 21504K, used 13868K [0x4c5c0000, 0x4dac0000, 0x61b00000)
  object space 21504K, 64% used [0x4c5c0000,0x4d34b1d8,0x4dac0000)
 PSPermGen       total 16384K, used 8372K [0x445c0000, 0x455c0000, 0x4c5c0000)
  object space 16384K, 51% used [0x445c0000,0x44ded0d8,0x455c0000)
}
Event: 50,192 GC heap before
{Heap before GC invocations=89 (full 0):
 PSYoungGen      total 46592K, used 45337K [0x61b00000, 0x65380000, 0x6c5c0000)
  eden space 37632K, 100% used [0x61b00000,0x63fc0000,0x63fc0000)
  from space 8960K, 86% used [0x64940000,0x650c6750,0x65200000)
  to   space 9728K, 0% used [0x63fc0000,0x63fc0000,0x64940000)
 ParOldGen       total 21504K, used 13868K [0x4c5c0000, 0x4dac0000, 0x61b00000)
  object space 21504K, 64% used [0x4c5c0000,0x4d34b1d8,0x4dac0000)
 PSPermGen       total 16384K, used 8372K [0x445c0000, 0x455c0000, 0x4c5c0000)
  object space 16384K, 51% used [0x445c0000,0x44ded0d8,0x455c0000)
Event: 50,203 GC heap after
Heap after GC invocations=89 (full 0):
 PSYoungGen      total 47360K, used 9058K [0x61b00000, 0x65cc0000, 0x6c5c0000)
  eden space 37632K, 0% used [0x61b00000,0x61b00000,0x63fc0000)
  from space 9728K, 93% used [0x63fc0000,0x648988c0,0x64940000)
  to   space 11008K, 0% used [0x65200000,0x65200000,0x65cc0000)
 ParOldGen       total 21504K, used 13892K [0x4c5c0000, 0x4dac0000, 0x61b00000)
  object space 21504K, 64% used [0x4c5c0000,0x4d3511e8,0x4dac0000)
 PSPermGen       total 16384K, used 8372K [0x445c0000, 0x455c0000, 0x4c5c0000)
  object space 16384K, 51% used [0x445c0000,0x44ded0d8,0x455c0000)
}
Event: 51,308 GC heap before
{Heap before GC invocations=90 (full 0):
 PSYoungGen      total 47360K, used 46690K [0x61b00000, 0x65cc0000, 0x6c5c0000)
  eden space 37632K, 100% used [0x61b00000,0x63fc0000,0x63fc0000)
  from space 9728K, 93% used [0x63fc0000,0x648988c0,0x64940000)
  to   space 11008K, 0% used [0x65200000,0x65200000,0x65cc0000)
 ParOldGen       total 21504K, used 13892K [0x4c5c0000, 0x4dac0000, 0x61b00000)
  object space 21504K, 64% used [0x4c5c0000,0x4d3511e8,0x4dac0000)
 PSPermGen       total 16384K, used 8373K [0x445c0000, 0x455c0000, 0x4c5c0000)
  object space 16384K, 51% used [0x445c0000,0x44ded7a0,0x455c0000)
Event: 51,326 GC heap after
Heap after GC invocations=90 (full 0):
 PSYoungGen      total 55552K, used 9074K [0x61b00000, 0x65e40000, 0x6c5c0000)
  eden space 44544K, 0% used [0x61b00000,0x61b00000,0x64680000)
  from space 11008K, 82% used [0x65200000,0x65adc8c0,0x65cc0000)
  to   space 11776K, 0% used [0x64680000,0x64680000,0x65200000)
 ParOldGen       total 21504K, used 13920K [0x4c5c0000, 0x4dac0000, 0x61b00000)
  object space 21504K, 64% used [0x4c5c0000,0x4d3581f8,0x4dac0000)
 PSPermGen       total 16384K, used 8373K [0x445c0000, 0x455c0000, 0x4c5c0000)
  object space 16384K, 51% used [0x445c0000,0x44ded7a0,0x455c0000)
}
Event: 53,997 GC heap before
{Heap before GC invocations=91 (full 0):
 PSYoungGen      total 55552K, used 53618K [0x61b00000, 0x65e40000, 0x6c5c0000)
  eden space 44544K, 100% used [0x61b00000,0x64680000,0x64680000)
  from space 11008K, 82% used [0x65200000,0x65adc8c0,0x65cc0000)
  to   space 11776K, 0% used [0x64680000,0x64680000,0x65200000)
 ParOldGen       total 21504K, used 13920K [0x4c5c0000, 0x4dac0000, 0x61b00000)
  object space 21504K, 64% used [0x4c5c0000,0x4d3581f8,0x4dac0000)
 PSPermGen       total 16384K, used 8373K [0x445c0000, 0x455c0000, 0x4c5c0000)
  object space 16384K, 51% used [0x445c0000,0x44ded7b0,0x455c0000)

Deoptimization events (10 events):
Event: 22,172 Thread 0x41407800 Uncommon trap: reason=class_check action=maybe_recompile pc=0x415c6e84 method=org.apache.axis.message.RPCElement.getParams(Ljava/util/List;)Ljava/util/List; @ 30
Event: 22,173 Thread 0x41407800 Uncommon trap: reason=unstable_if action=reinterpret pc=0x415fb558 method=java.lang.ref.Reference.<init>(Ljava/lang/Object;Ljava/lang/ref/ReferenceQueue;)V @ 11
Event: 22,173 Thread 0x41407800 Uncommon trap: reason=unstable_if action=reinterpret pc=0x415ad8f8 method=org.apache.axis.encoding.DeserializationContext.startPrefixMapping(Ljava/lang/String;Ljava/lang/String;)V @ 52
Event: 22,182 Thread 0x41407800 Uncommon trap: reason=bimorphic action=maybe_recompile pc=0x415bc7cc method=org.apache.axis.message.NodeImpl.setParent(Lorg/apache/axis/message/NodeImpl;)V @ 31
Event: 23,132 Thread 0x41407800 Uncommon trap: reason=unstable_if action=reinterpret pc=0x4159ac78 method=java.lang.Integer.getChars(II[C)V @ 7
Event: 27,498 Thread 0x41407800 Uncommon trap: reason=null_check action=make_not_entrant pc=0x415cccec method=org.apache.axis.message.MessageElement.<init>(Ljava/lang/String;Ljava/lang/String;Ljava/lang/String;Lorg/xml/sax/Attributes;Lorg/apache/axis/encoding/DeserializationContext;)V @
Event: 39,062 Thread 0x41407800 Uncommon trap: reason=null_check action=make_not_entrant pc=0x416a6630 method=org.apache.axis.message.RPCElement.deserialize()V @ 33
Event: 46,016 Thread 0x41407800 Uncommon trap: reason=null_check action=make_not_entrant pc=0x416c56d0 method=com.sun.org.apache.xerces.internal.parsers.AbstractSAXParser.xmlDecl(Ljava/lang/String;Ljava/lang/String;Ljava/lang/String;Lcom/sun/org/apache/xerces/internal/xni/Augmentations;
Event: 51,508 Thread 0x41407800 Uncommon trap: reason=null_check action=make_not_entrant pc=0x41718d1c method=org.apache.axis.utils.BeanUtils$1.run()Ljava/lang/Object; @ 27
Event: 51,568 Thread 0x41407800 Uncommon trap: reason=null_check action=make_not_entrant pc=0x4171e4a0 method=org.apache.axis.encoding.ser.SimpleDeserializer.init()V @ 25

Internal exceptions (10 events):
Event: 22,173 Thread 0x41407800 Threw 0x6200a728 at /build/openjdk-7-Ylwexc/openjdk-7-7u111-2.6.7/build/openjdk/hotspot/src/share/vm/prims/jvm.cpp:1322
Event: 22,173 Thread 0x41407800 Threw 0x6200b260 at /build/openjdk-7-Ylwexc/openjdk-7-7u111-2.6.7/build/openjdk/hotspot/src/share/vm/prims/jvm.cpp:1322
Event: 22,173 Thread 0x41407800 Threw 0x6200b4b0 at /build/openjdk-7-Ylwexc/openjdk-7-7u111-2.6.7/build/openjdk/hotspot/src/share/vm/classfile/systemDictionary.cpp:185
Event: 22,173 Thread 0x41407800 Threw 0x6200bec8 at /build/openjdk-7-Ylwexc/openjdk-7-7u111-2.6.7/build/openjdk/hotspot/src/share/vm/prims/jvm.cpp:1322
Event: 22,173 Thread 0x41407800 Threw 0x6200cac8 at /build/openjdk-7-Ylwexc/openjdk-7-7u111-2.6.7/build/openjdk/hotspot/src/share/vm/prims/jvm.cpp:1322
Event: 22,173 Thread 0x41407800 Threw 0x6200cd18 at /build/openjdk-7-Ylwexc/openjdk-7-7u111-2.6.7/build/openjdk/hotspot/src/share/vm/classfile/systemDictionary.cpp:185
Event: 22,174 Thread 0x41407800 Threw 0x6200e6e8 at /build/openjdk-7-Ylwexc/openjdk-7-7u111-2.6.7/build/openjdk/hotspot/src/share/vm/prims/jvm.cpp:1322
Event: 22,174 Thread 0x41407800 Threw 0x62010e40 at /build/openjdk-7-Ylwexc/openjdk-7-7u111-2.6.7/build/openjdk/hotspot/src/share/vm/prims/jvm.cpp:1322
Event: 27,498 Thread 0x41407800 Implicit null exception at 0x415cc681 to 0x415ccce1
Event: 39,062 Thread 0x41407800 Implicit null exception at 0x416a5adb to 0x416a6621

Events (10 events):
Event: 50,673 loading class 0x6c9c3358 done
Event: 51,308 Executing VM operation: ParallelGCFailedAllocation
Event: 51,326 Executing VM operation: ParallelGCFailedAllocation done
Event: 51,508 Thread 0x41407800 Uncommon trap: trap_request=0xfffffff4 fr.pc=0x41718d1c
Event: 51,508 Thread 0x41407800 DEOPT PACKING pc=0x41718d1c sp=0x41317530
Event: 51,508 Thread 0x41407800 DEOPT UNPACKING pc=0x4152cbc8 sp=0x41317528 mode 2
Event: 51,568 Thread 0x41407800 Uncommon trap: trap_request=0xfffffff4 fr.pc=0x4171e4a0
Event: 51,568 Thread 0x41407800 DEOPT PACKING pc=0x4171e4a0 sp=0x41317aa0
Event: 51,568 Thread 0x41407800 DEOPT UNPACKING pc=0x4152cbc8 sp=0x413179f0 mode 2
Event: 53,994 Executing VM operation: ParallelGCFailedAllocation


Dynamic libraries:
08048000-08049000 r-xp 00000000 08:01 153314     /usr/lib/jvm/java-7-openjdk-i386/jre/bin/java
08049000-0804a000 r--p 00000000 08:01 153314     /usr/lib/jvm/java-7-openjdk-i386/jre/bin/java
0804a000-0804b000 rw-p 00001000 08:01 153314     /usr/lib/jvm/java-7-openjdk-i386/jre/bin/java
09c89000-09cf0000 rw-p 00000000 00:00 0          [heap]
400c3000-400e3000 r-xp 00000000 08:01 14543      /lib/i386-linux-gnu/ld-2.19.so
400e3000-400e4000 r--p 0001f000 08:01 14543      /lib/i386-linux-gnu/ld-2.19.so
400e4000-400e5000 rw-p 00020000 08:01 14543      /lib/i386-linux-gnu/ld-2.19.so
400e5000-400e7000 r--p 00000000 00:00 0          [vvar]
400e7000-400e9000 r-xp 00000000 00:00 0          [vdso]
400e9000-400ec000 rw-p 00000000 00:00 0 
400ec000-400f8000 r-xp 00000000 08:01 156062     /usr/lib/jvm/java-7-openjdk-i386/jre/lib/i386/jli/libjli.so
400f8000-400f9000 r--p 0000c000 08:01 156062     /usr/lib/jvm/java-7-openjdk-i386/jre/lib/i386/jli/libjli.so
400f9000-400fa000 rw-p 0000d000 08:01 156062     /usr/lib/jvm/java-7-openjdk-i386/jre/lib/i386/jli/libjli.so
400fa000-40108000 r-xp 00000000 08:01 153348     /usr/lib/jvm/java-7-openjdk-i386/jre/lib/i386/libverify.so
40108000-40109000 r--p 0000d000 08:01 153348     /usr/lib/jvm/java-7-openjdk-i386/jre/lib/i386/libverify.so
40109000-4010a000 rw-p 0000e000 08:01 153348     /usr/lib/jvm/java-7-openjdk-i386/jre/lib/i386/libverify.so
4010a000-4010b000 ---p 00000000 00:00 0 
4010b000-4010c000 rw-p 00000000 00:00 0 
4010c000-4010d000 r--p 003f0000 08:01 135305     /usr/lib/locale/locale-archive
4010d000-4010f000 r--s 00006000 08:01 264456     /usr/share/java/java-atk-wrapper.jar
4010f000-40110000 r--s 00002000 08:01 157113     /usr/lib/jvm/java-7-openjdk-i386/jre/lib/ext/dnsns.jar
40110000-402b8000 r-xp 00000000 08:01 15546      /lib/i386-linux-gnu/libc-2.19.so
402b8000-402b9000 ---p 001a8000 08:01 15546      /lib/i386-linux-gnu/libc-2.19.so
402b9000-402bb000 r--p 001a8000 08:01 15546      /lib/i386-linux-gnu/libc-2.19.so
402bb000-402bc000 rw-p 001aa000 08:01 15546      /lib/i386-linux-gnu/libc-2.19.so
402bc000-402bf000 rw-p 00000000 00:00 0 
402bf000-402c2000 r-xp 00000000 08:01 14529      /lib/i386-linux-gnu/libdl-2.19.so
402c2000-402c3000 r--p 00002000 08:01 14529      /lib/i386-linux-gnu/libdl-2.19.so
402c3000-402c4000 rw-p 00003000 08:01 14529      /lib/i386-linux-gnu/libdl-2.19.so
402c4000-402dc000 r-xp 00000000 08:01 14539      /lib/i386-linux-gnu/libpthread-2.19.so
402dc000-402dd000 r--p 00018000 08:01 14539      /lib/i386-linux-gnu/libpthread-2.19.so
402dd000-402de000 rw-p 00019000 08:01 14539      /lib/i386-linux-gnu/libpthread-2.19.so
402de000-402e0000 rw-p 00000000 00:00 0 
402e0000-402f8000 r-xp 00000000 08:01 8166       /lib/i386-linux-gnu/libz.so.1.2.8
402f8000-402f9000 r--p 00017000 08:01 8166       /lib/i386-linux-gnu/libz.so.1.2.8
402f9000-402fa000 rw-p 00018000 08:01 8166       /lib/i386-linux-gnu/libz.so.1.2.8
402fa000-402fc000 rw-p 00000000 00:00 0 
402fc000-40cf9000 r-xp 00000000 08:01 155344     /usr/lib/jvm/java-7-openjdk-i386/jre/lib/i386/server/libjvm.so
40cf9000-40cfa000 ---p 009fd000 08:01 155344     /usr/lib/jvm/java-7-openjdk-i386/jre/lib/i386/server/libjvm.so
40cfa000-40d4c000 r--p 009fd000 08:01 155344     /usr/lib/jvm/java-7-openjdk-i386/jre/lib/i386/server/libjvm.so
40d4c000-40d60000 rw-p 00a4f000 08:01 155344     /usr/lib/jvm/java-7-openjdk-i386/jre/lib/i386/server/libjvm.so
40d60000-4117d000 rw-p 00000000 00:00 0 
4117d000-41259000 r-xp 00000000 08:01 134510     /usr/lib/i386-linux-gnu/libstdc++.so.6.0.19
41259000-4125d000 r--p 000dc000 08:01 134510     /usr/lib/i386-linux-gnu/libstdc++.so.6.0.19
4125d000-4125e000 rw-p 000e0000 08:01 134510     /usr/lib/i386-linux-gnu/libstdc++.so.6.0.19
4125e000-41265000 rw-p 00000000 00:00 0 
41265000-412a9000 r-xp 00000000 08:01 14525      /lib/i386-linux-gnu/libm-2.19.so
412a9000-412aa000 r--p 00043000 08:01 14525      /lib/i386-linux-gnu/libm-2.19.so
412aa000-412ab000 rw-p 00044000 08:01 14525      /lib/i386-linux-gnu/libm-2.19.so
412ab000-412c7000 r-xp 00000000 08:01 3513       /lib/i386-linux-gnu/libgcc_s.so.1
412c7000-412c8000 rw-p 0001b000 08:01 3513       /lib/i386-linux-gnu/libgcc_s.so.1
412c8000-412cb000 ---p 00000000 00:00 0 
412cb000-41319000 rw-p 00000000 00:00 0 
41319000-41320000 r-xp 00000000 08:01 15543      /lib/i386-linux-gnu/librt-2.19.so
41320000-41321000 r--p 00006000 08:01 15543      /lib/i386-linux-gnu/librt-2.19.so
41321000-41322000 rw-p 00007000 08:01 15543      /lib/i386-linux-gnu/librt-2.19.so
41322000-41349000 r-xp 00000000 08:01 153804     /usr/lib/jvm/java-7-openjdk-i386/jre/lib/i386/libjava.so
41349000-4134a000 r--p 00026000 08:01 153804     /usr/lib/jvm/java-7-openjdk-i386/jre/lib/i386/libjava.so
4134a000-4134b000 rw-p 00027000 08:01 153804     /usr/lib/jvm/java-7-openjdk-i386/jre/lib/i386/libjava.so
4134b000-41353000 rw-s 00000000 08:01 532580     /tmp/hsperfdata_salas/27666
41353000-4135b000 r-xp 00000000 08:01 157083     /usr/lib/jvm/java-7-openjdk-i386/jre/lib/i386/libzip.so
4135b000-4135c000 r--p 00007000 08:01 157083     /usr/lib/jvm/java-7-openjdk-i386/jre/lib/i386/libzip.so
4135c000-4135d000 rw-p 00008000 08:01 157083     /usr/lib/jvm/java-7-openjdk-i386/jre/lib/i386/libzip.so
4135d000-41361000 r--s 00034000 08:01 157112     /usr/lib/jvm/java-7-openjdk-i386/jre/lib/ext/sunjce_provider.jar
41361000-41368000 r-xp 00000000 08:01 14535      /lib/i386-linux-gnu/libnss_compat-2.19.so
41368000-41369000 r--p 00006000 08:01 14535      /lib/i386-linux-gnu/libnss_compat-2.19.so
41369000-4136a000 rw-p 00007000 08:01 14535      /lib/i386-linux-gnu/libnss_compat-2.19.so
4136a000-4137f000 r-xp 00000000 08:01 14537      /lib/i386-linux-gnu/libnsl-2.19.so
4137f000-41380000 r--p 00015000 08:01 14537      /lib/i386-linux-gnu/libnsl-2.19.so
41380000-41381000 rw-p 00016000 08:01 14537      /lib/i386-linux-gnu/libnsl-2.19.so
41381000-41383000 rw-p 00000000 00:00 0 
41383000-4138d000 r-xp 00000000 08:01 14727      /lib/i386-linux-gnu/libnss_nis-2.19.so
4138d000-4138e000 r--p 00009000 08:01 14727      /lib/i386-linux-gnu/libnss_nis-2.19.so
4138e000-4138f000 rw-p 0000a000 08:01 14727      /lib/i386-linux-gnu/libnss_nis-2.19.so
4138f000-41399000 r-xp 00000000 08:01 15585      /lib/i386-linux-gnu/libnss_files-2.19.so
41399000-4139a000 r--p 00009000 08:01 15585      /lib/i386-linux-gnu/libnss_files-2.19.so
4139a000-4139b000 rw-p 0000a000 08:01 15585      /lib/i386-linux-gnu/libnss_files-2.19.so
4139b000-413a3000 rw-p 00000000 00:00 0 
413a3000-413db000 rw-p 00000000 00:00 0 
413db000-413ea000 rw-p 00000000 00:00 0 
413ea000-413ee000 r--s 00085000 08:01 157111     /usr/lib/jvm/java-7-openjdk-i386/jre/lib/ext/localedata.jar
413ee000-413f1000 r--s 0000f000 08:01 157110     /usr/lib/jvm/java-7-openjdk-i386/jre/lib/ext/icedtea-sound.jar
413f1000-413f3000 r--s 00012000 08:01 157115     /usr/lib/jvm/java-7-openjdk-i386/jre/lib/ext/zipfs.jar
413f3000-413f6000 r--s 0003d000 08:01 157107     /usr/lib/jvm/java-7-openjdk-i386/jre/lib/ext/sunpkcs11.jar
413f6000-413f8000 r--s 00007000 08:01 534740     /home/salas/Tic-Tac-Toe/axis-1_4/lib/axis-ant.jar
413f8000-413fa000 r--s 00008000 08:01 534743     /home/salas/Tic-Tac-Toe/axis-1_4/lib/commons-logging-1.0.4.jar
413fa000-413fc000 r--s 00006000 08:01 534744     /home/salas/Tic-Tac-Toe/axis-1_4/lib/jaxrpc.jar
413fc000-413fd000 r--s 00004000 08:01 534747     /home/salas/Tic-Tac-Toe/axis-1_4/lib/saaj.jar
413fd000-41400000 r--s 0000f000 08:01 534742     /home/salas/Tic-Tac-Toe/axis-1_4/lib/commons-discovery-0.2.jar
41400000-414fe000 rw-p 00000000 00:00 0 
414fe000-41500000 ---p 00000000 00:00 0 
41500000-41740000 rwxp 00000000 00:00 0 
41740000-44500000 rw-p 00000000 00:00 0 
44500000-44509000 rw-p 00000000 00:00 0 
44509000-445c0000 rw-p 00000000 00:00 0 
445c0000-455c0000 rw-p 00000000 00:00 0 
455c0000-4c5c0000 rw-p 00000000 00:00 0 
4c5c0000-4dac0000 rw-p 00000000 00:00 0 
4dac0000-61b00000 rw-p 00000000 00:00 0 
61b00000-65e40000 rw-p 00000000 00:00 0 
65e40000-65e66000 r--p 00000000 08:01 282017     /usr/share/locale-langpack/es/LC_MESSAGES/libc.mo
65e66000-65e6d000 r--s 00000000 08:01 142490     /usr/lib/i386-linux-gnu/gconv/gconv-modules.cache
668c0000-6c5c0000 rw-p 00000000 00:00 0 
6c5c0000-6c5c8000 rw-p 00000000 00:00 0 
6c5c8000-6c600000 rw-p 00000000 00:00 0 
6c600000-6c60b000 rw-p 00000000 00:00 0 
6c60b000-6c6aa000 rw-p 00000000 00:00 0 
6c6aa000-6c6cd000 rw-p 00000000 00:00 0 
6c6cd000-6c700000 rw-p 00000000 00:00 0 
6c700000-6c70c000 rw-p 00000000 00:00 0 
6c70c000-6c7ac000 rw-p 00000000 00:00 0 
6c7ac000-6c7ad000 ---p 00000000 00:00 0 
6c7ad000-6c82d000 rw-p 00000000 00:00 0 
6c82d000-6c82e000 ---p 00000000 00:00 0 
6c82e000-6c8f7000 rw-p 00000000 00:00 0 
6c8f7000-6c8ff000 r--s 0004f000 08:01 534745     /home/salas/Tic-Tac-Toe/axis-1_4/lib/log4j-1.2.8.jar
6c8ff000-6c900000 r--s 00000000 08:01 535514     /home/salas/Tic-Tac-Toe/common/common.jar
6c900000-6c9fc000 rw-p 00000000 00:00 0 
6c9fc000-6ca00000 ---p 00000000 00:00 0 
6ca00000-6cb00000 rw-p 00000000 00:00 0 
6cb00000-6cb01000 ---p 00000000 00:00 0 
6cb01000-6cbdc000 rw-p 00000000 00:00 0 
6cbdc000-6cbf0000 r--s 00173000 08:01 534741     /home/salas/Tic-Tac-Toe/axis-1_4/lib/axis.jar
6cbf0000-6cbf3000 r--s 0001c000 08:01 534748     /home/salas/Tic-Tac-Toe/axis-1_4/lib/wsdl4j-1.5.1.jar
6cbf3000-6cbf9000 r--s 00051000 08:01 532650     /home/salas/Tic-Tac-Toe/axis-1_4/lib/mail.jar
6cbf9000-6cbfb000 r--s 0000c000 08:01 532651     /home/salas/Tic-Tac-Toe/axis-1_4/lib/activation.jar
6cbfb000-6cbfc000 r--s 00000000 08:01 433313     /home/salas/Tic-Tac-Toe/server/server.jar
6cbfc000-6cc00000 r--s 0004f000 08:01 157088     /usr/lib/jvm/java-7-openjdk-i386/jre/lib/jsse.jar
6cc00000-6cc21000 rw-p 00000000 00:00 0 
6cc21000-6cd00000 ---p 00000000 00:00 0 
6cd00000-6e380000 rw-p 00000000 00:00 0 
6e380000-6e533000 r--s 01d3d000 08:01 153330     /usr/lib/jvm/java-7-openjdk-i386/jre/lib/rt.jar
6e533000-6e534000 ---p 00000000 00:00 0 
6e534000-6e5b4000 rw-p 00000000 00:00 0 
6e5b4000-6e5cc000 r-xp 00000000 08:01 156358     /usr/lib/jvm/java-7-openjdk-i386/jre/lib/i386/libnet.so
6e5cc000-6e5cd000 r--p 00017000 08:01 156358     /usr/lib/jvm/java-7-openjdk-i386/jre/lib/i386/libnet.so
6e5cd000-6e5ce000 rw-p 00018000 08:01 156358     /usr/lib/jvm/java-7-openjdk-i386/jre/lib/i386/libnet.so
6e5ce000-6e5d8000 r--s 000ae000 08:01 153332     /usr/lib/jvm/java-7-openjdk-i386/jre/lib/resources.jar
6e5d8000-6e5da000 r--s 00018000 08:01 153328     /usr/lib/jvm/java-7-openjdk-i386/jre/lib/jce.jar
6e5e4000-6e5e7000 r-xp 00000000 08:01 142365     /usr/lib/i386-linux-gnu/libgmodule-2.0.so.0.4002.0
6e5e7000-6e5e8000 r--p 00002000 08:01 142365     /usr/lib/i386-linux-gnu/libgmodule-2.0.so.0.4002.0
6e5e8000-6e5e9000 rw-p 00003000 08:01 142365     /usr/lib/i386-linux-gnu/libgmodule-2.0.so.0.4002.0
6e5e9000-6e5ee000 r-xp 00000000 08:01 131155     /usr/lib/i386-linux-gnu/libffi.so.6.0.1
6e5ee000-6e5ef000 r--p 00005000 08:01 131155     /usr/lib/i386-linux-gnu/libffi.so.6.0.1
6e5ef000-6e5f0000 rw-p 00006000 08:01 131155     /usr/lib/i386-linux-gnu/libffi.so.6.0.1
6e600000-6e700000 rw-p 00000000 00:00 0 
6e700000-6e721000 rw-p 00000000 00:00 0 
6e721000-6e800000 ---p 00000000 00:00 0 
6e800000-6e803000 ---p 00000000 00:00 0 
6e803000-6e851000 rw-p 00000000 00:00 0 
6e851000-6e854000 ---p 00000000 00:00 0 
6e854000-6e8a2000 rw-p 00000000 00:00 0 
6e8a2000-6eaa2000 r--p 00000000 08:01 135305     /usr/lib/locale/locale-archive
6eaa2000-6ebd3000 r--p 00188000 08:01 135305     /usr/lib/locale/locale-archive
6ebd3000-6ebd6000 ---p 00000000 00:00 0 
6ebd6000-6ec24000 rw-p 00000000 00:00 0 
6ec24000-6ec27000 ---p 00000000 00:00 0 
6ec27000-6eca5000 rw-p 00000000 00:00 0 
6eca5000-6eca8000 ---p 00000000 00:00 0 
6eca8000-6ed26000 rw-p 00000000 00:00 0 
6ed26000-6ed29000 ---p 00000000 00:00 0 
6ed29000-6ed77000 rw-p 00000000 00:00 0 
6ed77000-6ed78000 ---p 00000000 00:00 0 
6ed78000-6edf8000 rw-p 00000000 00:00 0 
6ee00000-6eefc000 rw-p 00000000 00:00 0 
6eefc000-6ef00000 ---p 00000000 00:00 0 
6ef00000-6f07d000 r-xp 00000000 08:01 142363     /usr/lib/i386-linux-gnu/libgio-2.0.so.0.4002.0
6f07d000-6f07f000 r--p 0017d000 08:01 142363     /usr/lib/i386-linux-gnu/libgio-2.0.so.0.4002.0
6f07f000-6f080000 rw-p 0017f000 08:01 142363     /usr/lib/i386-linux-gnu/libgio-2.0.so.0.4002.0
6f080000-6f081000 rw-p 00000000 00:00 0 
6f081000-6f0d1000 r-xp 00000000 08:01 138694     /usr/lib/i386-linux-gnu/libgobject-2.0.so.0.4002.0
6f0d1000-6f0d2000 r--p 0004f000 08:01 138694     /usr/lib/i386-linux-gnu/libgobject-2.0.so.0.4002.0
6f0d2000-6f0d3000 rw-p 00050000 08:01 138694     /usr/lib/i386-linux-gnu/libgobject-2.0.so.0.4002.0
6f0d3000-6f1dd000 r-xp 00000000 08:01 25359      /lib/i386-linux-gnu/libglib-2.0.so.0.4002.0
6f1dd000-6f1de000 r--p 00109000 08:01 25359      /lib/i386-linux-gnu/libglib-2.0.so.0.4002.0
6f1de000-6f1df000 rw-p 0010a000 08:01 25359      /lib/i386-linux-gnu/libglib-2.0.so.0.4002.0
6f1df000-6f1ff000 r-xp 00000000 08:01 6340       /lib/i386-linux-gnu/libselinux.so.1
6f1ff000-6f200000 r--p 0001f000 08:01 6340       /lib/i386-linux-gnu/libselinux.so.1
6f200000-6f201000 rw-p 00020000 08:01 6340       /lib/i386-linux-gnu/libselinux.so.1
6f201000-6f202000 rw-p 00000000 00:00 0 
6f202000-6f215000 r-xp 00000000 08:01 14521      /lib/i386-linux-gnu/libresolv-2.19.so
6f215000-6f216000 ---p 00013000 08:01 14521      /lib/i386-linux-gnu/libresolv-2.19.so
6f216000-6f217000 r--p 00013000 08:01 14521      /lib/i386-linux-gnu/libresolv-2.19.so
6f217000-6f218000 rw-p 00014000 08:01 14521      /lib/i386-linux-gnu/libresolv-2.19.so
6f218000-6f21a000 rw-p 00000000 00:00 0 
6f21a000-6f256000 r-xp 00000000 08:01 11367      /lib/i386-linux-gnu/libpcre.so.3.13.1
6f256000-6f257000 r--p 0003b000 08:01 11367      /lib/i386-linux-gnu/libpcre.so.3.13.1
6f257000-6f258000 rw-p 0003c000 08:01 11367      /lib/i386-linux-gnu/libpcre.so.3.13.1
6f258000-6f269000 r-xp 00000000 08:01 156613     /usr/lib/jvm/java-7-openjdk-i386/jre/lib/i386/libnio.so
6f269000-6f26a000 r--p 00010000 08:01 156613     /usr/lib/jvm/java-7-openjdk-i386/jre/lib/i386/libnio.so
6f26a000-6f26b000 rw-p 00011000 08:01 156613     /usr/lib/jvm/java-7-openjdk-i386/jre/lib/i386/libnio.so
6f300000-6f375000 rw-p 00000000 00:00 0 
6f375000-6f400000 ---p 00000000 00:00 0 
6f400000-6f4fd000 rw-p 00000000 00:00 0 
6f4fd000-6f500000 ---p 00000000 00:00 0 
6f500000-6f6f9000 rw-p 00000000 00:00 0 
6f6f9000-6f700000 ---p 00000000 00:00 0 
6f700000-6f7f9000 rw-p 00000000 00:00 0 
6f7f9000-6f800000 ---p 00000000 00:00 0 
6f800000-6f8fe000 rw-p 00000000 00:00 0 
6f8fe000-6f900000 ---p 00000000 00:00 0 
6f900000-6f9fc000 rw-p 00000000 00:00 0 
6f9fc000-6fa00000 ---p 00000000 00:00 0 
6fa00000-6faf5000 rw-p 00000000 00:00 0 
6faf5000-6fb00000 ---p 00000000 00:00 0 
6fb00000-6fbff000 rw-p 00000000 00:00 0 
6fbff000-6fc00000 ---p 00000000 00:00 0 
6fd00000-6fdf9000 rw-p 00000000 00:00 0 
6fdf9000-6fe00000 ---p 00000000 00:00 0 
6fe00000-6feff000 rw-p 00000000 00:00 0 
6feff000-6ff00000 ---p 00000000 00:00 0 
6ff00000-6fffd000 rw-p 00000000 00:00 0 
6fffd000-70000000 ---p 00000000 00:00 0 
70000000-700fa000 rw-p 00000000 00:00 0 
700fa000-70100000 ---p 00000000 00:00 0 
70100000-701fb000 rw-p 00000000 00:00 0 
701fb000-70200000 ---p 00000000 00:00 0 
70200000-7047e000 rw-p 00000000 00:00 0 
7047e000-70500000 ---p 00000000 00:00 0 
70500000-706e7000 rw-p 00000000 00:00 0 
706e7000-70700000 ---p 00000000 00:00 0 
70700000-708f8000 rw-p 00000000 00:00 0 
708f8000-70900000 ---p 00000000 00:00 0 
70900000-7097c000 rw-p 00000000 00:00 0 
7097c000-70a00000 ---p 00000000 00:00 0 
bfe78000-bfe79000 rwxp 00000000 00:00 0 
bfeaa000-bfecc000 rw-p 00000000 00:00 0          [stack]

VM Arguments:
jvm_args: -Duser.dir=/home/salas/Tic-Tac-Toe/server/../axis-1_4/ 
java_command: org.apache.axis.transport.http.SimpleAxisServer -p 8888
Launcher Type: SUN_STANDARD

Environment Variables:
JAVA_HOME=/usr/lib/jvm/jdk1.8.0_131/
PATH=.:/usr/local/sbin:/usr/local/bin:/usr/sbin:/usr/bin:/sbin:/bin:/usr/games:/usr/local/games
SHELL=/bin/bash
DISPLAY=:0.0

Signal Handlers:
SIGSEGV: [libjvm.so+0x8191e0], sa_mask[0]=0x7ffbfeff, sa_flags=0x10000004
SIGBUS: [libjvm.so+0x8191e0], sa_mask[0]=0x7ffbfeff, sa_flags=0x10000004
SIGFPE: [libjvm.so+0x68ddb0], sa_mask[0]=0x7ffbfeff, sa_flags=0x10000004
SIGPIPE: [libjvm.so+0x68ddb0], sa_mask[0]=0x7ffbfeff, sa_flags=0x10000004
SIGXFSZ: [libjvm.so+0x68ddb0], sa_mask[0]=0x7ffbfeff, sa_flags=0x10000004
SIGILL: [libjvm.so+0x68ddb0], sa_mask[0]=0x7ffbfeff, sa_flags=0x10000004
SIGUSR1: SIG_DFL, sa_mask[0]=0x00000000, sa_flags=0x00000000
SIGUSR2: [libjvm.so+0x68df10], sa_mask[0]=0x00000000, sa_flags=0x10000004
SIGHUP: [libjvm.so+0x68de70], sa_mask[0]=0x7ffbfeff, sa_flags=0x10000004
SIGINT: [libjvm.so+0x68de70], sa_mask[0]=0x7ffbfeff, sa_flags=0x10000004
SIGTERM: [libjvm.so+0x68de70], sa_mask[0]=0x7ffbfeff, sa_flags=0x10000004
SIGQUIT: [libjvm.so+0x68de70], sa_mask[0]=0x7ffbfeff, sa_flags=0x10000004
SIGTRAP: SIG_DFL, sa_mask[0]=0x00000000, sa_flags=0x00000000


---------------  S Y S T E M  ---------------

OS:Ubuntu 14.04 (trusty)
uname:Linux 3.19.0-68-generic #76~14.04.1-Ubuntu SMP Fri Aug 12 11:47:02 UTC 2016 i686
libc:glibc 2.19 NPTL 2.19 
rlimit: STACK infinity, CORE infinity, NPROC 15961, NOFILE 4096, AS infinity
load average:1,49 1,45 1,28

/proc/meminfo:
MemTotal:        2063044 kB
MemFree:          117424 kB
MemAvailable:      63960 kB
Buffers:             700 kB
Cached:            44868 kB
SwapCached:            0 kB
Active:          1814784 kB
Inactive:          35460 kB
Active(anon):    1806200 kB
Inactive(anon):    26308 kB
Active(file):       8584 kB
Inactive(file):     9152 kB
Unevictable:           0 kB
Mlocked:               0 kB
HighTotal:       1183624 kB
HighFree:          15124 kB
LowTotal:         879420 kB
LowFree:          102300 kB
SwapTotal:             0 kB
SwapFree:              0 kB
Dirty:                52 kB
Writeback:             0 kB
AnonPages:       1805092 kB
Mapped:            39756 kB
Shmem:             27416 kB
Slab:              35684 kB
SReclaimable:      15124 kB
SUnreclaim:        20560 kB
KernelStack:        3704 kB
PageTables:        10332 kB
NFS_Unstable:          0 kB
Bounce:                0 kB
WritebackTmp:          0 kB
CommitLimit:     1031520 kB
Committed_AS:    3793488 kB
VmallocTotal:     122880 kB
VmallocUsed:       23836 kB
VmallocChunk:      48384 kB
AnonHugePages:   1067008 kB
CmaTotal:              0 kB
CmaFree:               0 kB
HugePages_Total:       0
HugePages_Free:        0
HugePages_Rsvd:        0
HugePages_Surp:        0
Hugepagesize:       2048 kB
DirectMap4k:       51192 kB
DirectMap2M:      862208 kB


CPU:total 3 (3 cores per cpu, 1 threads per core) family 6 model 78 stepping 3, cmov, cx8, fxsr, mmx, sse, sse2, sse3, ssse3, sse4.1, sse4.2, popcnt, avx, aes, erms, tsc, tscinvbit

/proc/cpuinfo:
processor	: 0
vendor_id	: GenuineIntel
cpu family	: 6
model		: 78
model name	: Intel(R) Core(TM) i5-6200U CPU @ 2.30GHz
stepping	: 3
microcode	: 0x8a
cpu MHz		: 2400.002
cache size	: 3072 KB
physical id	: 0
siblings	: 3
core id		: 0
cpu cores	: 3
apicid		: 0
initial apicid	: 0
fdiv_bug	: no
f00f_bug	: no
coma_bug	: no
fpu		: yes
fpu_exception	: yes
cpuid level	: 22
wp		: yes
flags		: fpu vme de pse tsc msr pae mce cx8 apic sep mtrr pge mca cmov pat pse36 clflush dts mmx fxsr sse sse2 ss ht nx pdpe1gb rdtscp lm constant_tsc arch_perfmon pebs bts xtopology tsc_reliable nonstop_tsc aperfmperf pni pclmulqdq ssse3 fma cx16 pcid sse4_1 sse4_2 x2apic movbe popcnt aes xsave avx f16c rdrand hypervisor lahf_lm 3dnowprefetch ida arat epb pln pts dtherm hwp hwp_noitfy hwp_act_window hwp_epp fsgsbase smep
bugs		:
bogomips	: 4800.00
clflush size	: 64
cache_alignment	: 64
address sizes	: 40 bits physical, 48 bits virtual
power management:

processor	: 1
vendor_id	: GenuineIntel
cpu family	: 6
model		: 78
model name	: Intel(R) Core(TM) i5-6200U CPU @ 2.30GHz
stepping	: 3
microcode	: 0x8a
cpu MHz		: 2400.002
cache size	: 3072 KB
physical id	: 0
siblings	: 3
core id		: 1
cpu cores	: 3
apicid		: 1
initial apicid	: 1
fdiv_bug	: no
f00f_bug	: no
coma_bug	: no
fpu		: yes
fpu_exception	: yes
cpuid level	: 22
wp		: yes
flags		: fpu vme de pse tsc msr pae mce cx8 apic sep mtrr pge mca cmov pat pse36 clflush dts mmx fxsr sse sse2 ss ht nx pdpe1gb rdtscp lm constant_tsc arch_perfmon pebs bts xtopology tsc_reliable nonstop_tsc aperfmperf pni pclmulqdq ssse3 fma cx16 pcid sse4_1 sse4_2 x2apic movbe popcnt aes xsave avx f16c rdrand hypervisor lahf_lm 3dnowprefetch ida arat epb pln pts dtherm hwp hwp_noitfy hwp_act_window hwp_epp fsgsbase smep
bugs		:
bogomips	: 4800.00
clflush size	: 64
cache_alignment	: 64
address sizes	: 40 bits physical, 48 bits virtual
power management:

processor	: 2
vendor_id	: GenuineIntel
cpu family	: 6
model		: 78
model name	: Intel(R) Core(TM) i5-6200U CPU @ 2.30GHz
stepping	: 3
microcode	: 0x8a
cpu MHz		: 2400.002
cache size	: 3072 KB
physical id	: 0
siblings	: 3
core id		: 2
cpu cores	: 3
apicid		: 2
initial apicid	: 2
fdiv_bug	: no
f00f_bug	: no
coma_bug	: no
fpu		: yes
fpu_exception	: yes
cpuid level	: 22
wp		: yes
flags		: fpu vme de pse tsc msr pae mce cx8 apic sep mtrr pge mca cmov pat pse36 clflush dts mmx fxsr sse sse2 ss ht nx pdpe1gb rdtscp lm constant_tsc arch_perfmon pebs bts xtopology tsc_reliable nonstop_tsc aperfmperf pni pclmulqdq ssse3 fma cx16 pcid sse4_1 sse4_2 x2apic movbe popcnt aes xsave avx f16c rdrand hypervisor lahf_lm 3dnowprefetch ida arat epb pln pts dtherm hwp hwp_noitfy hwp_act_window hwp_epp fsgsbase smep
bugs		:
bogomips	: 4800.00
clflush size	: 64
cache_alignment	: 64
address sizes	: 40 bits physical, 48 bits virtual
power management:



Memory: 4k page, physical 2063044k(117408k free), swap 0k(0k free)

vm_info: OpenJDK Server VM (24.111-b01) for linux-x86 JRE (1.7.0_111-b01), built on Aug 12 2016 05:32:15 by "buildd" with gcc 4.8.4

time: Sun May 21 18:32:35 2017
elapsed time: 54 seconds

