#
# There is insufficient memory for the Java Runtime Environment to continue.
# Native memory allocation (malloc) failed to allocate 3145728 bytes for committing reserved memory.
# Possible reasons:
#   The system is out of physical RAM or swap space
#   In 32 bit mode, the process size limit was hit
# Possible solutions:
#   Reduce memory load on the system
#   Increase physical memory or swap space
#   Check if swap backing store is full
#   Use 64 bit Java on a 64 bit OS
#   Decrease Java heap size (-Xmx/-Xms)
#   Decrease number of Java threads
#   Decrease Java thread stack sizes (-Xss)
#   Set larger code cache with -XX:ReservedCodeCacheSize=
# This output file may be truncated or incomplete.
#
#  Out of Memory Error (os_linux.cpp:2827), pid=13783, tid=1850723136
#
# JRE version: OpenJDK Runtime Environment (7.0_111-b01) (build 1.7.0_111-b01)
# Java VM: OpenJDK Server VM (24.111-b01 mixed mode linux-x86 )
# Derivative: IcedTea 2.6.7
# Distribution: Ubuntu 14.04 LTS, package 7u111-2.6.7-0ubuntu0.14.04.3
# Core dump written. Default location: /home/salas/Tic-Tac-Toe/server/core or core.13783
#

---------------  T H R E A D  ---------------

Current thread (0x6e548800):  VMThread [stack: 0x6e47c000,0x6e4fd000] [id=13788]

Stack: [0x6e47c000,0x6e4fd000]
VM_Operation (0x41270d98): ParallelGCFailedAllocation, mode: safepoint, requested by thread 0x41307800


---------------  P R O C E S S  ---------------

Java Threads: ( => current thread )
  0x6e564000 JavaThread "Service Thread" daemon [_thread_blocked, id=13794, stack(0x6ec26000,0x6ec77000)]
  0x6e562400 JavaThread "C2 CompilerThread1" daemon [_thread_blocked, id=13793, stack(0x6eba5000,0x6ec26000)]
  0x6e560400 JavaThread "C2 CompilerThread0" daemon [_thread_blocked, id=13792, stack(0x6eb24000,0x6eba5000)]
  0x6e55e800 JavaThread "Signal Dispatcher" daemon [_thread_blocked, id=13791, stack(0x6ead3000,0x6eb24000)]
  0x6e54cc00 JavaThread "Finalizer" daemon [_thread_blocked, id=13790, stack(0x6e751000,0x6e7a2000)]
  0x6e54b400 JavaThread "Reference Handler" daemon [_thread_blocked, id=13789, stack(0x6e700000,0x6e751000)]
  0x41307800 JavaThread "main" [_thread_blocked, id=13784, stack(0x41221000,0x41272000)]

Other Threads:
=>0x6e548800 VMThread [stack: 0x6e47c000,0x6e4fd000] [id=13788]
  0x6e565c00 WatcherThread [stack: 0x6ec77000,0x6ecf8000] [id=13795]

VM state:at safepoint (normal execution)

VM Mutex/Monitor currently owned by a thread:  ([mutex/lock_event])
[0x41304f80] Threads_lock - owner thread: 0x6e548800
[0x41305390] Heap_lock - owner thread: 0x41307800

Heap
 PSYoungGen      total 97280K, used 18076K [0x61a00000, 0x69dc0000, 0x6c4c0000)
  eden space 74752K, 0% used [0x61a00000,0x61a00000,0x66300000)
  from space 22528K, 80% used [0x687c0000,0x69967150,0x69dc0000)
  to   space 20224K, 0% used [0x66300000,0x66300000,0x676c0000)
 ParOldGen       total 21504K, used 17495K [0x4c4c0000, 0x4d9c0000, 0x61a00000)
  object space 21504K, 81% used [0x4c4c0000,0x4d5d5f50,0x4d9c0000)
 PSPermGen       total 16384K, used 8370K [0x444c0000, 0x454c0000, 0x4c4c0000)
  object space 16384K, 51% used [0x444c0000,0x44cecb60,0x454c0000)

Card table byte_map: [0x6c4c0000,0x6c601000] byte_map_base: 0x6c29da00

Polling page: 0x40063000

Code Cache  [0x41400000, 0x41650000, 0x44400000)
 total_blobs=1105 nmethods=971 adapters=87 free_code_cache=46815Kb largest_free_block=47913088

Compilation events (10 events):
Event: 89,142 Thread 0x6e560400 nmethod 1023 0x4163d2c8 code [0x4163d3a0, 0x4163d3f0]
Event: 89,142 Thread 0x6e562400 nmethod 1024 0x416415c8 code [0x416416a0, 0x416416f0]
Event: 90,686 Thread 0x6e562400 1025             org.apache.axis.utils.StringUtils::getStripStart (78 bytes)
Event: 90,793 Thread 0x6e562400 nmethod 1025 0x416437c8 code [0x416438e0, 0x41643a50]
Event: 91,023 Thread 0x6e560400 1026             org.apache.axis.utils.StringUtils::strip (60 bytes)
Event: 91,027 Thread 0x6e562400 1027             org.apache.axis.utils.StringUtils::getStripEnd (78 bytes)
Event: 91,029 Thread 0x6e562400 nmethod 1027 0x41643288 code [0x416433a0, 0x41643530]
Event: 91,031 Thread 0x6e560400 nmethod 1026 0x4164df48 code [0x4164e060, 0x4164e2d0]
Event: 93,927 Thread 0x6e562400 1028   !         com.sun.org.apache.xerces.internal.parsers.AbstractSAXParser::characters (78 bytes)
Event: 94,008 Thread 0x6e562400 nmethod 1028 0x4164c308 code [0x4164c420, 0x4164c53c]

GC Heap History (10 events):
Event: 85,749 GC heap after
Heap after GC invocations=137 (full 0):
 PSYoungGen      total 67840K, used 12971K [0x61a00000, 0x677c0000, 0x6c4c0000)
  eden space 53504K, 0% used [0x61a00000,0x61a00000,0x64e40000)
  from space 14336K, 90% used [0x64e40000,0x65aeac50,0x65c40000)
  to   space 15872K, 0% used [0x66840000,0x66840000,0x677c0000)
 ParOldGen       total 21504K, used 17379K [0x4c4c0000, 0x4d9c0000, 0x61a00000)
  object space 21504K, 80% used [0x4c4c0000,0x4d5b8ef0,0x4d9c0000)
 PSPermGen       total 16384K, used 8370K [0x444c0000, 0x454c0000, 0x4c4c0000)
  object space 16384K, 51% used [0x444c0000,0x44cec990,0x454c0000)
}
Event: 86,801 GC heap before
{Heap before GC invocations=138 (full 0):
 PSYoungGen      total 67840K, used 66475K [0x61a00000, 0x677c0000, 0x6c4c0000)
  eden space 53504K, 100% used [0x61a00000,0x64e40000,0x64e40000)
  from space 14336K, 90% used [0x64e40000,0x65aeac50,0x65c40000)
  to   space 15872K, 0% used [0x66840000,0x66840000,0x677c0000)
 ParOldGen       total 21504K, used 17379K [0x4c4c0000, 0x4d9c0000, 0x61a00000)
  object space 21504K, 80% used [0x4c4c0000,0x4d5b8ef0,0x4d9c0000)
 PSPermGen       total 16384K, used 8370K [0x444c0000, 0x454c0000, 0x4c4c0000)
  object space 16384K, 51% used [0x444c0000,0x44cec990,0x454c0000)
Event: 86,839 GC heap after
Heap after GC invocations=138 (full 0):
 PSYoungGen      total 79104K, used 12955K [0x61a00000, 0x679c0000, 0x6c4c0000)
  eden space 63232K, 0% used [0x61a00000,0x61a00000,0x657c0000)
  from space 15872K, 81% used [0x66840000,0x674e6c30,0x677c0000)
  to   space 16896K, 0% used [0x657c0000,0x657c0000,0x66840000)
 ParOldGen       total 21504K, used 17407K [0x4c4c0000, 0x4d9c0000, 0x61a00000)
  object space 21504K, 80% used [0x4c4c0000,0x4d5bff10,0x4d9c0000)
 PSPermGen       total 16384K, used 8370K [0x444c0000, 0x454c0000, 0x4c4c0000)
  object space 16384K, 51% used [0x444c0000,0x44cec990,0x454c0000)
}
Event: 88,136 GC heap before
{Heap before GC invocations=139 (full 0):
 PSYoungGen      total 79104K, used 76187K [0x61a00000, 0x679c0000, 0x6c4c0000)
  eden space 63232K, 100% used [0x61a00000,0x657c0000,0x657c0000)
  from space 15872K, 81% used [0x66840000,0x674e6c30,0x677c0000)
  to   space 16896K, 0% used [0x657c0000,0x657c0000,0x66840000)
 ParOldGen       total 21504K, used 17407K [0x4c4c0000, 0x4d9c0000, 0x61a00000)
  object space 21504K, 80% used [0x4c4c0000,0x4d5bff10,0x4d9c0000)
 PSPermGen       total 16384K, used 8370K [0x444c0000, 0x454c0000, 0x4c4c0000)
  object space 16384K, 51% used [0x444c0000,0x44cec990,0x454c0000)
Event: 88,154 GC heap after
Heap after GC invocations=139 (full 0):
 PSYoungGen      total 80128K, used 15331K [0x61a00000, 0x68940000, 0x6c4c0000)
  eden space 63232K, 0% used [0x61a00000,0x61a00000,0x657c0000)
  from space 16896K, 90% used [0x657c0000,0x666b8ec0,0x66840000)
  to   space 18944K, 0% used [0x676c0000,0x676c0000,0x68940000)
 ParOldGen       total 21504K, used 17431K [0x4c4c0000, 0x4d9c0000, 0x61a00000)
  object space 21504K, 81% used [0x4c4c0000,0x4d5c5f20,0x4d9c0000)
 PSPermGen       total 16384K, used 8370K [0x444c0000, 0x454c0000, 0x4c4c0000)
  object space 16384K, 51% used [0x444c0000,0x44cec990,0x454c0000)
}
Event: 89,448 GC heap before
{Heap before GC invocations=140 (full 0):
 PSYoungGen      total 80128K, used 78563K [0x61a00000, 0x68940000, 0x6c4c0000)
  eden space 63232K, 100% used [0x61a00000,0x657c0000,0x657c0000)
  from space 16896K, 90% used [0x657c0000,0x666b8ec0,0x66840000)
  to   space 18944K, 0% used [0x676c0000,0x676c0000,0x68940000)
 ParOldGen       total 21504K, used 17431K [0x4c4c0000, 0x4d9c0000, 0x61a00000)
  object space 21504K, 81% used [0x4c4c0000,0x4d5c5f20,0x4d9c0000)
 PSPermGen       total 16384K, used 8370K [0x444c0000, 0x454c0000, 0x4c4c0000)
  object space 16384K, 51% used [0x444c0000,0x44cecb60,0x454c0000)
Event: 89,483 GC heap after
Heap after GC invocations=140 (full 0):
 PSYoungGen      total 93696K, used 15291K [0x61a00000, 0x68bc0000, 0x6c4c0000)
  eden space 74752K, 0% used [0x61a00000,0x61a00000,0x66300000)
  from space 18944K, 80% used [0x676c0000,0x685aee70,0x68940000)
  to   space 20224K, 0% used [0x66300000,0x66300000,0x676c0000)
 ParOldGen       total 21504K, used 17451K [0x4c4c0000, 0x4d9c0000, 0x61a00000)
  object space 21504K, 81% used [0x4c4c0000,0x4d5caf30,0x4d9c0000)
 PSPermGen       total 16384K, used 8370K [0x444c0000, 0x454c0000, 0x4c4c0000)
  object space 16384K, 51% used [0x444c0000,0x44cecb60,0x454c0000)
}
Event: 91,847 GC heap before
{Heap before GC invocations=141 (full 0):
 PSYoungGen      total 93696K, used 90043K [0x61a00000, 0x68bc0000, 0x6c4c0000)
  eden space 74752K, 100% used [0x61a00000,0x66300000,0x66300000)
  from space 18944K, 80% used [0x676c0000,0x685aee70,0x68940000)
  to   space 20224K, 0% used [0x66300000,0x66300000,0x676c0000)
 ParOldGen       total 21504K, used 17451K [0x4c4c0000, 0x4d9c0000, 0x61a00000)
  object space 21504K, 81% used [0x4c4c0000,0x4d5caf30,0x4d9c0000)
 PSPermGen       total 16384K, used 8370K [0x444c0000, 0x454c0000, 0x4c4c0000)
  object space 16384K, 51% used [0x444c0000,0x44cecb60,0x454c0000)
Event: 91,875 GC heap after
Heap after GC invocations=141 (full 0):
 PSYoungGen      total 94976K, used 18092K [0x61a00000, 0x69dc0000, 0x6c4c0000)
  eden space 74752K, 0% used [0x61a00000,0x61a00000,0x66300000)
  from space 20224K, 89% used [0x66300000,0x674ab170,0x676c0000)
  to   space 22528K, 0% used [0x687c0000,0x687c0000,0x69dc0000)
 ParOldGen       total 21504K, used 17455K [0x4c4c0000, 0x4d9c0000, 0x61a00000)
  object space 21504K, 81% used [0x4c4c0000,0x4d5cbf30,0x4d9c0000)
 PSPermGen       total 16384K, used 8370K [0x444c0000, 0x454c0000, 0x4c4c0000)
  object space 16384K, 51% used [0x444c0000,0x44cecb60,0x454c0000)
}
Event: 94,679 GC heap before
{Heap before GC invocations=142 (full 0):
 PSYoungGen      total 94976K, used 92844K [0x61a00000, 0x69dc0000, 0x6c4c0000)
  eden space 74752K, 100% used [0x61a00000,0x66300000,0x66300000)
  from space 20224K, 89% used [0x66300000,0x674ab170,0x676c0000)
  to   space 22528K, 0% used [0x687c0000,0x687c0000,0x69dc0000)
 ParOldGen       total 21504K, used 17455K [0x4c4c0000, 0x4d9c0000, 0x61a00000)
  object space 21504K, 81% used [0x4c4c0000,0x4d5cbf30,0x4d9c0000)
 PSPermGen       total 16384K, used 8370K [0x444c0000, 0x454c0000, 0x4c4c0000)
  object space 16384K, 51% used [0x444c0000,0x44cecb60,0x454c0000)

Deoptimization events (10 events):
Event: 57,938 Thread 0x6e54b400 Uncommon trap: reason=unstable_if action=reinterpret pc=0x4152e6bc method=sun.misc.VM.addFinalRefCount(I)V @ 14
Event: 57,938 Thread 0x6e54b400 Uncommon trap: reason=unstable_if action=reinterpret pc=0x414b7b84 method=sun.misc.VM.addFinalRefCount(I)V @ 14
Event: 57,938 Thread 0x6e54b400 Uncommon trap: reason=unstable_if action=reinterpret pc=0x4154da9c method=java.lang.ref.Reference$ReferenceHandler.run()V @ 96
Event: 62,182 Thread 0x41307800 Uncommon trap: reason=null_check action=make_not_entrant pc=0x4151b060 method=org.apache.axis.message.RPCElement.deserialize()V @ 33
Event: 66,714 Thread 0x41307800 Uncommon trap: reason=null_check action=make_not_entrant pc=0x415fe078 method=org.apache.axis.message.MessageElement.<init>(Ljava/lang/String;Ljava/lang/String;Ljava/lang/String;Lorg/xml/sax/Attributes;Lorg/apache/axis/encoding/DeserializationContext;)V @
Event: 84,004 Thread 0x41307800 Uncommon trap: reason=null_check action=make_not_entrant pc=0x4163995c method=org.apache.axis.encoding.ser.SimpleDeserializer.init()V @ 25
Event: 84,095 Thread 0x41307800 Uncommon trap: reason=null_check action=make_not_entrant pc=0x4163bf34 method=org.apache.axis.utils.JavaUtils.isConvertable(Ljava/lang/Object;Ljava/lang/Class;Z)Z @ 50
Event: 84,119 Thread 0x41307800 Uncommon trap: reason=null_check action=make_not_entrant pc=0x4163aea8 method=org.apache.axis.utils.JavaUtils.convert(Ljava/lang/Object;Ljava/lang/Class;)Ljava/lang/Object; @ 33
Event: 84,877 Thread 0x41307800 Uncommon trap: reason=null_check action=make_not_entrant pc=0x4163dd38 method=java.lang.reflect.Proxy.isProxyClass(Ljava/lang/Class;)Z @ 4
Event: 89,136 Thread 0x41307800 Uncommon trap: reason=null_check action=make_not_entrant pc=0x41641978 method=org.apache.axis.utils.BeanUtils$1.run()Ljava/lang/Object; @ 27

Internal exceptions (10 events):
Event: 56,623 Thread 0x41307800 Implicit null exception at 0x4154f0ee to 0x4154f189
Event: 56,623 Thread 0x41307800 Implicit null exception at 0x414fd75a to 0x414fd7b1
Event: 56,623 Thread 0x41307800 Threw 0x61fa0890 at /build/openjdk-7-Ylwexc/openjdk-7-7u111-2.6.7/build/openjdk/hotspot/src/share/vm/prims/jvm.cpp:1322
Event: 56,624 Thread 0x41307800 Threw 0x61fa2fe8 at /build/openjdk-7-Ylwexc/openjdk-7-7u111-2.6.7/build/openjdk/hotspot/src/share/vm/prims/jvm.cpp:1322
Event: 56,907 Thread 0x41307800 Implicit null exception at 0x4156b262 to 0x4156b379
Event: 62,182 Thread 0x41307800 Implicit null exception at 0x4151a4db to 0x4151b051
Event: 66,713 Thread 0x41307800 Implicit null exception at 0x415fda01 to 0x415fe06d
Event: 84,095 Thread 0x41307800 Implicit null exception at 0x4163bcf3 to 0x4163bf1d
Event: 84,119 Thread 0x41307800 Implicit null exception at 0x4163a74e to 0x4163ae95
Event: 89,139 Thread 0x41307800 Threw 0x649273a8 at /build/openjdk-7-Ylwexc/openjdk-7-7u111-2.6.7/build/openjdk/hotspot/src/share/vm/prims/jvm.cpp:1322

Events (10 events):
Event: 89,136 Thread 0x41307800 Uncommon trap: trap_request=0xfffffff4 fr.pc=0x41641978
Event: 89,136 Thread 0x41307800 DEOPT PACKING pc=0x41641978 sp=0x41270790
Event: 89,136 Thread 0x41307800 DEOPT UNPACKING pc=0x4142cbc8 sp=0x41270768 mode 2
Event: 89,139 loading class 0x6f2377e0
Event: 89,139 loading class 0x6f2377e0 done
Event: 89,448 Executing VM operation: ParallelGCFailedAllocation
Event: 89,483 Executing VM operation: ParallelGCFailedAllocation done
Event: 91,846 Executing VM operation: ParallelGCFailedAllocation
Event: 91,875 Executing VM operation: ParallelGCFailedAllocation done
Event: 94,665 Executing VM operation: ParallelGCFailedAllocation


Dynamic libraries:
08048000-08049000 r-xp 00000000 08:01 153314     /usr/lib/jvm/java-7-openjdk-i386/jre/bin/java
08049000-0804a000 r--p 00000000 08:01 153314     /usr/lib/jvm/java-7-openjdk-i386/jre/bin/java
0804a000-0804b000 rw-p 00001000 08:01 153314     /usr/lib/jvm/java-7-openjdk-i386/jre/bin/java
09b8c000-09c16000 rw-p 00000000 00:00 0          [heap]
4001c000-4003c000 r-xp 00000000 08:01 14543      /lib/i386-linux-gnu/ld-2.19.so
4003c000-4003d000 r--p 0001f000 08:01 14543      /lib/i386-linux-gnu/ld-2.19.so
4003d000-4003e000 rw-p 00020000 08:01 14543      /lib/i386-linux-gnu/ld-2.19.so
4003e000-40040000 r--p 00000000 00:00 0          [vvar]
40040000-40042000 r-xp 00000000 00:00 0          [vdso]
40042000-40045000 rw-p 00000000 00:00 0 
40045000-40051000 r-xp 00000000 08:01 156062     /usr/lib/jvm/java-7-openjdk-i386/jre/lib/i386/jli/libjli.so
40051000-40052000 r--p 0000c000 08:01 156062     /usr/lib/jvm/java-7-openjdk-i386/jre/lib/i386/jli/libjli.so
40052000-40053000 rw-p 0000d000 08:01 156062     /usr/lib/jvm/java-7-openjdk-i386/jre/lib/i386/jli/libjli.so
40053000-40061000 r-xp 00000000 08:01 153348     /usr/lib/jvm/java-7-openjdk-i386/jre/lib/i386/libverify.so
40061000-40062000 r--p 0000d000 08:01 153348     /usr/lib/jvm/java-7-openjdk-i386/jre/lib/i386/libverify.so
40062000-40063000 rw-p 0000e000 08:01 153348     /usr/lib/jvm/java-7-openjdk-i386/jre/lib/i386/libverify.so
40063000-40064000 ---p 00000000 00:00 0 
40064000-40065000 rw-p 00000000 00:00 0 
40065000-40066000 r--p 003f0000 08:01 135305     /usr/lib/locale/locale-archive
40066000-40068000 r--s 00006000 08:01 264456     /usr/share/java/java-atk-wrapper.jar
40068000-40069000 r--s 00002000 08:01 157113     /usr/lib/jvm/java-7-openjdk-i386/jre/lib/ext/dnsns.jar
40069000-40211000 r-xp 00000000 08:01 15546      /lib/i386-linux-gnu/libc-2.19.so
40211000-40212000 ---p 001a8000 08:01 15546      /lib/i386-linux-gnu/libc-2.19.so
40212000-40214000 r--p 001a8000 08:01 15546      /lib/i386-linux-gnu/libc-2.19.so
40214000-40215000 rw-p 001aa000 08:01 15546      /lib/i386-linux-gnu/libc-2.19.so
40215000-40218000 rw-p 00000000 00:00 0 
40218000-4021b000 r-xp 00000000 08:01 14529      /lib/i386-linux-gnu/libdl-2.19.so
4021b000-4021c000 r--p 00002000 08:01 14529      /lib/i386-linux-gnu/libdl-2.19.so
4021c000-4021d000 rw-p 00003000 08:01 14529      /lib/i386-linux-gnu/libdl-2.19.so
4021d000-40235000 r-xp 00000000 08:01 14539      /lib/i386-linux-gnu/libpthread-2.19.so
40235000-40236000 r--p 00018000 08:01 14539      /lib/i386-linux-gnu/libpthread-2.19.so
40236000-40237000 rw-p 00019000 08:01 14539      /lib/i386-linux-gnu/libpthread-2.19.so
40237000-40239000 rw-p 00000000 00:00 0 
40239000-40251000 r-xp 00000000 08:01 8166       /lib/i386-linux-gnu/libz.so.1.2.8
40251000-40252000 r--p 00017000 08:01 8166       /lib/i386-linux-gnu/libz.so.1.2.8
40252000-40253000 rw-p 00018000 08:01 8166       /lib/i386-linux-gnu/libz.so.1.2.8
40253000-40255000 rw-p 00000000 00:00 0 
40255000-40c52000 r-xp 00000000 08:01 155344     /usr/lib/jvm/java-7-openjdk-i386/jre/lib/i386/server/libjvm.so
40c52000-40c53000 ---p 009fd000 08:01 155344     /usr/lib/jvm/java-7-openjdk-i386/jre/lib/i386/server/libjvm.so
40c53000-40ca5000 r--p 009fd000 08:01 155344     /usr/lib/jvm/java-7-openjdk-i386/jre/lib/i386/server/libjvm.so
40ca5000-40cb9000 rw-p 00a4f000 08:01 155344     /usr/lib/jvm/java-7-openjdk-i386/jre/lib/i386/server/libjvm.so
40cb9000-410d6000 rw-p 00000000 00:00 0 
410d6000-411b2000 r-xp 00000000 08:01 134510     /usr/lib/i386-linux-gnu/libstdc++.so.6.0.19
411b2000-411b6000 r--p 000dc000 08:01 134510     /usr/lib/i386-linux-gnu/libstdc++.so.6.0.19
411b6000-411b7000 rw-p 000e0000 08:01 134510     /usr/lib/i386-linux-gnu/libstdc++.so.6.0.19
411b7000-411be000 rw-p 00000000 00:00 0 
411be000-41202000 r-xp 00000000 08:01 14525      /lib/i386-linux-gnu/libm-2.19.so
41202000-41203000 r--p 00043000 08:01 14525      /lib/i386-linux-gnu/libm-2.19.so
41203000-41204000 rw-p 00044000 08:01 14525      /lib/i386-linux-gnu/libm-2.19.so
41204000-41220000 r-xp 00000000 08:01 3513       /lib/i386-linux-gnu/libgcc_s.so.1
41220000-41221000 rw-p 0001b000 08:01 3513       /lib/i386-linux-gnu/libgcc_s.so.1
41221000-41224000 ---p 00000000 00:00 0 
41224000-41272000 rw-p 00000000 00:00 0 
41272000-41279000 r-xp 00000000 08:01 15543      /lib/i386-linux-gnu/librt-2.19.so
41279000-4127a000 r--p 00006000 08:01 15543      /lib/i386-linux-gnu/librt-2.19.so
4127a000-4127b000 rw-p 00007000 08:01 15543      /lib/i386-linux-gnu/librt-2.19.so
4127b000-412a2000 r-xp 00000000 08:01 153804     /usr/lib/jvm/java-7-openjdk-i386/jre/lib/i386/libjava.so
412a2000-412a3000 r--p 00026000 08:01 153804     /usr/lib/jvm/java-7-openjdk-i386/jre/lib/i386/libjava.so
412a3000-412a4000 rw-p 00027000 08:01 153804     /usr/lib/jvm/java-7-openjdk-i386/jre/lib/i386/libjava.so
412a4000-412ac000 rw-s 00000000 08:01 532645     /tmp/hsperfdata_salas/13783
412ac000-412b4000 r-xp 00000000 08:01 157083     /usr/lib/jvm/java-7-openjdk-i386/jre/lib/i386/libzip.so
412b4000-412b5000 r--p 00007000 08:01 157083     /usr/lib/jvm/java-7-openjdk-i386/jre/lib/i386/libzip.so
412b5000-412b6000 rw-p 00008000 08:01 157083     /usr/lib/jvm/java-7-openjdk-i386/jre/lib/i386/libzip.so
412b6000-412ba000 r--s 00034000 08:01 157112     /usr/lib/jvm/java-7-openjdk-i386/jre/lib/ext/sunjce_provider.jar
412ba000-412c1000 r-xp 00000000 08:01 14535      /lib/i386-linux-gnu/libnss_compat-2.19.so
412c1000-412c2000 r--p 00006000 08:01 14535      /lib/i386-linux-gnu/libnss_compat-2.19.so
412c2000-412c3000 rw-p 00007000 08:01 14535      /lib/i386-linux-gnu/libnss_compat-2.19.so
412c3000-412d8000 r-xp 00000000 08:01 14537      /lib/i386-linux-gnu/libnsl-2.19.so
412d8000-412d9000 r--p 00015000 08:01 14537      /lib/i386-linux-gnu/libnsl-2.19.so
412d9000-412da000 rw-p 00016000 08:01 14537      /lib/i386-linux-gnu/libnsl-2.19.so
412da000-412dc000 rw-p 00000000 00:00 0 
412dc000-412e6000 r-xp 00000000 08:01 14727      /lib/i386-linux-gnu/libnss_nis-2.19.so
412e6000-412e7000 r--p 00009000 08:01 14727      /lib/i386-linux-gnu/libnss_nis-2.19.so
412e7000-412e8000 rw-p 0000a000 08:01 14727      /lib/i386-linux-gnu/libnss_nis-2.19.so
412e8000-412f2000 r-xp 00000000 08:01 15585      /lib/i386-linux-gnu/libnss_files-2.19.so
412f2000-412f3000 r--p 00009000 08:01 15585      /lib/i386-linux-gnu/libnss_files-2.19.so
412f3000-412f4000 rw-p 0000a000 08:01 15585      /lib/i386-linux-gnu/libnss_files-2.19.so
412f4000-412f8000 r--s 00085000 08:01 157111     /usr/lib/jvm/java-7-openjdk-i386/jre/lib/ext/localedata.jar
412f8000-412fb000 r--s 0000f000 08:01 157110     /usr/lib/jvm/java-7-openjdk-i386/jre/lib/ext/icedtea-sound.jar
412fb000-412fd000 r--s 00012000 08:01 157115     /usr/lib/jvm/java-7-openjdk-i386/jre/lib/ext/zipfs.jar
412fd000-41300000 r--s 0003d000 08:01 157107     /usr/lib/jvm/java-7-openjdk-i386/jre/lib/ext/sunpkcs11.jar
41300000-413fe000 rw-p 00000000 00:00 0 
413fe000-41400000 ---p 00000000 00:00 0 
41400000-41650000 rwxp 00000000 00:00 0 
41650000-44400000 rw-p 00000000 00:00 0 
44400000-4440a000 rw-p 00000000 00:00 0 
4440a000-444c0000 rw-p 00000000 00:00 0 
444c0000-454c0000 rw-p 00000000 00:00 0 
454c0000-4c4c0000 rw-p 00000000 00:00 0 
4c4c0000-4d9c0000 rw-p 00000000 00:00 0 
4d9c0000-61a00000 rw-p 00000000 00:00 0 
61a00000-69dc0000 rw-p 00000000 00:00 0 
69dc0000-69de6000 r--p 00000000 08:01 282017     /usr/share/locale-langpack/es/LC_MESSAGES/libc.mo
69de6000-69ded000 r--s 00000000 08:01 142490     /usr/lib/i386-linux-gnu/gconv/gconv-modules.cache
6a0c0000-6c4c0000 rw-p 00000000 00:00 0 
6c4c0000-6c4c8000 rw-p 00000000 00:00 0 
6c4c8000-6c500000 rw-p 00000000 00:00 0 
6c500000-6c50b000 rw-p 00000000 00:00 0 
6c50b000-6c5aa000 rw-p 00000000 00:00 0 
6c5aa000-6c5ed000 rw-p 00000000 00:00 0 
6c5ed000-6c600000 rw-p 00000000 00:00 0 
6c600000-6c60c000 rw-p 00000000 00:00 0 
6c60c000-6c6ac000 rw-p 00000000 00:00 0 
6c6ac000-6c6b4000 rw-p 00000000 00:00 0 
6c6b4000-6c6ec000 rw-p 00000000 00:00 0 
6c6ec000-6c6ed000 ---p 00000000 00:00 0 
6c6ed000-6c76d000 rw-p 00000000 00:00 0 
6c76d000-6c76e000 ---p 00000000 00:00 0 
6c76e000-6c7fd000 rw-p 00000000 00:00 0 
6c7fd000-6c7ff000 r--s 00007000 08:01 534740     /home/salas/Tic-Tac-Toe/axis-1_4/lib/axis-ant.jar
6c7ff000-6c800000 r--s 00004000 08:01 534747     /home/salas/Tic-Tac-Toe/axis-1_4/lib/saaj.jar
6c800000-6c8f5000 rw-p 00000000 00:00 0 
6c8f5000-6c900000 ---p 00000000 00:00 0 
6c900000-6c9f9000 rw-p 00000000 00:00 0 
6c9f9000-6ca00000 ---p 00000000 00:00 0 
6ca00000-6ca01000 ---p 00000000 00:00 0 
6ca01000-6cadc000 rw-p 00000000 00:00 0 
6cadc000-6cade000 r--s 00008000 08:01 534743     /home/salas/Tic-Tac-Toe/axis-1_4/lib/commons-logging-1.0.4.jar
6cade000-6caf2000 r--s 00173000 08:01 534741     /home/salas/Tic-Tac-Toe/axis-1_4/lib/axis.jar
6caf2000-6caf4000 r--s 00006000 08:01 534744     /home/salas/Tic-Tac-Toe/axis-1_4/lib/jaxrpc.jar
6caf4000-6caf7000 r--s 0000f000 08:01 534742     /home/salas/Tic-Tac-Toe/axis-1_4/lib/commons-discovery-0.2.jar
6caf7000-6caff000 r--s 0004f000 08:01 534745     /home/salas/Tic-Tac-Toe/axis-1_4/lib/log4j-1.2.8.jar
6caff000-6cb00000 r--s 00000000 08:01 535514     /home/salas/Tic-Tac-Toe/common/common.jar
6cb00000-6cb21000 rw-p 00000000 00:00 0 
6cb21000-6cc00000 ---p 00000000 00:00 0 
6cc00000-6e280000 rw-p 00000000 00:00 0 
6e280000-6e433000 r--s 01d3d000 08:01 153330     /usr/lib/jvm/java-7-openjdk-i386/jre/lib/rt.jar
6e433000-6e47c000 rw-p 00000000 00:00 0 
6e47c000-6e47d000 ---p 00000000 00:00 0 
6e47d000-6e4fd000 rw-p 00000000 00:00 0 
6e4fd000-6e500000 r--s 0001c000 08:01 534748     /home/salas/Tic-Tac-Toe/axis-1_4/lib/wsdl4j-1.5.1.jar
6e500000-6e600000 rw-p 00000000 00:00 0 
6e600000-6e621000 rw-p 00000000 00:00 0 
6e621000-6e700000 ---p 00000000 00:00 0 
6e700000-6e703000 ---p 00000000 00:00 0 
6e703000-6e751000 rw-p 00000000 00:00 0 
6e751000-6e754000 ---p 00000000 00:00 0 
6e754000-6e7a2000 rw-p 00000000 00:00 0 
6e7a2000-6e9a2000 r--p 00000000 08:01 135305     /usr/lib/locale/locale-archive
6e9a2000-6ead3000 r--p 00188000 08:01 135305     /usr/lib/locale/locale-archive
6ead3000-6ead6000 ---p 00000000 00:00 0 
6ead6000-6eb24000 rw-p 00000000 00:00 0 
6eb24000-6eb27000 ---p 00000000 00:00 0 
6eb27000-6eba5000 rw-p 00000000 00:00 0 
6eba5000-6eba8000 ---p 00000000 00:00 0 
6eba8000-6ec26000 rw-p 00000000 00:00 0 
6ec26000-6ec29000 ---p 00000000 00:00 0 
6ec29000-6ec77000 rw-p 00000000 00:00 0 
6ec77000-6ec78000 ---p 00000000 00:00 0 
6ec78000-6ecf8000 rw-p 00000000 00:00 0 
6ecf8000-6ecfe000 r--s 00051000 08:01 532650     /home/salas/Tic-Tac-Toe/axis-1_4/lib/mail.jar
6ecfe000-6ed00000 r--s 0000c000 08:01 532651     /home/salas/Tic-Tac-Toe/axis-1_4/lib/activation.jar
6ed00000-6ee00000 rw-p 00000000 00:00 0 
6ee00000-6ee01000 r--s 00000000 08:01 433313     /home/salas/Tic-Tac-Toe/server/server.jar
6ee01000-6ee19000 r-xp 00000000 08:01 156358     /usr/lib/jvm/java-7-openjdk-i386/jre/lib/i386/libnet.so
6ee19000-6ee1a000 r--p 00017000 08:01 156358     /usr/lib/jvm/java-7-openjdk-i386/jre/lib/i386/libnet.so
6ee1a000-6ee1b000 rw-p 00018000 08:01 156358     /usr/lib/jvm/java-7-openjdk-i386/jre/lib/i386/libnet.so
6ee1b000-6ee25000 r--s 000ae000 08:01 153332     /usr/lib/jvm/java-7-openjdk-i386/jre/lib/resources.jar
6ee25000-6ee29000 r--s 0004f000 08:01 157088     /usr/lib/jvm/java-7-openjdk-i386/jre/lib/jsse.jar
6ee29000-6ee2b000 r--s 00018000 08:01 153328     /usr/lib/jvm/java-7-openjdk-i386/jre/lib/jce.jar
6ee31000-6efae000 r-xp 00000000 08:01 142363     /usr/lib/i386-linux-gnu/libgio-2.0.so.0.4002.0
6efae000-6efb0000 r--p 0017d000 08:01 142363     /usr/lib/i386-linux-gnu/libgio-2.0.so.0.4002.0
6efb0000-6efb1000 rw-p 0017f000 08:01 142363     /usr/lib/i386-linux-gnu/libgio-2.0.so.0.4002.0
6efb1000-6efb2000 rw-p 00000000 00:00 0 
6efb2000-6f002000 r-xp 00000000 08:01 138694     /usr/lib/i386-linux-gnu/libgobject-2.0.so.0.4002.0
6f002000-6f003000 r--p 0004f000 08:01 138694     /usr/lib/i386-linux-gnu/libgobject-2.0.so.0.4002.0
6f003000-6f004000 rw-p 00050000 08:01 138694     /usr/lib/i386-linux-gnu/libgobject-2.0.so.0.4002.0
6f004000-6f10e000 r-xp 00000000 08:01 25359      /lib/i386-linux-gnu/libglib-2.0.so.0.4002.0
6f10e000-6f10f000 r--p 00109000 08:01 25359      /lib/i386-linux-gnu/libglib-2.0.so.0.4002.0
6f10f000-6f110000 rw-p 0010a000 08:01 25359      /lib/i386-linux-gnu/libglib-2.0.so.0.4002.0
6f110000-6f113000 r-xp 00000000 08:01 142365     /usr/lib/i386-linux-gnu/libgmodule-2.0.so.0.4002.0
6f113000-6f114000 r--p 00002000 08:01 142365     /usr/lib/i386-linux-gnu/libgmodule-2.0.so.0.4002.0
6f114000-6f115000 rw-p 00003000 08:01 142365     /usr/lib/i386-linux-gnu/libgmodule-2.0.so.0.4002.0
6f115000-6f135000 r-xp 00000000 08:01 6340       /lib/i386-linux-gnu/libselinux.so.1
6f135000-6f136000 r--p 0001f000 08:01 6340       /lib/i386-linux-gnu/libselinux.so.1
6f136000-6f137000 rw-p 00020000 08:01 6340       /lib/i386-linux-gnu/libselinux.so.1
6f137000-6f138000 rw-p 00000000 00:00 0 
6f138000-6f14b000 r-xp 00000000 08:01 14521      /lib/i386-linux-gnu/libresolv-2.19.so
6f14b000-6f14c000 ---p 00013000 08:01 14521      /lib/i386-linux-gnu/libresolv-2.19.so
6f14c000-6f14d000 r--p 00013000 08:01 14521      /lib/i386-linux-gnu/libresolv-2.19.so
6f14d000-6f14e000 rw-p 00014000 08:01 14521      /lib/i386-linux-gnu/libresolv-2.19.so
6f14e000-6f150000 rw-p 00000000 00:00 0 
6f150000-6f155000 r-xp 00000000 08:01 131155     /usr/lib/i386-linux-gnu/libffi.so.6.0.1
6f155000-6f156000 r--p 00005000 08:01 131155     /usr/lib/i386-linux-gnu/libffi.so.6.0.1
6f156000-6f157000 rw-p 00006000 08:01 131155     /usr/lib/i386-linux-gnu/libffi.so.6.0.1
6f157000-6f193000 r-xp 00000000 08:01 11367      /lib/i386-linux-gnu/libpcre.so.3.13.1
6f193000-6f194000 r--p 0003b000 08:01 11367      /lib/i386-linux-gnu/libpcre.so.3.13.1
6f194000-6f195000 rw-p 0003c000 08:01 11367      /lib/i386-linux-gnu/libpcre.so.3.13.1
6f195000-6f1a6000 r-xp 00000000 08:01 156613     /usr/lib/jvm/java-7-openjdk-i386/jre/lib/i386/libnio.so
6f1a6000-6f1a7000 r--p 00010000 08:01 156613     /usr/lib/jvm/java-7-openjdk-i386/jre/lib/i386/libnio.so
6f1a7000-6f1a8000 rw-p 00011000 08:01 156613     /usr/lib/jvm/java-7-openjdk-i386/jre/lib/i386/libnio.so
6f200000-6f269000 rw-p 00000000 00:00 0 
6f269000-6f300000 ---p 00000000 00:00 0 
6f300000-6f3f6000 rw-p 00000000 00:00 0 
6f3f6000-6f400000 ---p 00000000 00:00 0 
6f400000-6f4f8000 rw-p 00000000 00:00 0 
6f4f8000-6f500000 ---p 00000000 00:00 0 
6f500000-6f5f4000 rw-p 00000000 00:00 0 
6f5f4000-6f600000 ---p 00000000 00:00 0 
6f600000-6f6f9000 rw-p 00000000 00:00 0 
6f6f9000-6f700000 ---p 00000000 00:00 0 
6f700000-6f7fd000 rw-p 00000000 00:00 0 
6f7fd000-6f800000 ---p 00000000 00:00 0 
6f800000-6f8fc000 rw-p 00000000 00:00 0 
6f8fc000-6f900000 ---p 00000000 00:00 0 
6f900000-6f9f8000 rw-p 00000000 00:00 0 
6f9f8000-6fa00000 ---p 00000000 00:00 0 
6fa00000-6fafd000 rw-p 00000000 00:00 0 
6fafd000-6fb00000 ---p 00000000 00:00 0 
6fb00000-6fc00000 rw-p 00000000 00:00 0 
6fc00000-6fcf6000 rw-p 00000000 00:00 0 
6fcf6000-6fd00000 ---p 00000000 00:00 0 
6fd00000-6fde2000 rw-p 00000000 00:00 0 
6fde2000-6fe00000 ---p 00000000 00:00 0 
6ff00000-6fffb000 rw-p 00000000 00:00 0 
6fffb000-70000000 ---p 00000000 00:00 0 
70000000-70200000 rw-p 00000000 00:00 0 
70300000-703dc000 rw-p 00000000 00:00 0 
703dc000-70400000 ---p 00000000 00:00 0 
70400000-70500000 rw-p 00000000 00:00 0 
bfe6a000-bfe6b000 rwxp 00000000 00:00 0 
bfe9c000-bfebe000 rw-p 00000000 00:00 0          [stack]

VM Arguments:
jvm_args: -Duser.dir=/home/salas/Tic-Tac-Toe/server/../axis-1_4/ 
java_command: org.apache.axis.transport.http.SimpleAxisServer -p 8888
Launcher Type: SUN_STANDARD

Environment Variables:
JAVA_HOME=/usr/lib/jvm/jdk1.8.0_131/
PATH=.:/usr/local/sbin:/usr/local/bin:/usr/sbin:/usr/bin:/sbin:/bin:/usr/games:/usr/local/games
SHELL=/bin/bash
DISPLAY=:0.0

Signal Handlers:
SIGSEGV: [libjvm.so+0x8191e0], sa_mask[0]=0x7ffbfeff, sa_flags=0x10000004
SIGBUS: [libjvm.so+0x8191e0], sa_mask[0]=0x7ffbfeff, sa_flags=0x10000004
SIGFPE: [libjvm.so+0x68ddb0], sa_mask[0]=0x7ffbfeff, sa_flags=0x10000004
SIGPIPE: [libjvm.so+0x68ddb0], sa_mask[0]=0x7ffbfeff, sa_flags=0x10000004
SIGXFSZ: [libjvm.so+0x68ddb0], sa_mask[0]=0x7ffbfeff, sa_flags=0x10000004
SIGILL: [libjvm.so+0x68ddb0], sa_mask[0]=0x7ffbfeff, sa_flags=0x10000004
SIGUSR1: SIG_DFL, sa_mask[0]=0x00000000, sa_flags=0x00000000
SIGUSR2: [libjvm.so+0x68df10], sa_mask[0]=0x00000000, sa_flags=0x10000004
SIGHUP: [libjvm.so+0x68de70], sa_mask[0]=0x7ffbfeff, sa_flags=0x10000004
SIGINT: [libjvm.so+0x68de70], sa_mask[0]=0x7ffbfeff, sa_flags=0x10000004
SIGTERM: [libjvm.so+0x68de70], sa_mask[0]=0x7ffbfeff, sa_flags=0x10000004
SIGQUIT: [libjvm.so+0x68de70], sa_mask[0]=0x7ffbfeff, sa_flags=0x10000004
SIGTRAP: SIG_DFL, sa_mask[0]=0x00000000, sa_flags=0x00000000


---------------  S Y S T E M  ---------------

OS:Ubuntu 14.04 (trusty)
uname:Linux 3.19.0-68-generic #76~14.04.1-Ubuntu SMP Fri Aug 12 11:47:02 UTC 2016 i686
libc:glibc 2.19 NPTL 2.19 
rlimit: STACK infinity, CORE infinity, NPROC 15961, NOFILE 4096, AS infinity
load average:1,45 1,83 1,61

/proc/meminfo:
MemTotal:        2063044 kB
MemFree:          113508 kB
MemAvailable:      62720 kB
Buffers:             792 kB
Cached:            44392 kB
SwapCached:            0 kB
Active:          1818504 kB
Inactive:          35580 kB
Active(anon):    1810448 kB
Inactive(anon):    21092 kB
Active(file):       8056 kB
Inactive(file):    14488 kB
Unevictable:           0 kB
Mlocked:               0 kB
HighTotal:       1183624 kB
HighFree:          14076 kB
LowTotal:         879420 kB
LowFree:           99432 kB
SwapTotal:             0 kB
SwapFree:              0 kB
Dirty:               164 kB
Writeback:             0 kB
AnonPages:       1809372 kB
Mapped:            38148 kB
Shmem:             22108 kB
Slab:              36092 kB
SReclaimable:      15672 kB
SUnreclaim:        20420 kB
KernelStack:        4080 kB
PageTables:        10672 kB
NFS_Unstable:          0 kB
Bounce:                0 kB
WritebackTmp:          0 kB
CommitLimit:     1031520 kB
Committed_AS:    4048388 kB
VmallocTotal:     122880 kB
VmallocUsed:       23804 kB
VmallocChunk:      96128 kB
AnonHugePages:    780288 kB
CmaTotal:              0 kB
CmaFree:               0 kB
HugePages_Total:       0
HugePages_Free:        0
HugePages_Rsvd:        0
HugePages_Surp:        0
Hugepagesize:       2048 kB
DirectMap4k:       49144 kB
DirectMap2M:      864256 kB


CPU:total 3 (3 cores per cpu, 1 threads per core) family 6 model 78 stepping 3, cmov, cx8, fxsr, mmx, sse, sse2, sse3, ssse3, sse4.1, sse4.2, popcnt, avx, aes, erms, tsc, tscinvbit

/proc/cpuinfo:
processor	: 0
vendor_id	: GenuineIntel
cpu family	: 6
model		: 78
model name	: Intel(R) Core(TM) i5-6200U CPU @ 2.30GHz
stepping	: 3
microcode	: 0x8a
cpu MHz		: 2400.002
cache size	: 3072 KB
physical id	: 0
siblings	: 3
core id		: 0
cpu cores	: 3
apicid		: 0
initial apicid	: 0
fdiv_bug	: no
f00f_bug	: no
coma_bug	: no
fpu		: yes
fpu_exception	: yes
cpuid level	: 22
wp		: yes
flags		: fpu vme de pse tsc msr pae mce cx8 apic sep mtrr pge mca cmov pat pse36 clflush dts mmx fxsr sse sse2 ss ht nx pdpe1gb rdtscp lm constant_tsc arch_perfmon pebs bts xtopology tsc_reliable nonstop_tsc aperfmperf pni pclmulqdq ssse3 fma cx16 pcid sse4_1 sse4_2 x2apic movbe popcnt aes xsave avx f16c rdrand hypervisor lahf_lm 3dnowprefetch ida arat epb pln pts dtherm hwp hwp_noitfy hwp_act_window hwp_epp fsgsbase smep
bugs		:
bogomips	: 4800.00
clflush size	: 64
cache_alignment	: 64
address sizes	: 40 bits physical, 48 bits virtual
power management:

processor	: 1
vendor_id	: GenuineIntel
cpu family	: 6
model		: 78
model name	: Intel(R) Core(TM) i5-6200U CPU @ 2.30GHz
stepping	: 3
microcode	: 0x8a
cpu MHz		: 2400.002
cache size	: 3072 KB
physical id	: 0
siblings	: 3
core id		: 1
cpu cores	: 3
apicid		: 1
initial apicid	: 1
fdiv_bug	: no
f00f_bug	: no
coma_bug	: no
fpu		: yes
fpu_exception	: yes
cpuid level	: 22
wp		: yes
flags		: fpu vme de pse tsc msr pae mce cx8 apic sep mtrr pge mca cmov pat pse36 clflush dts mmx fxsr sse sse2 ss ht nx pdpe1gb rdtscp lm constant_tsc arch_perfmon pebs bts xtopology tsc_reliable nonstop_tsc aperfmperf pni pclmulqdq ssse3 fma cx16 pcid sse4_1 sse4_2 x2apic movbe popcnt aes xsave avx f16c rdrand hypervisor lahf_lm 3dnowprefetch ida arat epb pln pts dtherm hwp hwp_noitfy hwp_act_window hwp_epp fsgsbase smep
bugs		:
bogomips	: 4800.00
clflush size	: 64
cache_alignment	: 64
address sizes	: 40 bits physical, 48 bits virtual
power management:

processor	: 2
vendor_id	: GenuineIntel
cpu family	: 6
model		: 78
model name	: Intel(R) Core(TM) i5-6200U CPU @ 2.30GHz
stepping	: 3
microcode	: 0x8a
cpu MHz		: 2400.002
cache size	: 3072 KB
physical id	: 0
siblings	: 3
core id		: 2
cpu cores	: 3
apicid		: 2
initial apicid	: 2
fdiv_bug	: no
f00f_bug	: no
coma_bug	: no
fpu		: yes
fpu_exception	: yes
cpuid level	: 22
wp		: yes
flags		: fpu vme de pse tsc msr pae mce cx8 apic sep mtrr pge mca cmov pat pse36 clflush dts mmx fxsr sse sse2 ss ht nx pdpe1gb rdtscp lm constant_tsc arch_perfmon pebs bts xtopology tsc_reliable nonstop_tsc aperfmperf pni pclmulqdq ssse3 fma cx16 pcid sse4_1 sse4_2 x2apic movbe popcnt aes xsave avx f16c rdrand hypervisor lahf_lm 3dnowprefetch ida arat epb pln pts dtherm hwp hwp_noitfy hwp_act_window hwp_epp fsgsbase smep
bugs		:
bogomips	: 4800.00
clflush size	: 64
cache_alignment	: 64
address sizes	: 40 bits physical, 48 bits virtual
power management:



Memory: 4k page, physical 2063044k(113508k free), swap 0k(0k free)

vm_info: OpenJDK Server VM (24.111-b01) for linux-x86 JRE (1.7.0_111-b01), built on Aug 12 2016 05:32:15 by "buildd" with gcc 4.8.4

time: Thu May 18 18:04:15 2017
elapsed time: 94 seconds

